thread:  1    11.25 sec              DES:     2               NT:     3              MD5:     7           SHA256:     2           SHA512:     1         YESCRYPT:     2    GOST_YESCRYPT:     3           BCRYPT:     3  total:       23  failed:        4
thread: 19    11.52 sec              DES:     3               NT:     5              MD5:     3           SHA256:     3           SHA512:     2         YESCRYPT:     3    GOST_YESCRYPT:     2           BCRYPT:     3  total:       24  failed:        4
thread:  6    11.56 sec              DES:     0               NT:     2              MD5:     0           SHA256:     2           SHA512:     0         YESCRYPT:     2    GOST_YESCRYPT:     0           BCRYPT:     3  total:        9  failed:        0
thread: 15    12.17 sec              DES:     0               NT:     2              MD5:     0           SHA256:     0           SHA512:     0         YESCRYPT:     1    GOST_YESCRYPT:     1           BCRYPT:     2  total:        6  failed:        2
thread: 11    12.21 sec              DES:     0               NT:     1              MD5:     1           SHA256:     1           SHA512:     0         YESCRYPT:     2    GOST_YESCRYPT:     0           BCRYPT:     3  total:        8  failed:        0
thread:  5    12.31 sec              DES:     0               NT:     1              MD5:     0           SHA256:     2           SHA512:     1         YESCRYPT:     0    GOST_YESCRYPT:     2           BCRYPT:     1  total:        7  failed:        0
thread:  8    12.32 sec              DES:     1               NT:     1              MD5:     1           SHA256:     3           SHA512:     3         YESCRYPT:     3    GOST_YESCRYPT:     2           BCRYPT:     1  total:       15  failed:        3
thread:  3    12.54 sec              DES:     1               NT:     2              MD5:     0           SHA256:     0           SHA512:     1         YESCRYPT:     2    GOST_YESCRYPT:     0           BCRYPT:     1  total:        7  failed:        2
thread: 13    12.67 sec              DES:     1               NT:     0              MD5:     0           SHA256:     3           SHA512:     3         YESCRYPT:     6    GOST_YESCRYPT:     1           BCRYPT:     0  total:       14  failed:        3
thread:  2    12.90 sec              DES:     1               NT:     1              MD5:     0           SHA256:     3           SHA512:     4         YESCRYPT:     2    GOST_YESCRYPT:     1           BCRYPT:     2  total:       14  failed:        3
thread: 12    12.99 sec              DES:     3               NT:     2              MD5:     1           SHA256:     2           SHA512:     1         YESCRYPT:     2    GOST_YESCRYPT:     2           BCRYPT:     2  total:       15  failed:        2
thread: 14    13.23 sec              DES:     0               NT:     2              MD5:     0           SHA256:     0           SHA512:     2         YESCRYPT:     3    GOST_YESCRYPT:     1           BCRYPT:     1  total:        9  failed:        1
thread: 17    13.67 sec              DES:     0               NT:     1              MD5:     1           SHA256:     0           SHA512:     3         YESCRYPT:     1    GOST_YESCRYPT:     0           BCRYPT:     1  total:        7  failed:        3
thread:  4    14.68 sec              DES:     1               NT:     3              MD5:     4           SHA256:     0           SHA512:     3         YESCRYPT:     1    GOST_YESCRYPT:     2           BCRYPT:     3  total:       17  failed:        3
thread: 16    14.95 sec              DES:     0               NT:     1              MD5:     2           SHA256:     2           SHA512:     5         YESCRYPT:     2    GOST_YESCRYPT:     1           BCRYPT:     3  total:       16  failed:        5
thread:  9    18.15 sec              DES:     2               NT:     2              MD5:     2           SHA256:     3           SHA512:     4         YESCRYPT:     1    GOST_YESCRYPT:     4           BCRYPT:     3  total:       21  failed:        3
thread: 10    18.28 sec              DES:     1               NT:     0              MD5:     0           SHA256:     1           SHA512:     1         YESCRYPT:     0    GOST_YESCRYPT:     1           BCRYPT:     2  total:        6  failed:        1
thread:  0    18.30 sec              DES:     0               NT:     0              MD5:     1           SHA256:     0           SHA512:     0         YESCRYPT:     0    GOST_YESCRYPT:     1           BCRYPT:     3  total:        5  failed:        0
thread:  7    18.34 sec              DES:     3               NT:     2              MD5:     0           SHA256:     0           SHA512:     1         YESCRYPT:     1    GOST_YESCRYPT:     3           BCRYPT:     4  total:       14  failed:        5
thread: 18    19.97 sec              DES:     1               NT:     3              MD5:     1           SHA256:     2           SHA512:     1         YESCRYPT:     1    GOST_YESCRYPT:     2           BCRYPT:     2  total:       13  failed:        3
total:  20    19.98 sec              DES:    20               NT:    34              MD5:    24           SHA256:    29           SHA512:    36         YESCRYPT:    35    GOST_YESCRYPT:    29           BCRYPT:    43  total:      250  failed:       47
