*** failed to crack  $3$$bd3702b932ad3642be02b329e1018113
cracked  TREWQ123  $3$$fb27fc0cb7e8917a397cb4961d1cfc9e
cracked  farmdick  $1$thT2GmDz$S/BFuK7PSR6F9LjTSFSxt0
cracked  7232r2d2  $gy$j6T$4HEoU8VmMlhHMFvPtF8Zs7ByRCpsYD4iL7.RumsedY0jqm3YwXgonDLu3N3775dk$9URSkjaD.s.IGlaGkbEuI.j4vblPWJZR84kP4LERDx2
cracked  ju33mi33  $y$j6T$BC6cPC9Ri.nuhbBJMWsGu86L6hDv7aOo4ZqEvD63.ayJM7t4uyTjEJKGZ/wUA3N.$Z2yYDrRvwUJ8HLvKqLkoTpGV5lAsgTe6Rtk.KIx.223
cracked  59122002  $y$j7T$IF6.NF4tHVWfCRBRBstXuyXj76XHbvAxA2FTcWe99WbSGsNFsWfVr.kD2xOe4w9r$96xS7pINcg1gAVDZh9pAncUEY5a/JtI47a5.N7dh566
cracked  gb123456  $1$PEs0JoY1$R3uCG9JafArBjwmGxSmxa0
*** failed to crack  $gy$j6T$gXxYp18xtELft9QM8C6kMv.NGI4cSZTQlchP5N562RH7kDVGgNhSkFNFjEjUori2$bAj9qqLY4Qfu1v1bzng2kF80Kh32wAUYdx..r75az99
cracked  4qJNVt2rxM  $y$j7T$Z5pjZuV5X79Lj6xm5YRZMNxvGznzLu5hLhH6kvqt1UZXiBaIOCAz.Z0Fb.4i1gMQ$7RR75V5TFfa0icjC0jb5mRkuG3qlO.nK8BU0CXuApZB
cracked  099365  $gy$j5T$zxZr3Wv4CAJTPDJDgArcSGfvL/odvDHG3k0CNuO5JAQ4qIyx9RJ8Pb5VgsFk6dGW$uTs.L1K772d7FBJmEvQFo6a596D3hgwn0Vl67v4scD2
cracked  mazur7772330  $6$rounds=1018$KDfLAX4si.sglDRY$FQuQWG0gF2kKvhquterAW/xfBj3iIOz/1JsCy4J267i7mhDioAiR9kP9zK3GI2bPpHHZTg2vU/qM9IfnWyei30
*** failed to crack  $y$j5T$z6/fWxt8jaUi5OLwlViQ2L0.skMQjvsio74upRYvQAp.IeGupTtnxQe8FJnUbuJt$EKXyJqeHCfabOEeKZYz1RAE0LgLIL3eHr78lAOuYzA1
cracked  61586158b  $6$rounds=1126$z.2WNX28F137QV6p$QFY6E6JTwWGe9p8YdYw6WuyvEhjjcd3oJQ5wnOLG5evF4gIManb3KpfAqW7kPJZYOY49WaJDikorA5G9/ZCzk1
cracked  xelp  $y$j5T$RrXOu4n0dMlhof.G7koOTQVncoWq4g6Et/uG/1Pr1OitFpVb8ogecNSLfY1MCoUp$tM1VDPH1UKAfGFaNNsLzBmEDpUGrCqh/NaoYHmm/XM9
cracked  timons  $1$U0QTYlYT$z5MLn7nK7sNvOXWpWOwBp1
cracked  ee26evk4  $gy$j5T$e.kBOHx7fRjLeXJMKi.jM5hWM0hOkhL6CmRc3KkaKMEWbwXBLxbQgFb/xTFdX8k9$mGiYOZMAR9Exz3lNBUuIhMcUQjCgIIO6wNGp2zA4ZR4
cracked  98207765  h3L/mzA5TFRYc
cracked  trish2234  $6$rounds=1468$yyuYiGi4cgWU3tz2$xFe88O8Ch0wAB9BT2K45RHhm.aR80wmuH7gdVERpouCDL1QFgvgAkE1UjN9ZM6tihoRmqA/hoedtNZ.GjtLaC/
cracked  117DEu0t7sAQU  $6$rounds=1066$aoc6vweIDM8C22.b$we3kiYELTOeBMWFzSGsMTw9FN93b4VebMQImg8xjepoVV5zyGCMRkCbT16wwXhoFMw.B/c76w5GqGxF1Utz7D1
cracked  06112008f  $3$$07c0c65d1a5cb3a92085dc36626f252b
cracked  1648204  $y$j5T$Dqhnw/OiwnZlXVagXeC5pBKGI2wvtlOUxowQBW9p9MQq/PWX7a9Qw/Qm1nuNXOUN$nUKyraSIMW2WfHtl8NP4VJdd9QN.eCcdkq1hgIzKTN5
cracked  20269  $6$rounds=1081$SxfSpFgxwd007Rza$jQL.tB9tdQMnST5mt1ldVAAsIOIJ8Sb3Zdb30Lm3D1PWYwdAvpF9DOUaP2qi89YUV5HF1/mYsSFX4WAjJEQbQ1
cracked  naxrob  $3$$1a704bee0625087ca431d8c1f863c058
cracked  1771727  $5$rounds=1388$2F1iavHS.MxrEH8T$4Nvo8NpD1FucQHEEWo5zK5ibnmCxazujYuQW5vM9xpC
cracked  hugs3cel  $6$rounds=1399$i2TthGALly2pmwwO$gN.a5cMFFIkE65n7eYEWjsO1ywxEy/n.IBsfO4yeyyFCCwz.CkGOiGX8YMFqPV7Ik//e3FUnb2Dpbjzg37Es4.
cracked  19713535  $2b$09$p4x9yNnPnkwG5exsj0VjZ.fCOBZen5HWWtIBlfdL386aG7XxLDGoe
cracked  eaglesHallux  $gy$j8T$eBs9V82ZkSPnlAwDQOtyM9jniAuvPTQjZN71QpCoPuJMSKsAr.0rDhhKaFFCxZgF$6iDuVNjVUUXqmrMe.nZ/dtsR1anxGa7NWN7JQ/Huhc/
cracked  ascare  $y$j6T$ohWXxm9Pr958Y5h71y7sMwsf.YK4YvzWkYDAZXupvmntI12I09tQu1VwAtqp5tRc$dg4QLRFGJUTi9.dHd39QH8jBj68d.IBWPGm9SVtsDm7
cracked  U8R264N9  $y$j6T$3NK5aUsmodvcXzGqKt0NcgZr792DeaF7qtTMbaseDuepbPwXxPfWinspXOuWwNj6$ChHcmySK.O00w2Z4hjeH1JWlORO47CCkRiT1PPPzX69
cracked  silica  $3$$35bb3e8145eb3fd0b08884ad009318f9
cracked  whatsupdarth  $6$rounds=1002$zWCRy3boRL7y/H7l$hY2xthHAyX4Ihwoz67XIN7sTrv8PvqmN0Yuil.Xv1e9NbXb4/DEmWgDM4Wr2/NsPxbQ9KWUY2Ko2elCdlyTGL.
cracked  1127Bb6958  $y$j5T$EvxDxMMkgYmwFneryNQjsb8E6FFuU8IQG/eU7W3ohOHTomM685Nbj.i.wl02zRHf$pSyyLw/J7ngFrxN/PqTRSzi9leWxp4DmQHiTI7Aa0B9
cracked  dgeri1986  $1$lvjWURY8$lMFglG4nby85Gikbc9JnV/
cracked  ou8121212  $3$$60527b9432e548002364a7da486d7816
cracked  akiralol  $5$rounds=1290$J94EMUV0yaQ5SlAG$30fjPD6MJ7L3lRJ8hd0MP0OPM8UGiIuYgKWSthvxVt/
cracked  laser1  $3$$015f5200f1038fc647674c5c5a9593bd
cracked  aleebhai  ZVtULgKnDGUu6
cracked  34581740  $y$j6T$E1Gbg.sbKDHg.Sm6/G7oXntzQOmbipdADipqPlvglbB82jEZK.Iqm6nctyZIf8WF$mtJLUOm9RZZli5vpTNZetqnXCldHYRvIZFt.B5Bt0uD
cracked  beerfest2  $2b$07$e1iwobbc4ZWLWkTCQIUacOomDSM5iApIjHQ7XbthXAvcnbKIG9bGm
cracked  06042008  $3$$8713aaf7db27486a7dfc552a9b3904dc
cracked  chickenDingo19964  $y$j6T$XigEyw0hiaY55PrOFgn35i/7R6yamPnm/grLdmhskIZKlaZZxrYNSCx9mIaflgXT$kZbzQy8kzT7x8NafZHJxUb4lf0KSIC6hAEgm4coXz2/
cracked  dig_it14  $6$rounds=1411$4a1E4XbmRW1j6H7V$1jExB5zkECktsvx9jJJwSKGHn0N28rZp4Pdoa93PU0fcl3xe2FWySjXsp2gsWDMdQAyYPSh2U9B3MhTlZoGWX.
*** failed to crack  $2b$07$7gBjhuGUAX9sVTSLIwlOXeT10PEhpzen729xcH1WGXhqIS13eYUE.
cracked  !katrin!  $gy$j6T$07CWpe8AnJ.FGTEq/t55mul7Y16AqXvwyVC713/4WJLWrxZsgViQe6j1WRI28khk$OLGhp.ZH/LB6R6g5A3JJNEJFq4JCGmb988enx7f7LK7
*** failed to crack  $6$rounds=1366$dmAf51dX6asUxh/R$SPjnTQY0VIpW877c2mEOKDDLyysHkOgbtA8TpQp3BNpQ6H3WFH82wyOk7ilJftvK9YhLSrproRL53n0F.DV.X/
cracked  diuham  $y$j5T$LyWXt.BePy9Tmd9Y6Z7q1IsmIhCkWi1G5V/OPDOxI/TsBdD7ljDnjAURXBX5g/LP$QqNgWVtU8.72SfzJt5xAKJJbWAIs38LmvbfCQKf1u22
cracked  whyomixe  $6$rounds=1206$KMWWPEpV6TNK47Wn$yPMrMresTSwArVebV0Df44mEjs6uRJb2X27lGYhtIO0y.Jo.zBUEcdB6aDyNzTEk7B88tnqMgojweoHk4S2.x1
cracked  f.t.a10  $3$$dee144110dd2108d451dbceaed710f9c
cracked  an1998  $1$4JcUIGwk$mh4b9rWzx35h6uP/B9njw0
cracked  Christine58  $y$j5T$rvXuE2o0rcMeK.lXXoLFiyJUdLT5AhGI3.3qhykZvB5mxKLVgmJgVqWulTK.qmOj$WKB3qJLXA0R99xxduX28biox9/V.RfSTocGKXfkRKO9
cracked  divers99  $y$j6T$/XMyAA746TASLn8q9Qf9zEaztwopHYCDLQysf2Ju5ReIMMHEUQTiejHjbeR24ZOr$Vmy0.7iZCs0JNh5RgJoyTV8HrKKubKjBA6szzeNcKm4
cracked  samhain7  $y$j7T$XcMoPHs4S0UXklP4wAA4Can2umHTu/t0irzKH1V7pCY.V6UIdk4QKs8o5LvFMSFS$H5p/xt2mtK6H3A7CzZYBCrMLVRG4dHdxzlg7JjD3jK8
*** failed to crack  $5$rounds=1390$SnIs3/0P4ObebLV0$dI/6zVIJ0cXYe1Zj9lyNjOqbWQ4GDYH9bE7HEJO8Ui0
cracked  REQbWB  $3$$67eef8f74f68e7190334e9c590d411b0
*** failed to crack  $1$53TZ1L7H$ftJhPlPXeHwFyoqjioaQn0
cracked  gaa4j477  $gy$j5T$KABVl7WC666OmkvjBjVysF3zeMu06nzgo66C5X.4T4ZBJ5JbYKjQLzcDkjeSlxr4$/Bx74LaJMTce2Q2ZPywigcN21aHc9HFR0iGyVxxv90A
cracked  snakepit  $2b$08$rGGrfemkr.tOeTB6983QzOD//3UukbX00V2Uh9fg4Q4z0uu4gspiq
cracked  havlick5  $1$FxuMQ2GY$0i/26UkLK7DmDp.mdo6s2.
cracked  19790830T  $3$$c9de48d74a126e72d5a52e0c6238d684
*** failed to crack  izujbtQ3QzR8s
cracked  jss13583  $2b$08$TClZls7y30V/C1FzBkjxCeUA1J5HFqwq7pVWJgLk77LL99wUQ36Za
cracked  lastrun86  $6$rounds=1144$7ycmZMyDp0arKQ03$DEqFqtDzV/eKm2AzpeXT0w38FN9ADcP2EFXNktOw2FNbwZdzNuWXwRAQ9Y8OLnlu8MqTdIjeNnHee8ZwnLd5k/
cracked  9511qaz  U4yeiQKaxAs7w
*** failed to crack  $gy$j5T$8TyZ4yIW.da3uF0x4KQBORt8I9ozVQlNGAUNvK2AcHB2W/5wevVZb5fwouqj3Xxr$bjNu08IDA/JV5Qi9DFm7GWc5SvuZmAMoTpWOBnFtADA
cracked  avantage03  $5$rounds=1353$A7fgbKNLGJksRvvJ$.3/comT5cccgxnif42JfmeYMlthnJrdqfI5w4civUs0
cracked  fooness  $2b$09$OXMMnIEUOfISP0pdMqD51.qTNJxahbqh56nJ5KNrPxzm58CqFHDv2
*** failed to crack  $5$rounds=1107$HWn5J.hRU3pZGf97$cjyS.qi.4zqLIiuwOAmpeqWc8vdxspRQ51QCYVp9ek1
cracked  magnum217  $2b$06$gtT.IN76WZzuLqUvwzpkg.3mrWHuVGF.K4BVUVvt7EQqVwsCWNiFi
cracked  garrgarr  $1$uU2DVirO$dQuKqqayb0gOkeygxgvq90
cracked  trafs2much  $6$rounds=1069$PtLLFDJrHP7Mf8PH$tRJVfGM/z6SZ15zEE8siAvHvqmL84jTjXKsQNxbgBVqkFSOVT4X4s6zqRQNp1XBpa1f4eq9X/Nfp9yHnQhBmH.
cracked  SOULJA12  $3$$939223295f3a05ea22bbba8ec8b56da4
cracked  pistaa  $6$rounds=1144$JSfrFxL8Celu4Fqe$DZH/RcXYHEuhXL.r2yI0eYd1DA4bfCKTnrH5nO3AcS7JkTnY17in/maN5OpJeaBCDcViaLU2sJOrTkZsypS17.
*** failed to crack  C7QK/5a2BNK7w
cracked  frivilyssss  $2b$07$GZV2uyrO6Oq37CTM0h/xPu5UZJ.jul.mDqVb6fnv83TaIOP9hAO6i
cracked  burton2  $2b$06$HGF6gUooL70Dqt5998iIPOdYX4MP.8cqHIQwTwB09OAqHykkrVA7q
cracked  8608530  $5$rounds=1101$YGlKfmUJiEb5ZEDy$xoFgxcVK4sv9PQkJANOjZdlwhi72dKNqAO7lXf/39J2
*** failed to crack  $5$rounds=1008$kbK1lKZBmngcMnjt$68H.qNTEtjlSJ/u7C3x/G6SGMBAnftNBoo6KuO4wM03
cracked  aimbekruzia  $1$SvprVxqN$w/s8KnIbUAPDo3ez819Lo0
*** failed to crack  $6$rounds=1355$f551Izq.AC7iqhLs$LMQs5h4w6qClgOKSTd7wUIK4simirZtr7W6ibeWCBq3xE7wQqo4UyyrK.DQKXEFqpn3RZGMDQXF/w2GpJPHT0/
cracked  777sysop  KYBUzhfyyd4Q.
cracked  plubeh  $2b$07$r8MoYn1EDMkUAMBnAoImIuX/go3.uF1Ri8cVZFk6D4bqGO7nfY4Xy
*** failed to crack  zyZ7qfeX4XWEM
*** failed to crack  $y$j8T$e/MFXuynHOPlDffMyNLLK6JUPIpJv.dqtS2g7lteocjAFcGnroo6e2o6nNSjPJHM$.i5X0LIk2.KWKu7wi43vBi4GVXqOMEY8EMj83ABgUi8
cracked  95536770  $5$rounds=1117$Cw0buQsvbkZsie3/$qSE77XxSz.ZN7eXwELbFmMCMoY6SopyUM8wXnFxvIp6
cracked  105248  $1$x5.YfiUR$CTFVu7a/YOZm8BCfyOmhL/
*** failed to crack  $2b$08$qcEhBGqBKF5q.0NrRp81xOjxyJoaikmAkA5heuO8JAobfMzxMOaaK
cracked  086811  $5$rounds=1101$EKRhDM9swdT0HcUQ$PmWPNfNFJOsO1aG.TEJN1BlxfdeC/53CByOz1lyOGj5
cracked  641dca  N351XCOHY/tEk
*** failed to crack  fGofUib0NgB/g
*** failed to crack  $y$j7T$0NDzI8gZdmbArEQ8XhtP98UfeSR4skERVSNYNwrhou39clQXTms/rUx4cA/wXJuR$EtCoL8s97HuR6TU/SiTz06my5rr5VMvePfBKy5tWhM8
cracked  samhitha  7rnWE9/37TI4c
cracked  gx2278941  $3$$64f87ba3d453981eff025e015b553e11
*** failed to crack  $y$j8T$mNUh58G1PqXZLTnoGpTnSIRwXkxlDMl4Bu.UdZBSwQrcNQO1z2wImEwIvp0XXlPo$qiKcdZBTqSawB1Z.dn1jyzLzSokuDb3cA9nEHElvJX3
cracked  198130  $y$j6T$yzVqGEoWLuKg3cFf6UPrN5m2tPzEYfhazJByfblzFxIK8OJ2LCUJBnKgyJk0wIU0$iEJlgvk.RQ2XO3x7o6tOW3n/6rzb6YKvoOE8.Rj1e7C
cracked  361976  $y$j7T$JmExtYZokF6KWQ2jAO9yj5EmZGf0euFNIx93Zk7ME.EAuj.qnEPssAcP9EUrcGTW$okuRuJq7PlyeNQEzimrgdvq4p3fZQTAtbq3vzyzMi//
*** failed to crack  $2b$06$yQicSCopFALE5we5FO7u.efwSz1XNrh/yUsg6kYB1TgNQXTROqEMW
cracked  491939  qcGfui4lYAUU6
cracked  Stloui  $2b$06$9bWwcdcCYIX9gFawrrrRauH.F2VdJAixOHS39CsPJstTVzCcruKum
*** failed to crack  $5$rounds=1258$MY4L0VxQ7OAbHmi7$oe.YbqXwS4phoxPuASL1WhYhKLqyV4IImjAhD8K0.E4
cracked  blacksnakes  $y$j7T$y2P3FOszPPljKLXQEtsFsxGtfJL8tG2DgqOpSWe/MG62bcxBgK34rD6.I54j1vZJ$MTITjwnkytF0P0eJsW7UWAR9jBxe.tnNGMiLod2sIe8
cracked  56kfsfei  $y$j8T$GUn5QK7VSiBaX9Yr3FVas2Y7mPkpoXbbatyEWlruZjW.oEbat0yymaAVz3.ZzbsL$De.9VfIBH90ECVbyA4UkycAFCzPDWBqLagYC8hHV3C/
cracked  fedorov1988  $gy$j8T$/Tw3zCi6DVG5BtEG0EWUdh3baAkSLO.pobIKJImy1TvGPCLjy0UlY65MLNIQbBKt$BUyZhsj8hBuEtRai0ihfIIpJ1mPz6ajEA8j/3zBFBv/
cracked  e6RqgUNAvctXU  $6$rounds=1426$zSHD85Ut7M/nqpsV$bthuAtXiMOigyDr43m3yIWxHmPiB8xAf0OuV5trJ.mGN8UARYR7UbujYLiB4o58zipv.pzSawcLiaAvPa.9q0/
*** failed to crack  $6$rounds=1358$ce7e61cx8xGoGR85$5DaRKflcQzvFnA4cZ3CBcrnWOvOe5KHIkbbk/2JHEjKB77CpqoGNyi4MxnWle2b.Q0OIu76nllQOOXacvLkIB/
cracked  62166140  $1$5gEw2Laq$lDWz.oS4NL9kKUotdz5St0
*** failed to crack  $gy$j7T$HORqCkvSpP0n/hq8D0MMpLuiXa2RA3npEBKNwTYkHZ.JOpfUKqCIGgwT9yLJ6ub1$CIlBGjxX0jM5/5neODaAIydkXrZsEhohzEAp2hbPSf9
cracked  bobbii  $5$rounds=1005$f3zvSihvWwY7gFqZ$fL2DmJmcAld8VpmqbWTOM2r.WbXmnmTE4a9d5Lb3ZwA
cracked  020395  $gy$j7T$METw9Bw6NMY.seGLq.cdlSuF4WdDmc6zXX8s1KZmgKmZHz/bewWENw4kUdb7C6ug$xrxVkvYnrgWhZjuxxP0Xn8cQRLzDisR7J6OjvbRHhU9
cracked  saida737  $1$eFyV42ay$BDDnbdK4mK3FBchHtJeiu1
cracked  89232635184a  $5$rounds=1458$6YQBqK8wv4hg8TjB$9HGgQ9k7pcGYzSgJGuY4vR4ZnR6UESAgVJew4o.1itA
*** failed to crack  $2b$06$EHFMdxKZq/s3WQRwf/yHa.xtnZVvHqNHY5jYGyqXkV375C3SJ/uJi
cracked  VYqUSoQa  $5$rounds=1335$JpwDRvCvSz/MWOft$h6Ugw9F3qd3GpohCKVJijSIgKQeCMXWUIjFY6HHFYu7
cracked  qmu6554  $6$rounds=1369$4.W6AhOAd4Jd61rm$Jqqlw3y0pr3cmcDTpJ0Ux9RQGCdNKyhNx1syQVosIfeZZWl.uiZ0P1xj3fcqFLq/3HrlrwRAweMBNAZlXMRF.0
cracked  4363I9C4  $gy$j7T$F.gt.JXlhl2vqoyUxPpidtLdQqCDwiwRhwYg2H2fESXT7SDQpCh7PtUVKsTsWDyM$zV9ZnsVBO.Z4WQuBr5cuNgTEDGgZ5PZbtVAZu2LzteC
cracked  teamtmc  $5$rounds=1066$1kOSJ3ZcZ0Thh3fM$BoXxAHSENPb0UeRMUcCFR9wL178z0CWK1.YjR1hyBb/
cracked  Jtyrw29bz  $6$rounds=1132$qdmRARdTtfIkmmj8$0kuE0V9Lsfe41cQhpahopm33y5813bLyw.dM4QHVjruvpmeKtWygBM6O5C/G5.Qr82UqyjVJA3yMPoAs.jjvv1
cracked  sdnewton1  $2b$08$gVlj09tFkMIa775xRVZI3Ol9Wj37/bBQ8M8zZve0fTr7zRcZitIOS
cracked  zappa07  $2b$07$SqSn38yIftZGambLY6yeBOTTYTXyy/RE8KLgDb0QEHLhcAhBHXjo.
cracked  246462  $5$rounds=1283$1UfY6fhRYLDTkcUL$wbJKzDYo615Qyy6vC7Q1NftVDjArLLxJn4a2Sku17Y1
cracked  u1454  $5$rounds=1329$Yy.ygaqCiR9wFtCp$KILxvaPoFGpsDdPPj1nXmD1/cb6IWDgV.PoE8g4dBnC
*** failed to crack  $gy$j5T$KXqmUj.raKZel0TI.ShW4.qJ5Nz9DSr3hGsKES4p5n1PABMLDpKFUcBa91BIWtWZ$lx.UOuXfJDgrsCg4HEIXMq/5fbophZgEAqzpYr0uAoA
cracked  m25071987v  $5$rounds=1311$/96WZIlYjAji2wKh$DOeDizARixIU/zvOmD36bwYH78wzCyeCaL/imTmve3B
cracked  13790066  $2b$07$D4.eal1/Pfc2.Gq3GsaPmOqa9.LfcxdcVs5kHhrOrruC5U1B1hqOi
cracked  3434rew  $3$$21e8b76f2e038f41ab7e66444a8866c0
cracked  nevada51  $gy$j8T$gAYiDNGALMNbvXDO7c9srAHKkFVJWjv9V71jTXFoHEceFsHB1Dg.524xDATsi1.H$CqMb5mWYdpskuhe.iyoZjvWJ8m5UV2buPGECVaiB6f2
*** failed to crack  $6$rounds=1220$qd3nZ.ak9IRb.YNa$Q3RrYR6yKH1uc3io9Fw3bCGM2G34vPcf.rPqa0FSMDMeOiqTpWrAC/paS3ksJkd3Px2tyYXgnwuNBsrH1KmCU0
cracked  09041988i  $gy$j6T$1ypxUFr1tc5u9wah/5eCQMRsslijsC/8qKNXaG0RPlsLP3q95HcYWcLpiLaJJ8p3$4nGTV6cc40jJ38ZvbmpV1jalgaZlZOzoOQOk.IlJ74A
cracked  32lbgufx  $2b$06$QASaupjOeJFV.b9a6w5d6OWTktp4I7kk.v7fQPvA224Mq8ES/eNA2
*** failed to crack  $5$rounds=1212$DaaIPY.vyECsTzRJ$qsrupEf9lQQCO7vMnCsHoYzi/hFV6gO07n/GY53YM.2
cracked  89069080173  $6$rounds=1418$YTY725kRCRfotP/5$mu/hTrAhf9DHyIk2TytZU.N58Ru6fpl3hD1ysw4Wn2gCbj.VKZzcOOYTrM4mYTEOfINLwR8qOv6TidHHAMatW.
cracked  1928jdb  $2b$06$O9kBgIQcauitUnkvOh0v0urrJxDgczm9Q4a4qUIlADPpIiGEEyfNG
cracked  ziggy002  $3$$b4b1c7836663977c654ed6af230b704e
cracked  JEmaQAMExYDI  $3$$5518f72820b73f21009bdc557975729f
cracked  saipi127  $2b$07$Rohxw8UfLz/7P/5UoV23keruDhpeB.cDEo.78kfAXfW.uJlQZCGOa
cracked  marina8  $3$$d27451f4bf7ceaaf4fda3330a2680714
cracked  pozxmnqw  $2b$08$97WA7MefaYYIlJIRB7Y0i.spChYV/4RqaE5AjJR9TFzCn7u0zv52y
cracked  gessicanunes  $3$$0ec4df3c29d5030a776aebc990a34587
cracked  Drgrooms  $2b$08$XiqewY.2DWF/gIkBs8yf3ezh.AQ4Ns4NjWE0Ncu1/0X34Ug6gD.7i
cracked  squee316  $gy$j6T$g9swODPBDOyCZJulBhZ6wfc4Whv7U2Ichan3vvcwj1grHSlVzyg3JVbrwdVMOdem$Mpgkw5gRloGSosS9ZIIMxuXa7gs0Y6ZDcVTxFAHva1A
cracked  Ga6DEm8W  $3$$6563c3c498119096990592b23f4529c5
cracked  anna7976  $5$rounds=1094$VdqUU2ysO6oroi92$.sjHJ6WIxogLrhaogT97az3kLqkk.ktEn4686v19dk/
cracked  03211981  $y$j7T$jDraG0qA/maJL9lsgEJBGV5Wo0OdEHZrK61El4r/WQTCTHIX2kXyNy2jzPCC3Luu$TWuYINnvwXmQLfY4pCEeLzD.Z7Pv3utNLu2vz3LJXA9
*** failed to crack  $3$$b7a11e755a16b64d9b391b1013f9d21a
cracked  25081994  $2b$09$nZKvcQ3HVmtPOJC/wfnSTuW37CGTdYUfvcNEeO.qt9kdN9/41N4Nu
cracked  ilovetitties  $3$$b58293619cc0cd968cffed218cdaeef4
cracked  41386  $6$rounds=1369$mjs89aSV1ZO5eSVW$.Og/8bFC.g1oXeFnVmJHjJzoEtLIUGSzGJfkI8PcvsDprFPZ/z7/zlwrHHFHbufpQ6mW5lIY3jyX7XQ8mEwOb.
cracked  annuta13  $2b$09$CR.DovlbWu/TJLmxQS.GnO9s42dkD9S2i1zEe5DAdsWk4cKeH.pBq
cracked  pvr958  $1$/PwNodvv$6Rpz8zOn1DaD9RdLGOV.S.
cracked  CONYEUME  cU9p8csRqEi06
cracked  314personals  $gy$j5T$iS/GkE660R.E4Kj5983jDALvWWuEkqqye4nx9YwkEELQHkrVphRil8Mhr36E.ihn$NHNKbkxtLfn8SbqznIsnJoYtkBc4tzppddPLTVdwgC1
*** failed to crack  $2b$06$h6CNEuuiIm7j/laQfRjxa.T6L6X9reixt/MIpc2Lkq6w8o8d/8qr6
cracked  killer911  $gy$j5T$IqqHTqTENmVK.ORJW.A6Aghds5dp01DW8Hu7zojj9H2b1YFx7ZlsnrXr9B0lgMoy$0bFm/M1Xp7G82.E4rl9Po4dG3MsvlXgHRB7DyAA8Z12
*** failed to crack  $y$j6T$aHPrceduKZYBsyGIrBgSKB3pSAFjs7kzMRNpfHjF9gX5VZnz5E9DqtBBVK5VYENw$3tUo.WzXGP2xdY71UB7MJbHUoFU0O6VFxjScWBrsxO9
cracked  RollyDog  $5$rounds=1269$deWZL5wMk861eM7j$SjOlYsiqnMmJ1r3uvvMNV3dASSa5CItIUzbxcUI6m63
*** failed to crack  $1$ZDvliKlA$dB2WBCd0tsF5c5qPg5mFY.
cracked  aa1972a1972aa  $2b$08$zGYAjGYTttky.h3uXg47FeqRZu8m5zbphgNx6Z1rsgAK.kdRaqUb.
cracked  nxq3ots7  $6$rounds=1133$5TLrBPCV4x.BCWpF$io.K5nHEJMCarER1wZk9C0ia.3INGgC5jjSEwYMCQr6YkBjS3l2bbxD7wcmF449K6O8gNgRN3I3umI/PIv5Qs0
cracked  rharli  $2b$07$PSIohKopB5JzCc.zLSj/1eJRIM2iadD1r/0OzZm7ymmWj0fPYSnm6
cracked  hunniej  $3$$75b1cbecbf5942129f643d27fa663f54
cracked  miNNemuts  $gy$j5T$kjxPACYsnUIuVqWAx4In4IVA38X0a/zyyDLsXGrcamoEoj22rd865nK7lj3ZViZg$WqbfbWR16Fk1V48X0J32WVgsKy4mStNChPo9HhHrLk2
*** failed to crack  $3$$3c9bce9af68b98f779d6044808e8ffaf
cracked  rjhieyjdfjkz3941  $2b$07$go9ZkLUhkd8UDuAzrynCAOXDS7CLGvjl4udAqr5Z5m7J.1jNZTa0K
cracked  kzlehf  $3$$558754d2ad41d74dbe6936aeb002ecad
cracked  lwallow  $2b$06$vZxkXLDzHQT9vQBkB9EXyu3/RdGyPFQdePhKxoA6g7DJsFOsMJD0u
cracked  edwina  $y$j8T$GL9M6vPJ/2VjpOJqcaUfu7vHeX8z6kO1SYgI/nUhTPNzR3QUh4Ltt4gCf8Z/z8AH$9zUm9ooiTuL4djNfB9lLhmpR/gIYos2JnLoVkSt.L43
cracked  12241207  $2b$06$JsZipELtMGAci1zKJu1GDufxr8l/xUYQRx9vjK/itxosYBXGOdZZq
cracked  georgecrackfox  $3$$3b280703a79d8f74064973330eb1e4be
cracked  NUwRekuX  $6$rounds=1304$RqxZbwwusEwqO.QF$lyZebcFnIpNAe098HBrPJXHsPehpa0CzpEXsxC6.KOpCafrb.Q6Rqj7.F3/vjDjhFykwcNVFh4.47kWWCHE8x.
*** failed to crack  $6$rounds=1069$to5Novss5xECWUSY$LJ.Gu9rTr9innXhmAtUDvXK3ojVrMsYHhdA4Bk9hH5NpHGBSM8SuwDGpGKBN1/mBRXm8HjRiZY/Gptw5m5r7Z/
cracked  cat69690  $y$j8T$YyTtrT14l/pk6FIV6zgL.F7fHIEg9/Bc.FI61CAATLx89GlUIs.Zla.kYswWV7/L$Els4TnM4ednv7qVdNW6w80Lgas3cwuWaY.Nz0ijEVK5
cracked  58586828  $3$$906bb98b8c04f166bbe0230d96b7e289
cracked  7may1983  $2b$07$9k6s/aj/YnudbDrhB6sXyunxzSMRZDPQQRySbPOEVxktHX12DFgp6
cracked  SkbjYak6  $5$rounds=1146$hsReEtNZ5wavXHJK$fHbKoKysraLZUmumCgYzNrWnG/JXOSSfjk4zshxDlO0
cracked  rutra123  $gy$j6T$FF2hqaE7ATAZvjUAa577zqWgVPcp3tCvIWviQCLhVowRf/7hknIS5EkUbfuOtL5a$ALFdrmc7gUz8Oams4t.sDrTUYTvSqYk06zrBVvCa2aA
cracked  3108abben  $6$rounds=1239$QK/N7VPFlmvh4PCX$sTw./.3C/xVMqVGdR0ekRtv5gFvlWwukOnyJ3bMtLxtOy/vi0EzJiRv3d3429AgENGqz8bsdAYIvtjNUkutSd.
cracked  210984m  $5$rounds=1434$TH1gjuUp7ZnHndK5$12NiNxU8xA2J2NlrE57whh3FesugPyuii7fzEK2ed81
cracked  Sivart1  75eoT/9qnvoAY
cracked  mot321  $2b$09$MMPBgVxlE8V00.NIVooh6.ECB25GHlgJQqQIO5VF12CFdYo6S/Mkm
cracked  12121212Aq  $3$$c2ec0eae9931f4dc74c09ec3854683fb
cracked  EKopudirIra  $3$$0ce2c146785babcb361731e92357b2ef
cracked  phnet80  $gy$j5T$puLwxcHbgtf6p5m.HNvsyqRR4UJlAjPSIZxE3vlVWS3ppq2XW6IX/dM4RSvGDH4x$7W1Y4FbeG6JFzT.m8DKFH6fnsiZh3EcMlURwl0/6JB6
cracked  forlp  xPdzctllRZBx6
cracked  281060u  l7cjAk/sZ.jp6
cracked  7468404tit  $y$j8T$uXOa/P57a0gRLZhmcHtztmKCHcBhMlefXBzoifi.qVZJTj7yP88vxIwe06Wtsz9l$in6viGtEB3DbBEp3EZ/4G4ODWMdWK9RF469TbuElP9B
cracked  Casey111  $2b$06$Lz/ZXZabB9zWXekcEGa5aeGB3V1Cu9PpZ4xX.o/PYHWCoaQN6r6JK
cracked  florantynema  $6$rounds=1454$29..sTVCmJhrNIsS$..l2903dyCnH8CoOmWC2/R5bunuNc4IJGJylIFA.cAW8iQVLGSUZNVQlUB1WaFi0v0wpUcC5h2.0ZzEqkAUr4.
cracked  holzplas  $y$j5T$gP6bbft/ojQOmtajGO5FM31.JFGWaXjD320VmUUY7DK.0gZui0/jG9dMZfRl0dKw$6rtyHCzLcG3yMFp0Y1yLc/01ZZyHV3pfCw7khnCUoo8
cracked  adzy3000  $5$rounds=1405$8tPw9ACL2sTDWS3z$Q2vpPs4xsn0BbF1h1s/iv1.I/zarXsZhR74ABccrTU.
cracked  outheo  $5$rounds=1072$TAH6rA2hEtcR36Zs$.XYdLjbAtPkNxQ6GeP23NXBqSnUjEhX7Srro6xfgeJ/
cracked  a28423  $1$B5RGv56P$tCLlK3I/D4alLmGP4oX0v.
cracked  5007876  $gy$j5T$HobCox2zp2bkoEEN207h7KrEzZsPFtiKQ43bXUhxeOKCsxHuVaGfskYXFA.bPGJc$r.KfP9QUIKHyzPDSY.HAEPoYpWoAjPmx79EUoDG5Zu9
*** failed to crack  $1$yfMUQgPl$A7Yo8n8AYIUt5f3UipVYM1
*** failed to crack  $6$rounds=1329$llTeUDxPJCxufJrB$1UTJrRi/oYwR4sONt4573ikKjPapj8XdytyxolmGUob/17usDE8qqP0q3DyVPBqw3.dRKwbWJnCNBN5IK8wVS0
cracked  Moserj9  $6$rounds=1391$s6KB8GdJSaqyJEYp$RsKiYwFwCf6ng09O5ayFYqNm5x36s107FKyyP.00GCgz3hzO5IIHAbtYU7egHDUb1Kb6X5TDNmeo42yJRAwvb/
cracked  vegasboy  $gy$j8T$OBEKFuj9yAnN1gHJC.t5qE8b.E0OxTjUHFVXnn3Sh0b9qKWOmAGFBNz.PybxfvtY$Qp68JnsbmIf30PSnt8Byz4UmXR.W6DhDc/UceE092O.
cracked  456132789  $3$$0fe892c7f094844db46c4600c0678498
cracked  dagger00  $1$xTJbMT/D$LYB0E2v3uruWmeylIo4JO1
cracked  K2525leo50  $gy$j5T$v7t1SsAxDFVIDM9LxFZ3ZmIPwlI/OV9DxqjcEDu3e2bfM60O0HVf8l6EPueaiSlc$5fjpI5nIGFku6EJDK911mVc0uGEbAvFzYenQiAXZuj2
cracked  likamotik  $3$$3262f652fac63aba2cfdd8305006cc6a
cracked  freedombirdie_noob  $1$ab/iuvOU$Gu.jIbfCWfi4Tgv5DApqa1
cracked  s140788  $1$snJkVndY$p/1UZ39UbKN6k7h/bdFcn1
*** failed to crack  $5$rounds=1175$NaIs1Y.yV1xqw37O$2kdm2ZZxMeAPNrSZTCEQGFZt/GJ73FUbJJwr6wSG1E8
cracked  15snb09  $1$oSnwMqbG$HwwQOElTQ0pgWuM9mGqJF.
cracked  114466  $2b$08$clQEwohg.pGm0a832osMwe6NsWGBfm2f4SsAizNg0M9BaFB3ckL7C
*** failed to crack  $5$rounds=1440$ht687zNpbwI5JVdl$8wjuogOJDU6.U1aZbA6m23sSiULGm3KpCowjTVphwg6
cracked  mgluek  $gy$j8T$2BKXyd7dQfYa6DlwD7kGyW7c9MY6wsuXdPyvJtmN0Jzu6dgfHW.1IQrhNO6uUoLf$lPLy4kI0zx7AYIMXoCRlne7jBAMCQ8pKyuyl0zvJQ.8
cracked  12pechnikov12  $2b$08$xIJONiVJjLWCN/TiResn6ed.4o8/zvejuxwuY0IgdXk1/Kel2tmJK
*** failed to crack  $3$$1eb36d0fec5a023114d2e93dc9391926
cracked  emon4378  $5$rounds=1093$6xjiRQEe69DRncK6$bXSA9i8yuYt5INJOEyuDoaN9oBKxQiqxlOhNXBaW16D
cracked  naut2353  $6$rounds=1006$6hHmGl7Iux3a9Bq2$EyqaQvGZ8dNGjZcBP9GStesv05JCuZS1ofOWPMxatn12dseaY9wEzvr/q.ubWYySopoWRdPpQakxYKEgO4cmG0
cracked  qumvjuda  $6$rounds=1085$xZoVLtBLonPsDvpE$7tJ.PnHXyzpi1rmJvy7/jXONG5jYeAJNbMINTxMh6Iw2kKAFQKJwAex1XfxfV37tig0ZBvdx81W6V9Eqr6YsU1
cracked  180692n  $y$j5T$gezWmT8SXRRJjoZgUwjR9l2/Hn18rTDBA5aiCzpzvCd9Fq816uMekUHNECDe1ShI$LyCCEWENI41Lal443jygfhCuRJIrvylhP0H3BFN2oj1
cracked  chelseaTakess  $6$rounds=1312$uxhPoPWHIuMup4xh$Kk.9rof2BsupcFYajjaCL2.EJqIj1GMY4F8F8SUQCFvZvAlDCgy9qJRaUAePj62Tnu8MVC8jtXX4QqZaoq.5w1
*** failed to crack  $2b$06$BgorzxHR1nLPIBshdcyGS.1Y5ecycP82VblO1.FZ.EEizETVGjrhO
cracked  Aannie12  $2b$08$yLa.GpA/eNBA8oOkDldZeeuo6r/kISsjkwclFgCnDOu0Dy3xIXGQK
cracked  951673  $2b$09$a7Erlf0Khy0GoGh1IUhmTerl1u/tQi0q4BeM7y6rzhDtgamS.vKxa
cracked  1bagging  $gy$j7T$xofd6jFvmF5KyMXU8Kq6r6tZjGU5ztq3BqNZY.HNRU4tOdRp8VlIwK8uDg3fFHr7$dWVDJJALTYxDyGkks.vKyvN6LpEYkXz/fey.J2V5.RD
cracked  fouette  $gy$j8T$RZ.t.1wKdJLJuGG5zZpz8jFRH43PzimfrX0qoK8Czl5C4qEqIEtIXPbowUTgp5lr$ePibRdzIeGPe4Iak1/ZtDVIxXTWl1Nc2ZMuk6jwIxsB
cracked  03032001  $gy$j7T$W8I1iPJ1hqdqdCd8GVaJLlULpViCJbdHgWhrlxBoqGJhiUm3w4cUG2NrE9cI1Q5/$0rZ1MHwEaHM28ewYK0.qfrZZD8nOEJjb53thuwmRY10
cracked  dreamcat  $y$j6T$p0wC0yRH9bNzkdgfo4eyun5WaBhgv41G6kzm8G4mraSqH.jMeraZlMaG/YFuSj7L$YRd5uj0g4wzvTEeb11pDSr0QPPvTOgONj5Anb2.te48
cracked  santasmartas  $6$rounds=1360$wTNx2Nu2EEjt98HO$TpqmTI6lBh1uRApOX/8bDHoTNyGFs517yA04TwhDID1wWnTul5rJdsb7VJRc.MopsgqggbOzF/itx7bPw0myF/
*** failed to crack  $6$rounds=1050$3lFhE02pHY00PfxD$rfeCVMxZEKG/Fwi57Vf7UoKZYYvTOg9PPuE.Dm2eqcYfXnpK2c4ieuLh1OsCjCOuTBRImuq3WLP0ms11xkH3c/
cracked  xj47tfidn5  $y$j6T$HH1NApe3vrmrdrDSfLUic2nV6Gt5DyyqBqQ47C9mRsIiBZ5jjlLwAAcDUXy9XBni$So0/gUvKK4A070hb1enBz3hdK.L13PwSZq8Jzz0x2d8
cracked  p24o78l66  $6$rounds=1026$CgWeuBclQnN1tTxQ$Phic3GiHBDtd54mV10VthB937PvCSkPmaIAXMJrxzG8gtS2OncUe3ceH28vZyVhElA0OdPL1VcQMEdju3J61q0
*** failed to crack  V9Zs7dAbWdPWk
*** failed to crack  $1$3JeJ6TBT$aH7zBZFmzVDeD/yBjyrhD.
cracked  6p9hswec  pmajh5rkaJKis
*** failed to crack  $gy$j7T$.a1YZ4CO5CFL35jPkOYLNefhbyexPAld5zw7V2d9zuxV1qbVvVHQeBgVRm6cXh.X$kOcSyD1k8KC92Tm/UCV7ndxI9LjPT/TZ3EB6fhNGNN/
*** failed to crack  $1$0AHJpIz4$8uAhhWyzAvg5Ds56zNIKd0
cracked  plkqas1  $y$j8T$U/cLSy7EviwfgaLMU863ISGyYqrw7LH06d9PJbxN2FDGnHUj27kBfXmDL8AKZRxv$.VIVX7V94gl/.2xzf5O8uh8R9OO8hRT0dOnYhB5bNF7
cracked  cutsgeyzd  $2b$06$qqk1y.Y1DkAo1fhXTbciAOnoj5gRRkx3issIunDudZF3VxLpfiluO
cracked  84487017  ieoan9yzmxOmg
*** failed to crack  $1$Z/VHAwl0$n20GdR0s3/TN3xcriV4vv0
cracked  w2k3b4  $3$$fff367985e43ebfeb8094fde7cd81b24
cracked  spbghpa  $6$rounds=1428$7v8gWnWyWY44YO5h$wBvELjyjzWWWIqwUpPCHX5UAvVlRmuG2OIKioiSyrX30U.Rw.KuMI1CJSEenHKAHF1q989OLDytciNZ0CpAqF/
cracked  skibum29  QjeFNI0bzQuEs
cracked  may1086  $1$C9cPBD98$.glhqtJg.TOd/ZoXth/101
cracked  segrah01  $y$j5T$JIU7k5SDUQkGW47gf133fIUidw77GGAeFSyq3OofRJmkA6vfwYpL2K3MRByot/55$GrdGQv5DwAeHTqAGoGjd54HCJLeFDgFNh/ZqDKK48XC
*** failed to crack  $3$$bd050597932614434274ac6606460a15
cracked  Foxman  q5a.HDWwDhfiQ
cracked  louise13  $y$j7T$dk4p1lLuPCIYa5WJuP0E/pCiDaeTpyxSfl2079AY/s5g4eQ5N2jVPmyDd3R6Csc2$m7PVlCUWiS02UkbrVgsztad0OR5uWkSUcCQ1NFbeSa5
cracked  10328  $2b$08$BQ4ZkROJUFmDaSa/BNxqxuhnrbK9089EedTadQw8awumLNok1zGaK
cracked  ross981  $y$j8T$7mO/f/KRHP8FrluX15C4xT2eQzzqr/14H/vPLZfBL94aLCO6Vc8pqLRCIyIlpyNf$ChqZAwU4h1xikCKea12LZGtExG3KAlmXaRAQQYIN0i2
cracked  passcelina26  $6$rounds=1493$YNTr3k6vGyXG8tkb$AeNl8KeBIlRN4azGNNVb5oJCPsunTwrL8dXNG1c1.7I7DvdJ290JSZ/ux3/t6Ep8U0XeDHuDizkxvVik2tcvT1
cracked  2z1ny076vy4  $5$rounds=1418$Rtj6dS4bSvlCZZvZ$NW38uvcY8ea/QRCA.p/IAXazfudPqfWv7U3eLYe4.DB
cracked  0Prince  $3$$52942e675510b497a8fb1de15c219ccb
cracked  covington  $5$rounds=1360$WnvFYof81dVAshhw$IlXhOqdoEdMXtM6a9OzUWsjhs0XONLrifKtS0IMO2N1
cracked  telecom3  $2b$09$oWKzMVlCrOLNc3NtuhTlYetFJW2nSdlbMOJzbABCQyFUzBhPaQmSy
*** failed to crack  $2b$08$.W4EaWeP0urzZeb4IJdYEe1Og0do1ozdRpyOSBAJQhB7BWzJO6mOW
cracked  76307  $2b$09$HtBZBRu2sEP1kCSdzaI/oez3mK/Bk6ykUh.HBcYh9ISthofdVeXC6
