cracked  mompean  $5$rounds=1143$zCOHliqgsAXDm9Mr$5pMFu1RA.0la1DcnMRlJ6eIlRzBcuWGnhRYrydz2m21
cracked  momonsite  $5$rounds=1462$5xTdFB51/ELVOFSz$xegEMny4M8OObVDUyrk/8dLBec.8eFUtqlC87hEBpj7
*** failed to crack  $5$rounds=1065$w.RzI90LMQ98Kexi$r481Tj69bcUsp.NHVGp.exLkDV6NFNBxXrxTKD5K0i4
cracked  soviet1  $3$$08d53e787167aca1c2a573d8238a93a4
cracked  grammm2  $1$kd1DKV7P$tNBtptNgbDSgI3cm/CKIV.
cracked  sevadima  $5$rounds=1246$UGhhv8ElLYR4lvEU$ssTnAP8ZyWkkK9mXoleR3O3CMsJJZKtBZRUzHSiYIrD
cracked  A1988R21T03  $5$rounds=1157$LgkCypbrxOGBJE97$38lkdBfYMGZvLidj8.LDlg2oEcLv6EOWjL.u7DxBBs3
cracked  1868211  $1$pJa/xWrk$G9VWpLOhOe3yM1No5XVIV1
cracked  uspeh7s  $gy$j5T$6QOUBetpwLS4NP31wQwdoAbuWV2zKbV900yYxw8Vohc0XBCsib6UAHb/fh.Btbz2$SPg10il1kJ8/NfYLm3sMr8RONVwukDABraHbeBvtVG2
cracked  user220417  $y$j7T$63LVxY7lLvSOF/Yoexeo1/yyBjMpnRTy1Y31T4BuSwfNJz3ZL1nOj6d0rj4wigV0$/V9K.jDCjQ/acOo3t6KLx8FTfC/cddxZItlPglUiH84
cracked  knjazkin8907  $6$rounds=1104$F0ssJGVnUXZaWSKL$0I.uEMjkNNGXWabEkky1CKkyeIq8StkAK6n3i3SBp1F/y4XAp0eufnE...NoRq838g2EB4WFz48ov6YD3bA0f/
*** failed to crack  $3$$0d1c201dbf9f6e1cac8709ed0bcb79d2
cracked  l5I93ZTo  $1$PCdWev7W$fBdOXVeKHp48AhNvpVZlw1
cracked  NAHTANOJ252  $5$rounds=1177$qBPTm4uOGBAMWbDA$1RxwHSMLdrVIxbUWywspxLdDJscqrNpDDNo0X3PiV40
cracked  xppva549  $6$rounds=1438$rHLPX4agSKqwCBo/$z/4uXaL2uveX1B3GFfHnmaH.oi.aWJ0fFLbvwI7anCUMdI6bwspwjj8NhtAp8x972KKbOLFYvTHZODGaQW6kF0
*** failed to crack  $2b$06$7.A3lD3vGAYkzoubuZUtVOJSA3lTG4RKwkCv3S2c7CfBEVyFPct.a
cracked  curricul  $5$rounds=1026$pCRmHfr1iVa4/95c$SqztpWFNlw0yzcHTbyZQknWb9ahOb8TK6pktoawm//3
cracked  Njgjhjd  $3$$138bb0722cda99ac67f196f5e17608c0
*** failed to crack  $5$rounds=1271$yREvzyw02zN.Gsey$BFvTPLQX23nJ11xms4IIxDNpdq6ZCV8uookX/1SDq83
cracked  v0sx288c  $gy$j8T$Hbckg6odlleKIiO.otdm49uVdUg7GdK2I6nzqoOE9Iw3yGRFdFCuLg2F/Ysz/ylT$XfIa0GvbKB31hgxA6x0vzMucC2M8W39CwYIh2VtkVo4
cracked  586bcz  $1$uU2DVirO$Op1V3Q40MpQwJElECa7Tn.
cracked  3bk5G8e  $1$CKLPmX.Q$WmE4EEMi4Gc8saW5m1n3w0
cracked  19710103o  $2b$06$QrZ9X0.nsxd7345Qf4kI7etSMOPBhKX5sQR5lsSVlu./voy7KpfSq
cracked  10de0ljc  $3$$8a305deda7582dd4f5b66c076e9a78b8
cracked  zmey226  $5$rounds=1495$DkT5mql9FxKcboYw$g8cqmHb2FdC9sH1Pv31OIlL2P1iAlVuyZDM/KMMJsa8
*** failed to crack  $6$rounds=1467$4EdJ0qHxRUOyOCxl$0P5GRtmL0RZ6i3CNLFOMKIMQGqkowCUA4wKUj0TrpsreNMnFBKUCtG6OVGqBPe9OYdpnPSrsolmkgKnKd1/tP/
*** failed to crack  $gy$j8T$H.cWH0ojy01AyCfTDgkNO8xLOUadDFO88Ha2rfkANrHLPX4agSKqwCBo/C4vw/f.$97qiy8ZBgvqgV3kqpmj5vy2PqiWYDUcDmt3JVfa6iWC
*** failed to crack  $y$j7T$scXXBEY2mGUHSdtggAZ2pk.wh5nUHjLbJd4GmuQ.46zce8zFXBbKklQsgHXYTjaK$rLjFd4xU66b21PZvBYlRrTP0.QA.UJi5h4zjbjHd.f5
cracked  2bdipped  $1$czzCB/f8$MGuG4eJvC41vMuooIJVMK.
*** failed to crack  $y$j7T$E4WLtcVgd.r0V21oD3ljFT4MvS4MYog.ba9mMB8gL1l1I0aMTNFB7tfe0pdWWpkc$sWMU/AE87UyGcw.2dcQxsdXHMo.4RS4bs4E4OIbf884
cracked  nossral  $1$zAz4L3AW$bJLiNFNwxdPeEtZY89BvN1
cracked  i3jna2z8we  $3$$4495569c63e0397fd49aa9f105c4dc41
*** failed to crack  $y$j7T$FqLhIxmF72XCGqIZfBCfSg5O2DOO8UFmFOsyFhHuVZureHhNWaJ/XutujFY4nefx$AN1GouvB7PwXdlJGJTQFatehHqaUsabKpU4OjmJhxd/
cracked  101772  $y$j8T$oqPLuW.Gsy57HZtOz1/M4kUrest2WoRO/y7uRvxveQMhzVMCzMWY2S6GnRHthtJB$rtCQDv1GgrBb1wazB7ChL/K3XhK61L/ZdGcthLo6WC7
*** failed to crack  $1$wRqG36aI$EIxk.ottfu5doOY6aA.EM0
cracked  48w81m99z3  $1$0bf3Hvpt$ix1LabDkfNKLPOb2iZNyD.
cracked  921f3f  $y$j8T$83bj1.6Ic0NLoH4K1HutdS.4808JGX3DQ9HHCFAm8OquCaP6D/H/W80zIM7Kvuwx$q4gnHybh2xno0CDTkYOEHYtNYHc4FF5EctcEDf5lzwD
*** failed to crack  $6$rounds=1291$ZzNph0R2vDn7cTYw$ltM8d4lYapVU4A2ObfDSP4AqoTJCsw4QvTSAptOg.uOj0H76lNK575np.EwvDUiKo3550QKOIpSRrXYQt7aZ3.
cracked  Fyutk111  $3$$33ec2657e9c451b06c78529911423a78
cracked  nha7ebf6kp  $3$$cc7b69b3981440b0eee1731cdd2330eb
cracked  01071988d  $6$rounds=1145$iqUnl1xsAw8i9K8Z$Vhu09z1jsTY6DFPInNQTVl/AfD/AxQNjKWK0aT5Z/QjKKJZuzmecBBpaDW7CKLoqGTSitnzUNSW2lq6.RXjy30
cracked  g1b1l1f1h1f1c1s1  $y$j5T$KDmpWzBspMTXxYnmw/ZXQi1HqM.u9Wb9VMTmcnE3cxy4ejZu0CwHSGKekK49awrK$qXc4ezIPjMRpEMp9zbcSf2rU5hcDZoTqRNByvXFeoH1
cracked  QOLCAQZA  $2b$09$6nYoU5u/iNndgO.cH4e87OV/X.35mgkQ4ZdSSGy3UY5BFYvLEMRaG
cracked  36pa18  $5$rounds=1347$I2zzZmjjyifm0w1y$IPeKDMvvbJoLLLobp2PxI71BwQ26t2aDnDODPiaW103
cracked  836r6ogh  $y$j5T$okNOW8Zisr22L49pCe/HK2Rns89WG2ucw.d7jMP4g.cGlC7h6zhpnCZriA6/Yyzh$Ao9/EKLDAwuCMgnYyc2TAsLiC0h/lD5JUawqBQ93Ms.
cracked  beaum22  $2b$06$MctlPxCRLcm29WynDEIPY.bQCqUIZJwEx8A49svA1aeZr8RrmWhIO
*** failed to crack  $y$j8T$.jrH.mHdFpcRZuDK91VzSOH5h/yDLWnOKzBYxbAK8EVJZAHTVuQeROsnCU83Pc.C$WSGaz6gy0LCRsNiOZoOuisd8h2JxBed/ujq9m06s2H6
cracked  skopina198  $6$rounds=1498$aT88sooZ9h4OYI/9$WaNJJFckMLAoFL8CWoCHA1GiyqIilqqDQQhU1cSLlm6WMpe/I/vETM0INhbCUi5XyIa0qiP85arZSIy6YIwfz/
cracked  banditgavoka50  $2b$09$fuQaU2gAoytjaQ2Kw7iGcOXiYeVQqaEjB2H5KBV3pReHjKOBEvKIK
cracked  4812789  $gy$j7T$Ral.1nzwjdczYfAWgrQsOqsZrVW7oXe8icqIgkcPYhsqEyQqeyimpYKgDUrwbnLA$2BG84yqEBUNVm.P0lltlLYprD0p1L1hTW9G7ii9jaO5
cracked  6001933  //nWBKuFRevCY
cracked  tywbrkjgtlsz  $1$OmrJMBSb$ks0plO/DVgHU5BpPsVLg5.
*** failed to crack  $gy$j8T$yIi/VxyFgPIEX2flc6NLlHCnOGf9/d.5ef1i/IBImS8NLGUuH4R079.ztJGj0tE4$5BIoYxSR62e8r3J/Ro65Q6NrfObnP62Gru/xrJUgXp3
cracked  2081894  $5$rounds=1003$7XNCnmziNzFGTYrB$2ukXVEp7WUW2dNS4FDOoBCUEwaE29euZZfwbpuJ5u67
cracked  020211  $5$rounds=1199$W7F6dvoTpYQroT4l$tvvlxJ.Eknaa6lq0rEKk9WzkMgz14uNy7E4wf1F4dC4
cracked  r2823  $3$$e26102a617f7ec1a2ac4b5e593e8e3b0
cracked  showchoi  $1$upI7jWUB$O/WUUmxClrsGjFXLHEo5a.
cracked  Jumagaliev  $gy$j7T$SMEs5U.546lB/RhLoRuHKiI.oGLsdahBYmHhxEP5rURiZ25gDsGgiQGAKpAFJMi5$xvhLyAuolMhN1.oXMqpYg9KngdrJXXBFFLQ5aHPmJD/
cracked  esdale  $6$rounds=1296$ZgRhP95omG5mOKT8$D9mwgi1Ijvlex1KcO4jI6NaLuCQBoSTuy4DuEOBsE6kJXZ6ViHnfgLPOFbYfeCQN1P.R.qiKGoE5U5BupzEuI.
cracked  449534  $1$EfwUoFcC$xV3U6DPphXbsYlgh9aeLY0
cracked  huntershempot_29  $3$$2b05ecab8e247d659af14a36d65fb730
cracked  AL68218  $gy$j6T$nksP0.YPLyOSmpHkrLVvz7RpmIDDzWC/5y2803pDNUjHdZNRuNX7gMwINHv0SSA7$VMfsdxfMI2RbMrSnFpL7EZk3dAT6mpeaccOhWF6BquB
cracked  610522  $5$rounds=1369$KDvtPdNd2edGXUbT$eEjisLVLlb/a0G6co6EwnhuFdaip5otCx1fKJjeDHd4
cracked  Valarie1  $y$j6T$ES6ViuT.REh0DNlXSPU3gZC.xB6kW1W4ScLCsNhl5Jr3U/k/xepdvUq5RIBbGHB5$cAKUxdVFRcwY9YV8s5iv6/Nnm4vcevyNo6GERSAFdK6
cracked  lEROCHKA  $5$rounds=1009$Sh02ZbxAj1dNr3W5$YWkuP2qk1M0Ps8hT2kh6efPaJUryI6BdZ1xzhVZ1To.
cracked  gollins  $1$3QbCSRHF$SgpUsovZTa/yxa4n0XLrJ1
cracked  makcmazyr  $5$rounds=1032$Lj0/pg.nrncnuxqf$rlIu23eroIU9vMfKxp1jV3VD22ry4NV9ktZOu659Nv2
cracked  dfvgbh123456  $y$j7T$lmGKF1.jORU2QcRkIcYSg8K.nGSsTrHEM0QVblKFxefhtr.033IAFMjjimYIoORj$9AX88mPwvE.NgT/OeFz8SGVzM9CVTbkIo2fEGnYigY7
cracked  CQZdijdE  $2b$07$Iqaq5gscuRgTKYBpzmTUqOBiNTGLdz4u0gZhYAVq81qMXsBfNcPJC
cracked  88756028  $5$rounds=1342$WvdqUmrGM.v0AWuy$4TToQnqbZcKzvEaeZl4PvfONrCp0VaKjbH9v7AWjlM/
cracked  animatronik777  $6$rounds=1194$YSKIh.WqB2KaHA6P$pykZ7gZEGrQUHo/0NxBaQFsEwd06pBHzd4FOpRuT8VMR/A3ZCnBzzD8iUUfXg6SjoaL4yH7Qmch7MocFTXsVn/
cracked  gregpd  $6$rounds=1300$.pSA5W4OpZ9c7Agf$AvaPEDdK9MlaWmrelJqd50rqfeVfkdoMk1QXTvztwE.e6qj7nuORiG5lj9WqPngT1EihJ8dFv/oe5cmyyGp141
cracked  djdfy13  W56zMG6uTKkKQ
*** failed to crack  $3$$20b4d9b5372e4f155d12e8f5c2f669f5
*** failed to crack  $1$Ma856KXD$Z6SnDsEc0FM5eovZV1uNP1
*** failed to crack  $5$rounds=1111$11oYInNbS8wZU3/a$tl2UlA1hD7Bydpj4CRIUJEjSb61Q5q.UkYl9FzUYIH5
cracked  summertime28  $gy$j8T$0auJ9PAgwkKAQ1u5TnKlSSAdIc5Nm.7x7UblSMgAxIx.jReyZ7v0aG8mPJnohLUC$8aqm5.46CuewQXZowoGb9UuUziNNMAtrshgDuaHnR3/
cracked  chichi95  $1$r2q2zQmH$UPFnCp02MoMUF6jdR11pg/
cracked  plastikan  $6$rounds=1333$fip89HrmRqWHvVRL$Iw3yEEaDThIn2xyah/.Uuz/W130wzBfy5.idqIjfYHSr7MrL3TsnZQD9jPP6hB5/2nGlUW4b60EoHWePONzbu.
cracked  mlwei790  $1$m9.X.Q7q$KYnuvT.aIZCrfY2OaQHSv/
*** failed to crack  1V/7anaApMUnQ
cracked  bagaso  $gy$j8T$kT406iJGme8ULlNt9la4GggU5N9Gnyrliu8W6.MeEVpSGrTRCUvxNfBpoI6UGSY.$lQ6..k1F8fM89WwHgDU1fQngnM43ewJHqpKLy2T5Jo/
cracked  df6hq8i8y  $5$rounds=1440$MYr0JEWW.Lj.6XFH$ahP0BTaFQHJ2lJKFsHA1efmrDmRqjKE7Och5sB4nIQB
cracked  universidade  $gy$j8T$HozTLSN//UTNdC1kymk1ndVHOCuZ.PieeCULOKXHGx2/.uunjMeEmNzpRQVn6wKw$S8.L8fepnNtggJccHaLe34YNDQjSBjJ5j8wibGt41z3
cracked  alb9aah6  $y$j6T$vM5lWKhL9IviDCKURzzo.8Io1AB3XpVRGp/y..eRCa0eEpMSfo1hWGMkJ5kSfXHD$osCRZqU8BflXjrA4uR/ZmkMMpkle2ip8r9t.OL4zvW5
cracked  cbvjyjdutjhubq  $5$rounds=1152$NOOB0WxOyihzlIqF$F7J1Bnep5XXLx/eE25w0SdtTf80fnN0RLMva8.qujK0
cracked  Cutepuppies10  $3$$2264bfcf345107627c3d8b6367166bd4
cracked  thoran  $6$rounds=1137$zKWjCmvDbqLqhlha$D0tfGmBR9ths3hRANAZBuHr8LvCVwdX6OICQjwjunHgo68w5z1irpAJg4OVHEnodUr8bbOqqZRUnSXiuoERqM/
cracked  bh28lg2w  weN9XYY4/Xg1o
cracked  posh05  $3$$98f04e0946be45835920c84c4e1a173b
cracked  fanscska  $gy$j7T$2vc6SCrNa2n8mzMBGYmTf2wBg5I5Va6ctx6ioJZMo2o7sLXyVAI1xPVMyJjpLT0z$Bwtl5vZEqmpnp/ED2dnLdPC16agUHS6Tc5c0ec6HNv4
cracked  532167  $2b$08$Feck8It95xk8zAODbIuk3ub/8/bALiB5FYONi58gGJUVPayaQD/Sa
cracked  4FHVw  $2b$09$4fplGKINgk9oBqI43vxSgOMhM8LK7L0QoDnO79fBJj/7jxqu0oDsG
cracked  cabover  $1$dKUHwcff$VJjlibPrEnYyRkRsZpdRT/
*** failed to crack  $2b$09$9EnOPgbgPDFtOvHG0LhmXexbLk2oTF6ieKi2i0HT7FH.DGksv4CeW
cracked  banginda  Wa3bP7FAaO80.
cracked  398790  $5$rounds=1451$vHiCErPQncbtTrP2$kQAFJct/CDSTww/xuJD7iniy22TjyqWQa6hXxUJVOB8
cracked  kingwolf  ox9hBSnazf.GQ
cracked  melenas  $1$gT5HYvqi$y./XTrb/g7s564N7yE/54/
cracked  6481ffpx  $gy$j8T$yI32V.rZiz/xLZahCTQZfr1.UtuEtujbqQ01tGWgs.DMaj7o/j8MwmxLGTD4iumL$4vEUOJ4rNa0pPadU6LW7jdV1I6A.Jz3GE1g6Yu6.Y22
