thread: 11    51.98 sec              DES:     2               NT:     4              MD5:     0           SHA256:     1           SHA512:     2         YESCRYPT:     2    GOST_YESCRYPT:     4           BCRYPT:     5  total:       20  failed:        4
thread: 15    52.08 sec              DES:     3               NT:     5              MD5:     3           SHA256:     1           SHA512:     5         YESCRYPT:     2    GOST_YESCRYPT:     3           BCRYPT:     3  total:       25  failed:        4
thread:  3    52.18 sec              DES:     1               NT:     0              MD5:     3           SHA256:     1           SHA512:     0         YESCRYPT:     4    GOST_YESCRYPT:     2           BCRYPT:     1  total:       12  failed:        3
thread: 18    52.44 sec              DES:     0               NT:     2              MD5:     2           SHA256:     0           SHA512:     4         YESCRYPT:     1    GOST_YESCRYPT:     3           BCRYPT:     1  total:       13  failed:        3
thread:  6    52.70 sec              DES:     1               NT:     4              MD5:     4           SHA256:     7           SHA512:     6         YESCRYPT:     4    GOST_YESCRYPT:     1           BCRYPT:     6  total:       33  failed:        6
thread:  4    52.71 sec              DES:     2               NT:     4              MD5:     7           SHA256:     4           SHA512:     7         YESCRYPT:     3    GOST_YESCRYPT:     9           BCRYPT:     2  total:       38  failed:        7
thread:  1    52.98 sec              DES:     2               NT:     0              MD5:     4           SHA256:     3           SHA512:     5         YESCRYPT:     5    GOST_YESCRYPT:     4           BCRYPT:     1  total:       24  failed:        4
thread:  2    53.95 sec              DES:     0               NT:     0              MD5:     1           SHA256:     1           SHA512:     2         YESCRYPT:     1    GOST_YESCRYPT:     1           BCRYPT:     4  total:       10  failed:        1
thread: 16    54.42 sec              DES:     0               NT:     3              MD5:     1           SHA256:     2           SHA512:     0         YESCRYPT:     2    GOST_YESCRYPT:     0           BCRYPT:     3  total:       11  failed:        2
thread:  5    54.59 sec              DES:     5               NT:     7              MD5:     4           SHA256:     5           SHA512:     5         YESCRYPT:     4    GOST_YESCRYPT:     5           BCRYPT:     1  total:       36  failed:        4
thread:  7    55.36 sec              DES:     1               NT:     1              MD5:     3           SHA256:     0           SHA512:     6         YESCRYPT:     1    GOST_YESCRYPT:     7           BCRYPT:     5  total:       24  failed:        2
thread: 13    56.33 sec              DES:     0               NT:     0              MD5:     3           SHA256:     1           SHA512:     3         YESCRYPT:     2    GOST_YESCRYPT:     3           BCRYPT:     3  total:       15  failed:        6
thread:  0    56.40 sec              DES:     2               NT:     3              MD5:     6           SHA256:     2           SHA512:     4         YESCRYPT:     6    GOST_YESCRYPT:     4           BCRYPT:     2  total:       29  failed:        3
thread: 12    56.80 sec              DES:     5               NT:     3              MD5:     1           SHA256:     5           SHA512:     7         YESCRYPT:     5    GOST_YESCRYPT:     8           BCRYPT:     3  total:       37  failed:        6
thread:  9    58.76 sec              DES:     4               NT:    11              MD5:     3           SHA256:     4           SHA512:    10         YESCRYPT:     3    GOST_YESCRYPT:     7           BCRYPT:     3  total:       45  failed:        9
thread: 10    59.45 sec              DES:     0               NT:     1              MD5:     1           SHA256:     0           SHA512:     0         YESCRYPT:     1    GOST_YESCRYPT:     4           BCRYPT:     2  total:        9  failed:        1
thread: 17    60.11 sec              DES:     5               NT:     6              MD5:     2           SHA256:     1           SHA512:     5         YESCRYPT:     5    GOST_YESCRYPT:     2           BCRYPT:     3  total:       29  failed:        8
thread: 19    60.70 sec              DES:     1               NT:     2              MD5:     5           SHA256:     5           SHA512:     6         YESCRYPT:     5    GOST_YESCRYPT:     5           BCRYPT:     4  total:       33  failed:        6
thread:  8    62.21 sec              DES:     3               NT:     6              MD5:     4           SHA256:     4           SHA512:     7         YESCRYPT:     4    GOST_YESCRYPT:     4           BCRYPT:     4  total:       36  failed:        9
thread: 14    63.41 sec              DES:     2               NT:     2              MD5:     1           SHA256:     5           SHA512:     3         YESCRYPT:     4    GOST_YESCRYPT:     0           BCRYPT:     4  total:       21  failed:        2
total:  20    63.42 sec              DES:    39               NT:    64              MD5:    58           SHA256:    52           SHA512:    87         YESCRYPT:    64    GOST_YESCRYPT:    76           BCRYPT:    60  total:      500  failed:       90
