cracked  nidaime  K8CHOxiz8y/Ts
cracked  919357575domic  $gy$j5T$1jrHQRboXfWyUSqxNydBt8.FrzX.5sPOv.YsT/9VgwfHN0WTGq4Zl6hApYJmP5pL$T5dDwBjfS7Od2s3..2PVxCMdv.uJpnnhrQ3Jq1oV8QC
cracked  FLAVOUR  JtjWL4O8wKwOg
cracked  ran00dom  $5$rounds=1077$hkRsqNKBgk2ICcNx$cg/j8J5m.mw5CyvrEgaToZNaTMnZn4RmpzHx7gZcF66
cracked  fycfh  G90uqBqdx2gAg
cracked  5269208  Skkmr4w6tpwEM
cracked  cgvkby  $y$j5T$I9KiVn9TCmCqUkWO5VG3CsN9klaVojfQmKxMhY9SLzmg0Nl5RKtZXJ4fEBQrc4Aa$XOY.GgpQ7OOPE/JjRYjIlb1BIoNyL1p64Y8lkhum053
cracked  48aberg87  $6$rounds=1374$kydn9nix99UVbRJJ$TZSZfjQSleiLmdP/AYv3e1qNZKncEjrnyoh4o/TpMq.IKis.86/mamHEtt0OPQ0/SA.bmowdmP4kaWw3ZiQiu.
cracked  ftRdhNvyYL  $6$rounds=1082$vhj5X2QMBv/IHCin$T1pCjkRrEw1fGd1Fwiq9hYGlLcZzW6v9zqiLlB.rAObWpwMyC9LMxPBs4Xl0.0iOrMDYosyeDiMBAkUDYsg5E1
cracked  EKqFie54  $1$OzAyGp0/$qDqMLNmUE265MDBvfVpIQ1
cracked  86203369  $3$$41fdec67d59f71abaa1df729b603733e
cracked  MBNIOpG  $3$$d2af39c361142b7dde4bcd488c1985c4
cracked  863530  $3$$be514f3667dd6396780ba2130df12cb6
cracked  picado  $2b$07$uDitqfIIhzxFL2iwIRzdFO1SrpUYCW4fbkVDPq.Hzf/BV8vvahmn.
cracked  777666777  $gy$j5T$0C51.vefZP58mbXC4Xa6s6gNurfoqK2CzyAIets7r8UUOdgsfIl0YHC63Azfsa4y$F1b9wBnHRhevM.JJfdT76yfdZM81ddJvtFPREyRaF5.
cracked  6086324  J4taNanlajXfY
*** failed to crack  2QxYkPtau77pM
cracked  73ae73  $y$j5T$vmzSX0/PS6v.hSORe1qDN0pM7k4Ww2vVCHgAf5PzD/.8oGiXFfZY7P4/XUbs/Vnl$wKKBKXgByetfGeK1GDZnLehrwzSJk1lE.RvHO/Hc6eA
*** failed to crack  $2b$06$qd1S7rWvaKmuJaaXauZbQOG4Eg4Gh/rDZmbvDMAZJzfTUpUXRM3Fq
cracked  726465  $1$Yi86RB8D$afKDxtwjcoXZN1NE0GqyS.
cracked  mindy71  $5$rounds=1400$Pt51q6DcmyhbFj8E$VOLCKmAVvKak75RpbsQa2KLOG.22KMDBbEgUiQmVmH6
cracked  eidde  $gy$j5T$LGqOsX5HBlFEG21hPbWusfIWeRjIQUNSFFrVOThuMHhRjQHqeDjsd5UuEUoWlBgE$z1m.aUAGzWwg1jgTMOCup02WpZGmqsNkxEmyCIA3eRA
cracked  123DOG  $2b$06$mHaSFB.W6iVPokKemnN2juPg/sE.j9Qb5h293xr2CSJsaaIltRaoq
cracked  VGzrDwf2  $5$rounds=1050$i5HH64WyrUtVLvo0$9Efx4OlTjCHEpGrdNpTW2kVArCKfdEtycC1GghAi3W7
cracked  street69  $y$j5T$.yX62q2s8HqfCPovo3m9OniwwH44jNyHXpfxRpln5H/g0ln8dHq/kkKEIe8hlNZU$/UAHctiD4SaAJYPmokXQFrSAl90.M34VWqqcaVfJ/fC
cracked  youpsyun  $6$rounds=1294$6j7.ONh6d7298uzs$4Q7ijBWMXPPhDxhafVPQTTQL7jK2y0R.76/b00c/8eEREr2htgI5QcKsNw8tR7zvGXMZ2e1VxkSnBKtnl66nj.
cracked  Shahid0026  $3$$733b75ef1bfde2dd47d030a51ec5ec89
cracked  8105265200  $2b$09$VP3btFY5sdkMeIVm./Mf5OM4yR8ZvLP2GJ9cJjQsJ/x3/gVKQ14Xa
cracked  xarope  $3$$85ee42b4098af28cc978089cc54219b8
*** failed to crack  $6$rounds=1452$dj5.aSSdRMKI/v5R$0IeAatMnuI49A9vPEsA.PkyAO6SpEK1AmRboVjbL9Y0pBHAtf/MB/4Qr.vcexVkSRu1sVjz1ENOAYL0HKVBqV.
cracked  674653  $6$rounds=1092$VV8OQNQVIBG2/FKg$P4Ld5KvJsSYwxurecETIgKqHCxo64ejNd1rtfRP2JKJZS.VDVIousmHz5nRZxjE0E0RKAIYGAboNdn3VKO..y/
cracked  polska13  $3$$71dd36ac09969318260c67363a86f035
*** failed to crack  $y$j8T$hvU2J0ok/WWa7xxpLg/p.8aQ9TXswxs47vN3E1Ks8lnKzcBqk3D83eKbCDDGtE71$aqp5xdOMLg7I8PCewoSgtRT5u35tuTPMJuHXHrTFZD.
cracked  tGj7d9Kjnt  $2b$07$Y.v8K0s.tVtu9ge0wswsBeXzQ5fzlg7p0VJFhzeSees8R54gCjMIa
cracked  wdf734  /cAiqMUBlJUa2
cracked  essssion  $gy$j5T$9wdGP2vVZCPmTiKA8Kxka9iV2XZqANoanbpU6rU83mQrTbmU4jTbo937FPUJacTO$zf5Go4iA9s31y5IeS9cxA6YxGes/WYvwN2xuX0vILfD
cracked  3728  $5$rounds=1116$CyTiVOGzcMqRuqCR$SFvs3HOuFWZOnEH/ZDq84xo452xVrrBoiyjCh4rlq7.
cracked  AZAZEL12  $6$rounds=1366$0iCNiwGlk8NtLOWP$/TMa8oBVUkPcUJlFNYqqoZgWdX8RqgP7e4F20bCNLpaxcxRSoSh5R5Pcbxc.ZHyeJ4TkuLL1c0g4NfgjtJgpa/
cracked  dilijancjab  $6$rounds=1156$NBbx79yTGszQ4k8x$U9OXjnykgCRGm67fnduE/ucK1rffV3gCsgvB/9KnpE7QqWeq9uKSSrSp5469L0A3chytsk7CB2QbU0Mu91z.a.
cracked  MdyQ9xDOP3bdM  $3$$84fa96af6c50863f147a596cb7b42aa3
cracked  sayangku  $6$rounds=1084$GVdYf5ZH5nWDWzOs$0y6doPb8DAnOhbefFsCzNsUxehjSOPh3Vd1PWrI4uoHJ4DShk2ZhQYzS486tqtmQXf70IRX7utFFo6aCWB4CR/
cracked  venedig  $y$j5T$syn5J3zaE/rZGx.TkGCGsDryzwDb77pPPi7f3SU01QEf/7I6u6MjN9BM4dXcHsfs$16rqAJYUt2yKgtWEEUWeQxqii3kc4QZlZP0NkmLwSg2
*** failed to crack  $1$EqJ7vSBm$FBdPuOPkVWxyUN3/N0XeX1
*** failed to crack  $5$rounds=1088$xZx8vjGcODBhqsJV$JvpxsykNXO1hdyBFEbIM8N5WvHELCqBXdn5Ag9gCFT1
cracked  pituco0410892  $gy$j7T$coq3VatGa4f1YhQR2A9yD1Ui4JNs8PrON.zXL7XyXtyH8czapguOXq/Lh3PP9XeO$tw38WT7QADXaXmnjZhDL7X8ImVETHvX4fH/SuFO8gh/
*** failed to crack  $5$rounds=1499$rr4UPh.pUWhjmC3r$N7v6EXOLUdzv1ANWft36iBY6MV7N55FONFHYnEDMUSB
*** failed to crack  $gy$j8T$ezRMxp8GT0w6zCNwb5dWZcBK.yUXcPb6dqppbcaWiQAnhp4nH69ugyheaHL/n3hX$GMpstvBlYypU20/f9v9BVHY2TBMltaNfGprt7E.LVG2
cracked  mvpbeesh  $3$$86da67bf9975a0aec489a8236b864a86
cracked  buddywhite  $1$Wz7RzSuV$p94Cc6m881ijMEpJExnxX.
cracked  9131994  $1$Xz2rtpAf$aEtgGhBun5leUU9Yfde/g.
cracked  ttjtt5  $5$rounds=1189$7LarfY4bORrkCZCG$kWTYlmXVG7Q2FtK6pHh3x/m70EhxzzzIhh5xqMwLMx.
cracked  fguqKCme  $y$j8T$ce5I5NjTiMKhRhkYfEDbhbLUucwQIAu4GMY5Au9fEB7aBSYNoRQTCCYk9EJnFzM1$VU5qNoRg2pEqg4mCfWSnDrj6jfYSVbvThERDn86MYxB
cracked  abu87dfv  $5$rounds=1054$cO1I.ZW9/4B0WLSV$LybLr78N3a4lnVPsxStCE/Xn9oJMI37.3Xix4enHH4B
cracked  deatoniqpc  $6$rounds=1447$W8Mq/Kb5LA26czaM$Bf9Dqqq1FA88F1Xl7zzUzmV.Y81A5ScXPJWwe4jDWmEzZkRPUMWOirR0BL5w7dbeUXZK34zpWg6RMAbUO4yDu/
cracked  10750209  $6$rounds=1430$Yld3xJ9k3oGaOKYt$BUFW.AT6FI6/H.YFhQOX7bIkqWGGqRUK8SZLhq2bznhK5UYoyAHJJqLRWmiAMtSIhxj1zYrYxSzCOBeRxPeQO/
cracked  PanterA  $6$rounds=1355$i/XQm0FJetSmuL8h$pqDjtil6pKFnQCknNE2H3MzyE.4VklbBwjgtg4lil9/yv3MSfTozJlMqoU5PDqusM6ept4scCMJSs0wxveIF8/
cracked  hellyh  $2b$09$Bz0Q3RHncymUI.Dtws14FeXwAg.k25zWT6kRzBJYYGOAyYbv5LllC
cracked  junior7682  $gy$j5T$0esKjpAdGEv5aSY9hlaXU4rrmSIOBY9i98A281jOtwqVW5uY2T5HeokL3syzVKI6$2CMdPHGPs4kh4IpaGsIUN5FZIz5LvrKJpnvWu5Si/e3
cracked  fuhks  $2b$06$81u/Vx03Zy8B2NrmoPUCduwJBJhvhpBOkMZT6q.YLbmIT2yoWCbtS
cracked  utas  $1$fyYq9vFF$xE9/6Tr5GcexYmrzBi.fk1
*** failed to crack  hBHYG9saheYXI
cracked  ljxm96  $3$$e562ab02ff8ffad4e435ac7b3af77ec4
cracked  XaKePoK174RuS  $3$$a6fabf42aa80488f9c1715d013930b31
cracked  killer87  $2b$08$G7rADi0GI0B2boUxcAveO.mGMy33OuctLUlroLwXxp2Bl4ti1xj1C
cracked  28890  $1$VGuh3q0u$aKYzSgbWiGpJKP.cY.Ans/
cracked  43kkvaih  $gy$j8T$APzrX6msVVl0PoG50TxEz6sdi.EloFebiQFaunYrkL2sU80AIqyFFtbtH2ysKLN9$aHQ23jZasfsn5Mj9LkpIscGzwjY/I.76hHo28gxx0A1
cracked  0997506  $2b$06$nc6QGkVRCjTA5KouuYNIe.WdfmGbjiGIB2/yZpL7bnPuXgec0oYQe
cracked  98445534  $5$rounds=1154$p3Q0BHXZ1IiV787Y$JjdUhYzx9HYys0i31w9owSPOX7dYDXURIag7eDUINT5
cracked  851956827  $y$j7T$ejQtg513hMfry3qbDLTqxt3IMLZSlmXLWJ09P8sp34Awqz4HGyzhn3oA9vYCydmZ$hU0/666fz8h4VTCPMe1./k/ScLm7htn1QqK1/JmygDB
*** failed to crack  $5$rounds=1134$trYMYhMPhaETI6WT$7PBKgorsMhjUDily59QKx77yxi7K6Knp9R1QJZMeov/
*** failed to crack  $1$qU7bc/OW$.w5YlgJP8b1iF8CmVc13w1
cracked  oiloi  $y$j6T$q7DAqEIEK2Awc7RDilPj97bxxXuNaZKSx.WH4xE77ICH80hCFQips2bMq.RpOK9Q$KKCzylGRzFVF/nKLRNkqdU1peI5nZS4xNO76vDtZ9b6
cracked  RTSLDBZS  $gy$j7T$cxZ8SbIsgHxlhC7kJP8QdwBS3mftStJlEtWnnFodWXySR13.bh0oi7rWFGwEGdTA$B.yfuiSkQo2fN.p3d.WJLhndzi4tz7DPQwzDlv8Im33
cracked  stsuser  $5$rounds=1459$RA0EHGc8aKIw7I.W$iswoxGlZPt/xvr6Fqz9a249EMxE1SWLukRk3lIJvnr5
*** failed to crack  $1$fdFumZv/$al9JWEY1wc6L6L9/BMhsc.
cracked  liamjuel  $5$rounds=1009$1ffcrbPd4ZV9kYmV$yKg0tkatE5ii0R.HFMFJYM8YjBtUuVYiWhwkSedM8S4
cracked  alfa7  $y$j6T$OsQyc/IlkQ4quuafVi0fOSwzqBwW9ZZorUHg8XUOcMK58lTMFi54.cHfqWjQXXi7$8gaFYUbQSQIJLv1h2JjjyXF3HxSoCotG/XW0JVrNOm2
*** failed to crack  $gy$j5T$hfzB6kyXREp93.AO8YpJ68e/8oq84.uI364s160Bh4vnaH8oriLUZGS7gNou3IY/$o2gz01uhb/FYEpTm3R/mBVF2jV5KLHZprw5FOQNd7X0
*** failed to crack  $6$rounds=1418$t/F4dCL6LcUA6IgQ$.PlnCKYjmde/wcuBvqxAP3.t4jI12DUPI9lf4jYYtyuK5lEc.rurgqXoJwYj7VFYrZ7Ab87ok7IITWiBk1Ck6/
cracked  pankajpriya  $6$rounds=1363$oP5rbJcqdvEZ5T5w$u.roI4x7WWv9o.PxAO59qqNOMGWIWkKEsBsEOkvDXBV3beFj54wg.KKFnQd4ZKygUkwZA5Kyk9fLGN2Y1PNco0
cracked  03hx42bH  $3$$001b95902635c7304180bdac2982f81b
cracked  costal  Zy1SY.Ih3xfTU
cracked  101zaxs  $y$j6T$XBV8/hqowVeZS8QV.ZedVMYeYW.QMEBOdSS/51frtO03D8.tkJOKu/7CIwhYRgJ2$5MXWfebSkibOtAmgJR6p1rm.470mlpYI10TM3hArSaD
cracked  pink2020  $5$rounds=1473$CYt0lykNv6Bz3Wai$SSJizjrFU3qwQMEuFDx7NSIhyOsQVwlDksmfZ/PVnN9
cracked  139666  $y$j8T$rrdREI1sx5zCavQRJNpfnO/izONCULmRiGXr6V4uUtiuYjYaYFunfn5LPagHn1w4$4RSCRpGSaGzUzkzZ31aQETdg./6aIKhFiV5G43YIauC
*** failed to crack  $3$$f46a75e338debb4d5119493f5978982d
cracked  Gaturra  $3$$6ce2404b12e21ba0e5532a13f2dc73fa
cracked  qwerty230810  $6$rounds=1159$pnBVCL0P.JMkgPuk$pk0T0uPl5Yi4JeGTCeuz9nmtzFRVaXAcovEBaJJ8rhRKg02BBXi5gm5GRnjqqCyKgQZrAH8AunQ4xJB/e1Kvm/
cracked  baza1995  $6$rounds=1496$fuTCe1tjJQM5boOu$3ZJHhxortEqEu0nM0ZsVPMdD06CBjGEbH3rIWiaYNVm7otoCJ8ATw7wlt4RyqzCaOAC8dTakXRQNeK0jnsNE81
cracked  1Marant  $3$$cba8ed729a06d47b971d41ecfd251f78
cracked  totalwar2  $2b$06$2F2wvQykFIJftv/YZYY7Tuj7MnS3dW/eV7dm6Bx/0jW8Jt0W4mT7e
cracked  laivali40  $gy$j8T$N3CW8XX6x3oiN5h2S6//BmNjaab9MCOy4mpdLxlJfxsX.N/iLACbKXE/GjVjxwVC$n6a7AK3F8zc278ZNXzp2LHN39ImhFOGv3Qm7dIdxtn3
cracked  LJ2306  $6$rounds=1121$zkdhoWH4ohQskYM/$Q6DIUXkqxCWKyOCXBFSIQM1CYRDqQfSUJ0LU3FZFpNxB.vlX3CFoFPpvfRFfSW0Nxv4S5IiKzwY51E6HZWktZ1
cracked  Marsdy99  $2b$06$Al.cZufXiVxcVNccT/84D.Db4q5W5e8YJeM6Z7hEwFuJVd/MUzx3a
cracked  ods2y5b  $1$6eWLnb.1$jY2ZA8L0wnguRPXaTnbRp/
cracked  asdfg591  $y$j5T$KwVM6Y98h8VvOHqBWWjgLTcBlMiwJgZNYRfFb5rONRH3iUvbBTlUUQerRsauxnU0$BLgPcDayUVsBi63fk1V0XChX.SpdKmSTYYRTMEQQQ0C
*** failed to crack  $2b$09$MrjC4qmxObffAsAcJGvWFupJ52tYItz3e/VVzwrKj6hkrrc8RX8kG
*** failed to crack  $3$$6a34a737d1f785900deb8cf12ea407fd
cracked  regxbyj  $gy$j6T$yLbwxogtyaaOJnJXNn/Qs/1YJXPmaH1PiIIMM9xwRCoazNjM/Silib4XtPSLc3m7$Fm5c4wKGB9J95S4poyAk2h5lzetloh685wZlYJqu8s5
*** failed to crack  $y$j8T$.2x3M696WIYZ.XZKpOKJeC1hNfiGRwvPZqj.tvYmz/CljT4TRHbufmDgNLfGR8Lm$vJ1N574mUD2IT1RHH1tAuv8tzJI54kqgaHUr0yYj8w.
*** failed to crack  $y$j7T$v1MaIPHyEn6RGqLsuIuA9jA312p66vZcOMs0gpSRcVrU7YoLcNkkFrUGu/iLKDUi$Y4P6yjyUmdxR5ieHaf2I14qLMnoGM7UNsjhz5DCqq/5
cracked  kavex  $5$rounds=1307$6AQgSM6gwKVWm0jk$VjGvDh360smWKQlp0yJYH2WmgrMOlowP045bDmT2.y0
cracked  sadie999  $5$rounds=1038$qZ3mCz5ygBVZgX15$ui2eQmcWB3KVrFALIGC9WY4/1GQ9/Oxaqw3qgRYiBAB
cracked  paul0449  $3$$a0c5ad4536160f8373f81aa73668b7a5
cracked  aceder95  $y$j7T$6ZXbYP6fCsWJiOkFJ5YWyEqA6Ni6JydJAvXS2Djge4vpPWXPhcnjIt2paHzzt/cw$mlzCnxgkcqS3GOjvxZMcNrTVxZgP4Y8jXEo99g8jKn.
*** failed to crack  $3$$c4a5c3125da51208da5d11056344e7b9
cracked  ralif12345  $gy$j7T$n1ONm6jV.hjuzpwp0HZpzqQ/Gpbj8EWztOpHpNqF2oXF6KUcqX58cAQEem1yiBF7$KpPXVDcC.wO3uRvwP3OBUheR9I9WL15uv4OTlkStnY3
*** failed to crack  $gy$j7T$EmefD65zA82QlhNvxRpAqqz7H9VLiCnsd.uRlFETcPvsS5dSGKOr73o6AbDPerUn$YK4wFzpwGlkyVKUyy9ZVc3nr6rLcRj7DZRFWPJWSLz/
cracked  i4c2k9d2  $2b$07$smOoRKWoWvLSoWWedm2NMel7h9i8b/TGGXe7en.rORby4DWxOdQHm
cracked  licewoman87  $gy$j5T$feK2yAAieU7dyU8wQ/IrogkpfTix0HXaAD3yaP5cUFxIJYh6bVPskbBzo2nnGctC$capYsBX/akQTIFTV5b5NWCbfVmcHwkA3txkyx4AqYJC
cracked  misha0604  $2b$08$/00/DlEM3DaKj8cKzuTqr.pryeG1xHHa1OfCE32WqwOn2yw6Lj2PC
cracked  2b5a32596100  $2b$09$aAOqCNLHYjfD92kVmATe2.yzADon0OIQVhPFwGaaHeQwL4kLmtUTC
cracked  alitas  $2b$07$XCvylGnjHgkFHKKxeQP7tuIC4CiY9kc6dXxVBAU/zE1SPXMrCqUa2
cracked  l88888888  $6$rounds=1347$4AWGs/geK5szOxsp$Ub/uKDzGeU9yRHfTBBoclG6yz3IJbqqVcvbOlKGhvw9p.nUjY8OPGdJx1NyqgtVZjewUP167bTc4UBbeIGjcB/
cracked  olpc  FnWK3xv8dR77U
cracked  5891jd  $y$j6T$M2ib4P7HGKfnq65CHT5Eq0g9R5yOiKYV6z0TebUOkl45lXdSp6TMHcyk884AfYVD$yDrheNGaD6F.eXnRDzX4u37x6uA3mtaxCdRcGvYXYt/
cracked  dragmit4  $6$rounds=1440$wxSFPKvgR.v3xHQO$UJKog4ot/5lF1X8DBZzij1UrrQCUhApIE3w6zQ9IRvLwThgG2.bly1uOrjA0KOayxND0YPXpVBe.psVWCuRmw0
*** failed to crack  $1$/T6H4Q8V$.T/iSjxKX1KM95esJsq36.
cracked  5nizza13  $6$rounds=1025$P9BNG/SOeny04Ep2$FslC3WWBJd9J7vquePNA6gM2Hdpcgs.hGST18xrlIyCttCHTWZPUWSMQr1MGLaZ1hxlH80IIfMTEn9KzoE2MC0
cracked  UBLoncUe  $y$j7T$c2FDQTt/vwOKb5lUlhfNzl9B1I9L6S2fXae34IXeM17wXVvmmpTsqqYUHCtBo/ix$nF9UqkKaiAvlDVdOesI3z6tEiLCid9V2HCc1BWV32A.
cracked  89233656616  $6$rounds=1369$fJagj.gNGmiIfs83$AEaOm85kcWvj4rC9lV8bvmFExmyc/dxba0/lznfcqMVaGfkMT1zDcsCp9hmPNxziEFX7OBje9f2CrvwIqwzfC.
cracked  bienvivre  $5$rounds=1371$6eA5WdYFauHtX/t/$Oo4odyoNOFGuGV3Gl4q.tFSk6QJtqmB2dK/4B6g5hs5
cracked  edem68  $1$egIPXWac$j6qCFbg9.fz6QcHSM0CQb.
*** failed to crack  $gy$j5T$JTwZRxW5w0PSEG5RJsQp5dpR.r2qTIEs1jOmhPnKYCtoVtar87llQJw12FDMzSRy$nbd8RyzOc0gy2EoMiVyZRM333kio6J9mOT4NrT/GhjC
cracked  sevastopo  $5$rounds=1275$oiII9cCAtdoUz9zI$2xCXWSxu5XRfHoHnf75vCMwMC7aULFY/O4LCTbC6nMC
cracked  5ThGBQH004hFCSM  $6$rounds=1480$9/oV7RxdL1GxThO5$M5fC.NPoWhrZjMpOH85DFGGp/vfvTcke6PPwFk9dPs3s3EWCk1zGRkuYqhKpp8nLhZA2MvaHkOtsrs/PoTRdx.
cracked  per39let43  $gy$j8T$pmqKe30uXArKi/PZjCCKiPclU2xLa4AkHOZIylyzrpUtLBVFzKqRMaF898UAiSZo$O0TUVO71wHXCMALEgOS53TgZpklBtiz03BLtAKT85U0
cracked  32154987  $5$rounds=1043$hMbXFtDIn3pU.W5F$bYl51pu7L.i0c4HjEiL.6O.9jqQdfthwE3x/9Dcv/W7
cracked  tatevgrig  $6$rounds=1293$ebrHm1rvTLW41mPq$mM.ig8EwIwhPeX/SdfFsIoOR9hCPel3DqTAvl5jnjXLgqu6wKmYDfU5aZH258DBhqsv7y5vXZj3W.dL0SXWJa.
cracked  7Darkdays  $1$8qn3haZL$pBbzRFNPUwOTy47SnYTxG0
cracked  Shady3000rf  $6$rounds=1061$qxvMDQSKfrp3m72f$9vH47n6mvXvLJx1aqvRiEgngEj4AIoaooZmPvKC1wQourunh9jHVhjux1T6YR7MSdLxtBO19eOt9n9ftyjm/y/
cracked  crvm643  $5$rounds=1460$.Sq5ZrWUtOAKqoeY$9zhzpuLjuQbMObwEU6GBqpz0qBqlkSNU/6XkBgT8aIB
cracked  taylorfossiel  $2b$06$asZtlkFH1tW3dpGmgVvRpuqOCejiHSqbqEEvdNFvKo/7FowGE77ru
cracked  3551qqqq  $gy$j6T$Oc9LYzAa/OljDwkisnAaQz5XsrwHN4bAmILX.x4mO5TH2LU9RAmlYDZr1yE5Wgpu$PK2yGi8TrVrAM.60XmXZAROKUWo1OmN.qHPqkdaj2W3
cracked  gwynn3000  $2b$06$lAkoM4xNnyEXJitGDexZSOWD2QOGxK6K2mj05BsCZhvmT.kXLpLdW
cracked  shawday1  $1$WJTdTCKR$k4CpRAc/dqy/vcBpV5tYc/
cracked  5569max  $3$$bc405bde7789591d4e5de6f129083a55
cracked  89094596932  $y$j6T$qunfaTXBxByEA72A.pgKgWoOQfHb7YOliqG5/FIMu8LSJtd3wu9yfM/zFDKunR3d$cUjtOKpun5yj5gwb91hqgFBsiggzsaipwI1yDImVtrB
cracked  49w2Azn2cvRQw  $y$j8T$EM2t/2MBz/F06EL4Ub793V868jSQdmnYGDYdPdv.WZNAUoRgaRcouuf/HqvlyLYR$CYxcPg.OiMwOY6hAPOAipROT0x5bh2Wb3gyIJnDkNQ.
cracked  valliefaluefe  $3$$74ed1f4a273c5a68e16d4744056a9d96
cracked  doelcam  $1$piZ7IsTP$odERcE0OPCIerVbfmDfAP1
*** failed to crack  $y$j6T$B7FuXkJu1q4fcRc.3uhwCrRZhW7K9ZVUykUNSeqgPdM2aZ6Tg6v/AUeYgiAqNA0/$LGix/91yu5QdbNZ.47hOPcKTSuG4rhtpUlsZ1msHRw2
cracked  leezuk198  $y$j5T$JRbC7Yu6ns9tE95ZG9h4iwvzFW.MB31oT..LxNIIedFPw5In.O0tom22pJoUtnDW$93tvSX.uNen47QSYrd7fvdi6B/CYe/bdYndN6Y0zAV.
cracked  dron1025  $6$rounds=1262$GIZfjKlp5CrG3B2U$m/2bvSCTF5z1zhOZ6uTUC/oed.qVWb853w4HhYGVvD0wrW6qA5LMR9beVZ.yUyaVOoMe6E0VJjd5yrnFOKdgP1
cracked  18Y8wy0kyzPr2  $gy$j5T$Z5B28ZxGsbTcwbENR4pnTvEiK45I3WTeFh/wH.8M5xsjxwCemh.Pc.2cUGTVfKrp$KXf3cjF.2mi1qLKoqJ8rjk3TjINKyW3F4aY5J/AWAk6
cracked  1ec89db7  $gy$j5T$RjI/XO00.n7kHjTJlblPw9g7fbLKlCNpncO7MBfVUyaT5jINHWJZdul.kwwcTez3$3hcqqF5klPpb/WQwItM3ydbOCEa0xpfq0hOEG0IimWD
cracked  wxhp68ug  $3$$96387382665076a1e853b761fb4a8496
cracked  tr4v15b1ck13  $y$j8T$UyP5L.CKTNK1OT6tCMzbvA90rXOOzUPXWCBtTlTrN6NhwsN3ZxULLEEIA9aO3ghR$jShv9HB4mxsXjZhZU4b7O8chAa1Nmb9P6NnZ.GLu1O6
*** failed to crack  $y$j8T$nvyRFVQA/cpA5MfE/BLbc.MDF7IE/cAv866nf3CDaRocYEtRGEQsY2qpBFfR73r2$K4FLb6o2n094bes7bZl/HsCcYu7cQE9bnivHUgAC643
cracked  753215987i  $y$j6T$kl/E1txiMvHg7MKz1qeILsFcNOB.rj6KO0ZWxQbUF54Dn.BxWNWYg7pL6B9Spf8Q$FQ6JPqa2v0ZD.G6rQWi5Kf1jzJme0/4f0fJmzOhJRO2
*** failed to crack  $1$ZhajVG2Q$vMS9Tx9nUkqZSz3.mi4Qu0
cracked  1012191998a  $1$S819INUF$8KNJVWoL5W2p6/TSGanQ11
cracked  r1v3rrat  $1$jnJLlZ53$d.XcFdhiWDimvQkKDRgIm.
cracked  bricecody  $5$rounds=1064$pf8gYioQUSqnNQF5$/MQGHZ6DZ9zeW2kF1FPtvmq4N2IhYfiYo/vMD3iVrH.
cracked  londonlars34  $2b$08$bDC1dDNdWjEzSQCyz8s06.1Q3TMTgT/EYWOfM12AYiLjJFH8muRZq
cracked  elseoyer  $gy$j7T$FF/AvJlDsgWsvpz0E/Hvd6nHeM.KFtKmJGYUgzuk3IInXvsAvQVh1AnPWd4pcmWo$qM24Hf5zfZCcRkvDeS30zOAUlQ840H/tCZizH7uACg/
*** failed to crack  $1$51b19PMi$ZXHzLYSv05JrqoULJDQEF1
*** failed to crack  $gy$j5T$fNsoo0hPIDOvCwmhlmXVqvgjjPS0Ss7eYIgx4PDOMLwLn2lbtxHjpno5YDylRbDt$G7MECf5WgToREfdgHx.XjOkrLtGppcK9nLea3tEg18C
cracked  Everqust  $1$Wn/6Yz2y$nnL9.LazRHqktXuFu0z0Z/
cracked  pewebird  $2b$09$xDzeSWvsNNKcP30bgAPKYeANha2NwoMNE3rV/PMgpDsyMAnIRTykG
*** failed to crack  $5$rounds=1494$JoeEClO0360VXqx0$joxwvtl1tRqrAO5uduMnujfDWTWJPwRmG3aPtqJ3pzB
cracked  kanitel  $y$j7T$.bn.wHjM50zOPovRq5ScjmhIIeNqEquB7Q1n4Q.Ivzn1xhr9sCX8LVOYdyXu3gM/$hrnZ8vIftshaiT68AwK87xkUDgtyYQ6mU31g17wVrkB
cracked  60922991  $5$rounds=1427$Q00SD45nzj/b8XCF$UZwR/.1iQHRwENsldyqklfvBwIqJkbXP5PQ0ALUU/A9
cracked  131415161  $6$rounds=1003$VDtl7A36eRd59I/1$1q2a0MaImuJxUw5F4Hw/M/3WhEHb437u2zddGjKbjpdOf2jn3mffaEmLMech7gKpUoFtLXd4CZlt9XWLEpOKl1
cracked  259007  $1$a4iTxr9/$TWsgxgtiIqvuHlUSy4pot0
cracked  sitkov1983  $gy$j7T$j/7xz3lEG746EfxTVAuX2qjwAmuQYoNDaUCIGIpv.gRFjAaAQkB00WsvzAIbHk68$kEhsFVhU0X.yZbtGAhKB8iGqiMzINzNtCazwRNiW2hC
cracked  ginero  $3$$c3edd532d8cbb4953aef215cc9343ed0
cracked  123123chevyluv  $2b$08$4SrpwfFsV5cHEmO1itQEtu9aw9mkan3E2ldVALL3q11KFRa1BlmoS
cracked  imsonotemo13  $gy$j5T$H8IyJWanHGjuN0r.CMFnP52rDRxZmRft6jnt7WeWxwnvVUHUJIn.Vd5Wy9UVllv1$H0/pCoXv1MuFXaxVy8t3MEOB7sfepn727KvC4r996W0
cracked  15euh7m  $1$GnGTFzaa$3dUj2yAq0Gg2svss9xAN11
cracked  19061974  $2b$09$ecfp9/RCsBpIOQD270i.2.wpJXK67qNBLU23VvjjAqOMOku9fQR0m
*** failed to crack  $5$rounds=1202$uiag/QxO4GqFYFJM$iiTQREDNhKjrcULkh1vHjpcW46cnmfi9l2I5M/MpsP0
cracked  BLESSIN  $1$UiceIfY.$5kdgihnxtclrpnFG3snck0
cracked  02wrx  $5$rounds=1040$xo93Bszz3cVlogZF$Iio53CSpfLL.AL1suMR7hvljQVmF7./6xgSZL27tLI1
cracked  13211996bmx  $5$rounds=1079$r35725KsczkPQ/tf$MXxE/XR7xZpoYw9Of.xqH7z/IZKzPWgbQvfKVcdzGX.
cracked  011990am  $6$rounds=1277$S4/uvRgQPjWfaS2D$QtzKukXSmxma45B6fJLxPqI7Ox0FbQHA11ECgE7/d4rTM44NnXxXvK8cmGdQiSSw7RvUo0kBZaVs.RvvDbFCW1
cracked  KYUfh  $1$2DEV81pA$r52P3DX27owCdN0L3LtJA0
cracked  ars2204  $gy$j7T$6ipRlUA3kMoMjXCfxBUOQPTfbshagWSf10CzaCJUUKF5g.geWbQcvJ6NlOh0Zwlu$3LO4bAtV.oa6T0nkQVPUT6p5epy1lx9GHqW5GAJIx1/
*** failed to crack  $y$j5T$kG4lxl3nWMFUvey.CrN21FzRWbHa/AbD6ZQILqJAZbSXj4FKdDB73KG47A4nNcCq$Y4GGTGKvkKCOzgZwuWAMBHX1lBJYJZ70ADYbFU4UlV0
cracked  vbkbcf  $3$$ce294c98e3d23ef69943893d4e81cb2a
cracked  pugovkaann  $5$rounds=1052$bhFDjpct2EOPfpjb$JQCU8grJmBAXw9Hfxqu/.xsyYSg1.iMm0TTXHp7DZAC
cracked  driver0531  $6$rounds=1176$9ArpKZZjJ/SkR3mF$eXaV74osmlUDyVYZKIAOjwZVHsEbIEVwz/oOh41.zPHVH0e.HFU.L.4C5x81lQgFTfQ8TZWGChA4JASAZIlCi0
cracked  konversia2525  $6$rounds=1361$7kxHdfe1QDuctA2V$Pc8Qen53ESLgYkOT1TBa0Pf8p9KDHBNr6VC3So81rHXzfQFh29BNDiXZJvH5mRIbss2yEyC8MS.BoDDq9kgCO/
cracked  dinarte  $2b$08$x4OxGaSB4zklmuFBZM54RuhIS7WN1QSEvjS6y4xMYNYds.orRckom
cracked  michaelneil81  $5$rounds=1142$OyI22fHwQiUcemOQ$wQtD8gfob/2NuvaXn6Qs2sm6dUrtthHPmXi2IgF9hf8
cracked  rfhbyfvehpbyf  $y$j6T$sY1.2LWJfScWQ2CXNjrCzv4a6it/PHT6RgfpWvTew8XaUi4//.RdoSykA.ucPqK9$jK7LvdelNAktSwZlZKK5F8DEp/lvKVbQIUDUkijXwG.
cracked  cookierplx  $6$rounds=1340$oB9BOeqC0Zq/a/1n$nl4PZDdgK16cr6f8t9i43nLpO0bKI6pOM6zzypnG7tU47KRL8LBfzIV5lNzXDsFPBeUZtytMKzSTrDFnqRVL41
cracked  3621374  $1$PKWrbGvS$t6aZbEfT5XaRtU5aZGHSZ/
cracked  misfits69  $1$R56UedAs$w1hdYZxRVlxcFi8COHaUB.
cracked  crcscreopnb  $2b$07$WtvOMBIrB09lNEOiHsxs4OtUhF57k4ik2H5dpflc2NA.6048TpzAC
*** failed to crack  $y$j5T$fGNGpnRIUH31FobCgGQFJdoUhfEffAUtQKoBSVAwI.rE4hNmG.zCiuevo91Q01/F$yLpoZSiTWFWqHZW3kLJ8ORx7ws78mavudgzdje7s7PA
*** failed to crack  $6$rounds=1409$uGVzs5Je2KfCvJ0R$0x4coJ2C4jTAvd7AEY/.PICbF1wgU4bZKT8i8ntx84bVHvRjVolVuc4HsiNEIJI3N0H.sKWy1idpo.i1m1f1k0
cracked  dolphin13  $6$rounds=1335$Ql7u8/BHjtsPuoLE$gtN4EFrh2xWw/zfbze5H6OOb2h6iI9Ecc1qEX//WNAfOjkVIQndRTocpxwQKw6kz4InCuoZPeWgBIOoTqHaFD.
*** failed to crack  $6$rounds=1077$iY/QhmbeqpPOOT1I$X1VImkehX3z2A.3OGs9Lxh2.DsVm.NuZsKqeJOvXsLrN5/GWdRbvRa7WRE4wgtqIl7ScnaUfZjaJPeLLw3hkk.
*** failed to crack  $1$omUdxr24$8J5Ib5nIW4OYYiX.lnI6I.
cracked  8x0mf9vb  w09XHsGblk5aM
cracked  norske1  v13G5sYi2xfH6
cracked  supermanvarrone  $2b$07$DGNit27vHXz9nc3i.aKSF.DOK0bQ6tLxjNIJFZsHKTKQmCmwSEOHe
cracked  batmanliuxingyu  $5$rounds=1052$b6U/BxJv2FL51XDX$IOhCXs42bn88o4cto9e2PGNG9XvkyI8Vb9bUwdCvin1
cracked  142659  $1$sP0v/lwI$xxFXp/W7AzEPDscLkuUSB.
cracked  25266545  $gy$j6T$kFqSuxXxrqO/JrMkpQIY11SH8zeDotRPhZ1NTNK.G50/pz2hVAEKQ9C4zWTEZuTp$xJ.KMk5mZdKA3NiTfdMD.t/n1Nr8NoEtWshCecea5O5
*** failed to crack  $y$j7T$9/Kf0TjV9zyY7s08o0M3r2c.MbgoZed.Qj7Tlgo.QZufWGj/IcSeJsL86vQtt5GT$BsxmveXaykqnCdCAu68uZJXlN2O2w/NResJfKPVRb39
cracked  .kzrfnz3123  $6$rounds=1092$PxUhM3zKokVtpga.$KRp0.qTJeoXYNY7LyeNlkctLhCZpFy.HYGCO5k6OizDY/eT.ZNPrVK6RPTmuxfWst.T25Mv16gyy1umpr/A5a1
cracked  pflegen1  jBq8p8XGNUdnw
cracked  m0598r  uBYGCMH8SOZQQ
cracked  slayerdiojiman  $3$$5d81a26e9419b3765d05b43101e7fe3a
cracked  RelaxaT1oN2  $2b$09$Ph6gWWfslPAoYMxVJxOnz.r0yW1lKbgutAmxrCRJtIoQ1Pnd3ENTO
cracked  leo1954  $2b$07$DQbSO.kfdIISHz7Y6lWy.eLFE872Ei./F1hz4SW6m62EBbVIBqsP2
cracked  Train117  $5$rounds=1155$X8LKiaXmrNDHYMdJ$JmRZoXQQM4QEgBYf0AR12Cng0oT3HZyY6.noT3wDecC
cracked  129regal  QKI/3MxLF89aE
cracked  2579622  $6$rounds=1192$aZ4ICV3uYEo.6lx2$DlGPSZiDZZtlto5NV7bR3wOFzqRqbSpQlAP.ljWqkDXcJjakryIzFnOEq0tkT.ht0ikA/Al/OQfO/3b4MF/jd/
cracked  Dirk0606  $6$rounds=1315$HsNgthtpAIhRYx5A$4NU403HwrLgdFB4HXWA2H0fi.rOmhAyE0Qm1DRKVn5xUi09qXA7fFyK/NwWCvEhKA5MAkb2w2cedtUhCvbb.f0
*** failed to crack  $3$$199a175ac6088d326dc82081438ef192
cracked  georgebenson_0012  $gy$j7T$VlI6vWp4/LXS73xBlChFF8vmfV4tIgDJFk5sJhG.ehyZ7DRnAO/B/uNhhF23cFxY$Y4WfctBqk/CYP53tpZEFVQjoQisDyNu/UPj3mtD9uh.
cracked  2747321  quFVNWh0iGy0U
cracked  thojim  $y$j7T$nQivNcTzz9yA7V6PugfNTSDqJSp5/ucthEW2rouFCBI0Do4nARwY6sqKyJ.DAL4x$V86.jidj1SmZWrDa6d6m9ImYOZ07CfQDWQoNpCIN/pC
cracked  218dd8  $6$rounds=1255$BsES2WuJ4EjdbP3b$B45lxl1vQAMEO1f71tFJE3L7rqtw2guss596QopV3xOqJJ1ncsFYkFq9zSMrXRKEOFkm/aoiyoaUQ8YN8XR5D1
cracked  zgmf-x10a  $3$$b78449cc4564723773a8883b4cb763d0
*** failed to crack  $6$rounds=1351$PDDHcqEtqcVrKBa8$YCK3jggYiex2n5vL8.TFmUynQRlLrlcNqiykUqeVP94H2t4vAftzSHaIkrsexi5ZsJOtHBbLAnGVOJKPTq6mz/
cracked  dixon  $gy$j5T$bC/imXDqJCcaEJXygTkRAuUuvbHOW10UPMGqarXpfiN4urDzBUOYH6/Tg5DnkTNM$pzK8nhjw9eJbFTRCKSCVSKelPeImSGLpZKzwWFl6k98
cracked  HFT9H  $6$rounds=1330$bwWEFESqcpoEvHuL$j41dPmkXbhznZZsgS7M5C/QWVU54Es6ZniVou2b/UdCjf7QZjTyOzVEkgqVNLGFZucYQ/VAOhBSBJ.F3AWdoK.
cracked  7332900  $5$rounds=1374$WZe7tk/V4nRw6dTN$.E6zMUgvWdB8py1uuC/YsDV2K2H1IWg8MkHB2M30dt2
cracked  jester32  $2b$08$HMuI.h2oPG/aYxGvZ1dRJebrgRWQKPZQNUDob4JgV7F1uEK8J94du
cracked  satnamkau  $1$K36MStsw$2b6rzNXZ8WH6NzZ7tXgq5.
cracked  jflfw190  $gy$j5T$B7XvJZQDaz7yo68eafW6XUXX7rSdkxrXVAhN0jHaZkuhMILc9wJVYoylD.awhd2y$s0vokwESSvkQdzOHEgcHFYLxvAfxwSeLBiKOiqG7E2.
cracked  us1371  $y$j7T$B1FVKqwLsA5iShZgE.N2r4LE4PC4RHp01Wi7Sno4f1xxJu8k0LWp7zVZR42v6k3Q$4gucf.EvU2uoDAJusIZrwA8PhiFr0ZG63tE8Rywdqp3
cracked  intek9  $gy$j7T$djSTp601hKKrZBHxRuIVmSgSORJ6.iE8VS8XT18CYaHH0MrUBcGFV4PEs0JoY1UN$D/fWG.pv.nZtLWK.BdJ4svERCd4NJwoXQiwlvwGH4B6
cracked  w6ajyzH3  $5$rounds=1148$B00MYJhncuhLfI4t$ECWwIXOiHxBZSFOQcJM.JqhJwRbGrKwCJdzOdBu6l37
cracked  tvivl  .SuK9opSOKdx.
*** failed to crack  $1$cl.LpDhk$eYdEqnL.vQ4r3SP.JYL3A/
cracked  f6707788654  $6$rounds=1430$2HVCrK3IP2FxD6Wy$dzpRGE6QzgfUFkk.S6LyrrvexXpr8JFyddEDNWC1F1lm6ayZ6PU6eINMLs8OBbmA37lJVZd4ytRTA2AsP.CVB/
cracked  alpha48389  $5$rounds=1231$3ugJwh56SfcJUzq4$yda07ka4qxWRkUO6BubeaaCuGffyONYsy9ozwJ.pIzB
cracked  lowness85  $6$rounds=1113$4P9b5mMxwV4e74RN$EaGknPtw6tNTvRWci5msK1.XkwyChPwZA8HwjNfwIrrrQEe67HAqysTIeCczMmBmoe2egxJpU1cWNt.VL55bb/
*** failed to crack  $6$rounds=1016$ur7G5/GRi.XBFaSD$2/WV3ZQyLfzeJtSKHyJSxK6i1bJfGKpb4IUN2VRUODyGZj7PTSvQiy8WN3ETSJPB.s6.87necSKpNtq4YA.zp/
cracked  ohallah  $1$Zj9j5la3$HGugSENLrPchRP9.XCycg0
cracked  nby45y  $3$$31f7bb3e9086e7ba0b1cbab335ae5c63
cracked  almightytw@@  $2b$07$2/Si4qgBK2rv.1e.I8gPJuGNqbkKG/VyDPASbHg2H7hi2U0W0EF3C
cracked  oguh09  $3$$13600ce4e184afd4a0e233e067a5bd2e
cracked  06031978n  $y$j8T$hamp5FmFfQeoHEzF/vEZO.GJQpLq38Z6iLstfsrtMEjjw1J0C.zw5y/erfa.kNOc$6Vn7KJCy4Pl52/i4OWY7HQM0vHWYeujc1cVXVL9Ugj.
cracked  648945  $5$rounds=1318$LR2YWUFEAoXHzQuq$U.4cw3HUrse3axH5aBxBFH0IRcmzljJXadGCOsR9xa.
cracked  2905031  $y$j5T$l8HPV7F9vH.UOOLofG3ghxptG9SnTfRThl3mA4cR2MY2NdAhg3URng1NR094CRqD$SoGS13fcFcldoQY22kXrbUEIdbn6AMf06ebVhakN2X/
*** failed to crack  $gy$j6T$DPy.4wsjjzkrjchkSbbkcxPDCpPAVWQZ5WzpMPOzYmwvmwU3.fqZojXsJ8JjOqul$kzhnpbh2UScx.UNH6gQXBI6NV1sOkmDB2CoAYv2qcz5
cracked  blarkdat  $3$$953163542555dcfb4d07a963802418d0
cracked  holyvampire  $3$$9acbec60645a2e83d6aa2a9dc67c8f96
cracked  101TlARaZjGdc  $1$zaHsMfkL$ONx7gxGyAhmlakrlApQVa0
cracked  341080  GTzqaIUqQPJ5A
cracked  10_homutova  $1$zxdHR5Xt$5owVf7UVIF9MRx2RctmxY0
cracked  toshiya  $5$rounds=1043$AC5Xzi4.yI0mwOni$SMSmpK1pyD3MrAaFaltd/QXQYnBQK5J673M/436LXNC
cracked  w7hGh1XHgID82  $2b$06$DsX8qjj4giO/J3/LILiBF.Xxb9i.vo01lZHjq6JS8XfJ0cZMFhZOa
cracked  973350  $gy$j8T$8Z1gv8IgoD2qQmV.oa32aacMS42WQroKa/9XOxtArNHPNeCLsJce.N/FG.oPZRFE$AA4snsWLZOOLy6Cf9JWVwl6acAijVZ7iof9Z7eWkiw7
cracked  slayerjoeemorris  $3$$2077999a8c00fb76c138a50bc1ec472a
*** failed to crack  $5$rounds=1137$aE.URr0dGwXUIgbD$RCTYZJGYxJJqjxKnJB9MVgIsDWxEbz5fF5j8E9uNWP5
cracked  greymatt  $gy$j8T$VslhCQBk1JeEDo63kKGuQclzlvhD5wAdM1jklvEKq8MiSi8hmHiF2XfsRve0orZh$bu489gCmsa0SPloO5tgg1MTG7p6k.2DdfVRMela8Sh9
cracked  magomedova11  $1$SFNfg/ZP$5cU2j0jRS5bGHpw8LQvW7.
cracked  240171  PE63712UPIgRk
cracked  jan119  $gy$j6T$AoZM4Q1SXf4IsLidTuaGH4XxzJeeuPF5Q2jTjDn2dWG4ircAXlM7dGsOWHelCbAJ$tV2hG6F6ZqySvc37ZtqO2AuiWVDyUDTtZPmAg4A1ScD
cracked  59065906  $y$j6T$1W415Xw.B5Oa8rzFzwZNeshcXimN3shstRU2Rlm0x4KjFwwjeddpaKWWn9RZMeWc$mbarIuiTGFVqdRXw71cDi60C7JRrewjz9/9HRcoofw5
cracked  heleneee  $1$VRMvervp$3SGsy3lb2SwpAU.9hAVor.
cracked  forward7  $3$$832c51ec81d9d3ca4adc746d13180e0e
cracked  mmhomey  $2b$06$xLiEUkWojOj9mi0qKyqMFe6z3tW46LTzCRn2VhNufxNIoUfLpubYi
cracked  INWRFGCT  Cd2jDdXGhdrVo
*** failed to crack  $2b$07$R645Y8ANtK7iOFln.TqjjO/IASqMFN4gZ72mjbDqXtSsMtFaiTseG
*** failed to crack  $6$rounds=1476$bD33dU.HwtIMRmZF$1gtniN5NwhBC70MvMHFgh1LBRTWLG2XeO4abQ3e6CgTM4EMqOSu1c1Pku3FgNrwne4to6b7C00wJha88hN38z1
cracked  HFWUHJZR  $y$j8T$toqhJ717TgPoIH6aiGDVqzHwMnMtljrRKk9npKYy5HwDXPKL6MFWKKgcz6gE3SWp$MUCs8jpC0blc/DMkuEiu5fA.sRL7PEhrrdUPStr8LAC
cracked  panapana  $2b$08$8jw8mlfIAEIZQqLNB8FSweCtW45g1mwgE3gfKCeMWaoDL3OcDGVv2
*** failed to crack  $6$rounds=1056$5tAeW2HlNiciSdY/$isqBNrmwUF9rGywyq7CK/Woj.lHz.rn7B3plp4802nEdT77ESPYZC.ci70nzM9SZ3R5TdXQaUwFZ7wDWi1bAb.
*** failed to crack  $2b$09$04lCO3P5FZRLhYTLY9umkOnnQYjXKn/lMxWGPX1NnTS44IuUPlFwC
cracked  mstr49  $1$W9Jj0IKb$16Dqx1v.4aTlEeX2peEjn.
cracked  betkovski1987  $6$rounds=1295$vY.RmGPynha78V25$lVvH595PTkHK.EDzHLkOCvJa1fACVts15zZ3FZivNaw7WiCrFA51o.LlLarAyeEGcYsRQvj/P7fzxU.UFTT4Z.
cracked  5091504kris  $gy$j6T$Uh7t3WN5oeQ20MMWsOmi0rU56Bvbj.s/eUwF.Lb4RG7YzPgPIAorGCgFDYZJq5g2$edlM4StBoZoaH.jvRlBPPW4l8crs9qGjv1BpFl/S.VD
cracked  0531254938  $6$rounds=1470$3vgR0vjZaadMwwY6$WRsJJBccTWNS.UPZVDpA5Tl.7EUu07B1f9fetiK5yH2qJpqAza8Ldav6YYdB2ISsQ44UYQ5Y/TBQWSEP2Uijr0
*** failed to crack  $3$$4bd9164dd10a1c6eb2b9532dd55846f8
cracked  asdty124576  $3$$204f842014b33ab9e771ec5b765a77a9
cracked  chart456  $gy$j6T$N18DQZYIsYjnNcQtWBokedVUGVcN7PMlA2AKJ0WYYfeUUVStz/UDQWZoCo91eBAT$mFq/.Jti1U18PINVyJ4XPJyapvctiDPt3FA1I1588SB
*** failed to crack  $2b$06$AuVwH.VAfjOEoNbPkpYzueYPqwS4tx58yHYKtAHw3LQghhnSZf2gW
*** failed to crack  $3$$edfe5938189e1242b3247e394c92ff4a
cracked  Baklan88  EpGoJwxh8xiVk
cracked  500405605541854  $gy$j8T$QyXgYhjSPDjwLB4FDQ2lmpdBxDaKUT3E0nC9E5qaDnPl82Y1iTZHYIXo140U41k4$k9ETbXBn7GmL1GMSf14UOSInTXTV6aNIYhfOh9rBL/C
cracked  42413  $gy$j8T$jOKUCbxvK.BLSWamw97EE1dmGN3wAWf.Xylc1B7jKiazUnJn9oSiY4jOVyW8zRd1$T8yploiCYTqONmd4KCd61SYXEguCc2ESnPLmc3N2G5A
cracked  89rm33  $3$$0286e9cfa350ff2dac208ba86e5e8642
cracked  erinna57  $5$rounds=1042$Q3VFO1J5WhPKg4k3$d5DpEvvvqdUvuP5Xx2QeeKSOhB/OmDNPXY9Wev19q11
cracked  dzrm8w  $2b$06$g8FRoYh6c4k7/3o2Nq/yy./DdswgU.ron5C43O6sN3WhXFZ0DeiZi
cracked  puscino  $6$rounds=1346$o1tr9vsnLoonKoH.$/aIxifM1ucs9WY3ZYSnAr5HrLlqNm9NNXQ/PuZ.rBrYwoqWdoN07lQPgp2ujXYHcV.MwXbOOTx7ggqafaFPNp0
cracked  gasfitter  $5$rounds=1133$ldRobX02WwF/wEDf$HiNs4HhMJqRlfDRjgvdEiHzyugX.AZMSF5Ho.J/MOR4
cracked  sec5xe9i  $y$j6T$Bga.SfAQL7VsjYorgwofCVrO/niG9b0vGrYgtO0Bfqp5oF4ytZmvREuh/GftZyi/$a1Op66bvLuRarqYFLfxiPgzyZTF8/KVPkBFKhm3KFyC
cracked  okopok  $y$j5T$8L/4hjfHXqoyzZS2EBF5N314Mr0tCG5RBAEvnqDo342V9isEKjLiAMvr1hDi9IVC$AaECfW0j8pg2UcSbRK6eKkXrVX3Lrc8c8IGZ6EtPoh5
cracked  kfywth  uLv2UIW4LgSJ2
cracked  pallini  $6$rounds=1254$Lg9kE8Fo90dX9YAV$JbgFIe8idNGii.TtGBLy/uVkOOPmnT.j18H2ukJKaQmWyzyjY35llHPu/V3pM7A0hSxB0EunxZCqai..5Hz1n1
cracked  9450469262  $6$rounds=1435$noAwBk6iYL2.lZzv$0WX5coEpx/l4vsDmfDy1TKdTcQH/1ZS34nz0.lEpI2FrtgXZLICmS8M7MR8ktYfe11ZdZdzwlGUrpn06R4vqj.
*** failed to crack  $gy$j5T$AzjthSFYUA61/KR0H28EORhCgogWdLPFTUQtpMH/InxbeRCiSrx7zEHvoisrawxj$nu72Ub9D5VdBMiaGHvm7KPk48GwMIHMVUyqGx1DJ7R9
cracked  007gus  $gy$j6T$GHSnoOF.mZZIFwCx4MQxdM/cbI8Bwx/tHypiqXrlXjcKhkKwHa2HRcKlctcEjh4V$RTpkQUuP.BgSsurMF7JSzdnSIRlno8E9cZu8h05cO0.
cracked  199545013  $2b$07$eV52IDZJal2JA68r3p8e6uobmC3TWrBqaiSYz9BhNEMEAMOKUYgkG
cracked  mardan1  $y$j8T$/WkvXSOqv4AnmGowVX7YFDsNCD39yzUcljwrezyscnCahQaTOqjfLOwu8cxi86b2$9A9aVPx3Sq3PVGoi4tmhUxQEuoG2paDPyUrdIVu8tY4
cracked  1948jeep  $6$rounds=1343$U/s1ACrbry65rraJ$gWE2f09tzlPgPAKTRORjTVjgawV4SktxhMPkNkTI5gyz4vZrDldc6mpYqDzdyEGqU5nbijmIDvDH1cSIh3j.70
cracked  pfygfrnj  $3$$4a1756f60eded7197385cde5389bce2d
*** failed to crack  $1$6Vl99Zgu$PRFQWq4mdjRoAviZnNsrG/
cracked  1234567654321a  $1$P/2ajx1V$Y.vid9ZmYdOn0LQDsu2cO1
cracked  tel7330515  $2b$08$s6s169stYbaY9cNrQvhauu.q8vzesWSh2I6G3IyWOMCpPER.MAYA6
*** failed to crack  $6$rounds=1132$1VMUBb/rFJ.H/sin$bcNN/IbPKyPNBBppjG6ODPKLkxFaKnxprUTVJrmYqxZ3s0EmgS2/QeljHG2PUMSxKPMAgHFc4zJkSDXsbeqgO/
cracked  gonzame  $1$mC7aZQY9$ebDwAQ3Oy7ARvtmIcuJi40
cracked  ho5ozimy  aySw2j8Bnjul2
cracked  123456mahsa  $6$rounds=1150$2Dukh6UFyXIL5IIw$uCtO9ApgJBGCeJ6dmTsUugTFiMiJrBXiaV9p3cBAk0pgwn9qZ7rkHRHXlGHw3XMjj/1frRdtcwRd1odUCIECE0
cracked  CNDVMLXN  $5$rounds=1487$tY532QIB4PvHnYjb$iLuWnXrHT1MXwCe//S5uypmnH7odpCHtgFjAvJby9pD
cracked  hanage  $gy$j7T$8oPk.huin8PXZfldAwXXIJyQ1g8BBHh1negUknFhSsdt5aJY5bLGlFuX3QAydBTS$y7KIBvjNLPYhVcJWE87XVdiFt53CAZKEmGj.gioNcHA
cracked  l1g2qyru17n  $3$$0547b57fdbb724e13ed94fceab98355a
*** failed to crack  $2b$09$QYjbMyR3BX2gIoCzWGqehuJZuxk0tOHljjOys57DBLyHOsVst2dIO
cracked  CxW3Y9ZicP  $3$$f3b88b6007565c7e68b8f2093160f3b8
cracked  cinese.6  $y$j8T$C3kbgLSLyb8LA1AunAMmRyMKTYQIqDQVxv0ooVhluT.0wuUjA.nZcUy2mOZNC9oE$qkFaUGkpilqxM.DT79UZCOIe5IRTAR.kyB9oF8NDNS9
cracked  henvi1  $gy$j7T$rvWSI8PrwVd8KiKBXLGkjNt0l8Y6MGFvhK.7oSlde5PinR5pEdWPURLxT3TV2OOc$SJXEOYULItEHueDFkPzlI1kSvRNn7i3up3nsU.6EK19
cracked  LNvYpkAfb8  $6$rounds=1065$ixE6jL0y4qpa42G7$YlkVL9o8aNfgWytsLSR6XRAVHcZivVPcCom1eBkH0bX3p8t4/iTGGQej/67a5P.tHnbKL1r1FtEycsw18ZRua.
cracked  RiverIsland67  $y$j5T$09KGBuy08mDV4KIULaZFp4D58TsTYGlF5bWtGi5Oagshc6ayHJf5VzeVyBLyOO4N$ca5r1piOCcADTCumgF4oIgZZMNJV53W32S8RTWP2fy3
cracked  paolobussi  $6$rounds=1232$epDKNxEpU7mStJX4$niDD9VsCLGghX4V2iAHCr0HSV8YiU8matx/eWvyYPAvPtqrfb3k9ClQoXrPT7t/Fo7s2fQyA5.Gheeq41PLSS.
cracked  zno4n84a  $3$$92dff74de8ab3d7786d3caaf9870537c
cracked  jdc1010  $1$zaSwjlrG$UrQkMOscYS./znFVLqeEA.
cracked  epeephea  $y$j7T$zDD9JtEvKXAAYcxzgzFRYvyIuHuNj9OHH/.vvxRp5u.eYPD1NVqt3QBLVknQ53A.$nl1IuF4uT3uq5eiaSb65TBaUbN3eJhDfhUAHxFkFMFD
cracked  ryfptu75  TjTda6AbvDP0A
cracked  luxline81  $y$j6T$FPEE2mnoky//QLYKeZ/ymFC1EvMNKfB/2wOhdCNz0jMVlLO5n.SXKFVVdbX8id6N$QnIsjHzwVded4FAikDed7PEKeZxcndA7XcSHT9rX352
cracked  51251252  $3$$70c34896ecafd2e4c6b9cef701b88312
cracked  19950910lera  $6$rounds=1310$35Q.PKaVbE.XMqcs$Th4YlPp7cY7uOfAyFdwh6nXSCm.l.JbzpeQOKCO1lhkoMfsLl3MbnIHTqHj5tIEx85U8DXOnjoc/6SCsNZWA4/
*** failed to crack  $6$rounds=1466$lzrvUnt1X8fSITKW$QFVglWHRrwRxwPjkCwVC8M568VScY6tl99BwF7KGjrmkZss7vJqg3zBMG2LujI4DmG5MMA1Y05ICEaeZHuLtj0
cracked  1e1e  $5$rounds=1430$bNSav.6lIFbcLUjy$gE6tCfGCKMivlg/JZVFZhCvkAfbFI/DpjWEPFhANc0/
cracked  9579192  $2b$07$JGeXHP0ZULJ/z8mDLyYqIego4UcvSX6.7bxog42xXOKce1xvWB1N6
cracked  eija301205  $gy$j7T$yyQDLFuodDtK46iXhruoOi8uwJphmyhsoIW2Pvlb60X/Wf4YqGxb7kkYXf0zuKgm$.aLtHTic/UupyQDAFjv.oVHKHGAR/37SUT/aO5GmSeA
cracked  pedrosa20  $gy$j7T$AQzFvnwJuWph0/x1t6eub3.P3MAbkxQpC8svyTzeBUeKXYIYfENlxo7nSyp4hs0w$jCeVlOy7PQ94QHKoFuMnU/jtaYtoRH.Bl7uZak8dg74
cracked  1248677  $gy$j8T$CcVP/ZcpG7wwHtOq.sX6cY9E/u806fAmP9pSDR359YHy5XMr6fa4Bowlz0zAkOsP$tlPJhNeYTT8gX0XkDnfv0OfeQwg.gL3aN5h2JhAOUM1
*** failed to crack  $5$rounds=1084$7g7V1Tq8r4rphnIi$FadUB9M0wTz/oqayePXFXGRrBg/JCdJ48tTH8Sfdtx3
cracked  emcg552  5wPylzYNCcS6g
cracked  johnallis  $2b$07$gZQ3uMQrV9ZHF46iFx4G2OuepYpB/lx5yF7T2EGzj.upFG3IuO1LG
*** failed to crack  $3$$759ff189ea725fabc292717ea38f80e2
*** failed to crack  $6$rounds=1406$OxP2qUmSqTwpeJJc$S4.FsMH6IF6keSWCic0jODtOt/84gxma//KO8NA6zs4rpWz1WSc2MDpyJe4dXNUQ3tCY3bkLj8rvjxMZ5n7.O.
cracked  fat007  wgf3/u6d15IaA
cracked  Deepashri1  $gy$j8T$aj.tOQg2m4IGueG56wdQbXAbNvruAifMTuzlioklICdiU0WFwKuqRuADznS0B4gm$OVEq3loX2MJPLkYA.7l63l1fRnIIB9wSA02oRxNdSLD
cracked  522kmd  $5$rounds=1103$AnAhtMaRDJmF5QKX$waBhr4N.IEhF9MfSM8WKEGiAl/VB50InjGFKwr/uIYA
cracked  mihaskate123  $gy$j8T$ofrsQCD1DQoicd.u9dz87FaS55Srf1tngpmO8QYhhNkCO6KHk9df.c9JiQH2D3Bo$OiQUpqVIKQdAU5vn3tQC0Fq1wr.auQIgIHXzpDzBMn0
cracked  boatboy  $y$j7T$9qDHcQozN8/BxiLViRPR.WlKqJkKSMdzBgCsenGPYuO/uF.ShNaYw2g192eRWhUu$Jw8Af62KSSP9ZzT46U42DJEhFk5hQqRQQzcM0kHwMvB
*** failed to crack  $gy$j5T$DvrcaW2XFV5YH37TkgTdyFlnqLkNwirQaIQ8PG2ifIJn3GDxKsfpgnLZcUGL34QL$cjj1XpJgq7x3Ag.owhu8u3RCY1s8oiFvyZcwgshOpz3
cracked  Henk44444  $y$j5T$G22lEKwLtuu/ffR57PcAg3qa.adtlcE9Q/LBRl6X8OfGOtwxDBjlW2TNGsKdCSku$td/FcvpIsZ8oAuW5gsvSPrPrZ9pAxNhYNcr2SLiYOJC
cracked  Bm100877  $2b$08$WnCbrRUqj5T/fBibK.65He5YR0iRdxYgvAAFJOobhFIWIkKcmLjjG
cracked  summermaxcowan  $gy$j6T$8/1qMnrWEwwW9Ie1Dv6HdK7O/fWHtQTHxTZhzj3yenNjhpOFYJF3Gk2LyPA.X/g0$7P7F9ceIqxiG.hwHirb717Dh8W4A9o0Qj0.10LE7BO2
cracked  cowboysdig143  $1$CzJGoSdb$eKgKOt53mNZAvZbcJA7Sa/
cracked  verroiadeni  $6$rounds=1004$aR1RRNVKG3.ta4m/$JzT7.UI1GVYs2UFgK3BsV5mXzgDyZ9no3qOOwVc4AKfqs28WoUpZjWDPPE2DguMBTq17Hyl9U62ZuBDNUFga21
cracked  11083119  SULe4dVNOSfwo
cracked  952774945655908anton  $gy$j5T$b/eWq.qI7q/v9ym1M7RJB01PELdQnXCARkpYHmEGchGarELocrxydBL048F2juGE$nrspTKPzeihG588tAvbUyjegp71NFJ9Pc6HtGy1ROM0
cracked  09786534q  $gy$j6T$zed05XYxhOc8bbLGLg6E8eXUxMUqwdWfTXVdLHhLJPxKQGNjHSmEuCnO71dw9od3$BES7rJvQiPRGrrhzzVmdk2k65YJFGWOnGGRfuix.is9
cracked  alekstroy  $y$j8T$3UiM8fQDUGH2sYVM5Z8eJsCLPStPz8utFplAO9Gagy4MsI7Duay7JYiZn/tI2WwP$LwbQ0z9Oyw6lqOJgDj5yGwM6q1ge0mkONdmMVDTHyWB
cracked  y19891119  $5$rounds=1177$c/VnEgpV9xa78MFO$AaCkD1ckiaVngUEWHfxliQCqlDy0/jSkoTXl2oDfHY2
cracked  purita  $y$j8T$XfynuLmoCYMX7z.vUG00Qy60.ts.YuwpYk8qT7wN7bAkc3MxxWbMKTHAnlW6t.nd$eCEPQDxvWBxBLop4GNN0Dq1xz3bhbNBFZ.pZMc8SlbB
cracked  bunnysuicide  $2b$08$bGUjlLm6OWroe.y8bRAq3ecsixGe47jRyzUHCydNGC5u8Tkzo.GFy
cracked  45681234  $y$j8T$tgJgHbWjuqg6bcbqw6U4fIANJHoXpmvCtEcZlP0zijwKZBOMZXakndoKnMHgO8Tt$aTWQMV4e/0fc9hDl3BGnjSF5/WdzA1HpVAE.orKYsV2
cracked  COMMODORE  $2b$06$HOgTlIdef8RgKCwnE4Q0oOKtETXcH7aAq7xKdv5tVRPW.YCPwPIyS
cracked  jaredjoseph  $6$rounds=1218$qRHiWzEjluf8ZR4B$NgBCXDEes0KGHFpO.tm.E1dsc8MOn.93NGCq46M6pcqxr6oSYX0Sj4nCs6W0A20N9/JWE2UEa/TaUx6Q8MkNd.
*** failed to crack  $gy$j6T$V2.tnean2jcsG.G8Dpe0Sbx1nx1rwYK1i8dRFddISKxWJVSs0fx5Absf2BLoBnLM$H0HaM7uMTiMMCQkoeQUWwe2/FBAF9HxIn6F0HF8FD0D
cracked  83825199sa  $3$$9c91cfc9b3e670ee093a33b1c42e80a2
cracked  xenia696  $y$j6T$lZNmT7pUHbaoFgNu.dYjIJsMyZ9Rcz1WZhk8zTGyEVWHnCpG0BXBnKRODZ6gy7hQ$C82t0LZlOtVPoExZ3iUe4OYKnwaGc.p2q1EBvsIzyA4
*** failed to crack  $5$rounds=1404$u8Mli9adNSItRZq5$.M558zGVmj/PuJUuFI/HLOc.1UAde2297GwzpGDRVP2
cracked  oqhrl617  $y$j6T$YIGTYAtM14j5NOWoSdVFso7EkcQDvqjR/IS.nHjv27eAuGjjyqDuaxYcit9AI6ie$VcMSrDOPhrqNHq7682rIwWFsP15rP.Sk5/iv9I/sTj7
cracked  9330930  $y$j8T$WskDnSI9oROKO09XfnIxeZxqaQdttyugyrKYZXF6rTMkVNYpBd5R89sMs4yL9vqA$a7hAkMGDQXxfe4sgU1qv98569ur.fOSu9J9wJM3i7D6
cracked  XXXTOP  $6$rounds=1415$xEAqaHlD8Xxuro3z$WFb3dqtb2KC5EduWq03DuzvaJCnk38Vjzgd7LPlRFZLogV2UrsTCiJvKGSSVnM2ebeloFIXWigIzgbwEEVdGl/
cracked  jess1312  $2b$08$8xtn2TGKdbcoikJ0lo3b3uMKxJzMQWx9dDFz0iWhcFd1FGPSrk2Nq
cracked  270487alania  $6$rounds=1187$3oCtJmXlRRB7MAx.$vSZ9fRx5hoAao1rixDi7daztM7kfArAsJirGY6GwIgSxHQ32aY4ONc8BGc6539W.JcUE26tg0ZbzqcUhXJmc/0
cracked  wimme2  5qHF9XLH4sXmI
cracked  482724  $6$rounds=1251$ksk8Ibf.69Fcebro$KXEJXtwCz01sfB4pwJeS.AU7OK1fdDbLU8jpjZCH1fw8.yzEZFOIRm9sLsjjp5L309/cckLgTS2.jJzAhVT.f0
cracked  jAZfQJLlosavY  $6$rounds=1288$wd2Injjrcw2I7XRa$amtCOPd1jdj//UCXovFMTcmveeAYL.Q.IZhwsPCbQKnDcLRxu4kusHFzK42OtfhZQpkm9C5Ly21v5kj6zfEnD/
*** failed to crack  $y$j8T$qCI2t4EiStm0I1zLwA/swx3i0.TNvc3TjBe0DPv8ZzUPnijkTQpEDOgwnnkAHF9n$EAFzj9jMLz9rQKaYVaNeaNmBnsFZX1evlX3MO6rj/I/
cracked  liliyasch  $6$rounds=1186$zkTyonVZsv9PXnSX$SqmcVo7viE4xzyoP3qQ9M6YIpnsbuXMQlJXJNMAtGZbTAWC4Th3iPFkJnjho3E8cNs8LnqzK4Linw5xdPli1B0
*** failed to crack  $gy$j7T$GGMQzKESr2F66dXX6XEZ1StEmafaJSzmLYbkiVMqqUkZu7R8d4NCKYIFFZNG.ura$/t6dCL37QsEiA4vLlwTL.gIf6ScdkGZPCXsRn2wft4.
*** failed to crack  $1$r8XkDhcT$JPNIkk7XnMw.dDmy1WYbw/
cracked  dietlin  $3$$9bf0847a3e88028b33b0689b17218fe6
cracked  victory77707  $2b$08$mZman3NeBkICRkUEmY6lE.H.s4YJ.REqtpGJRUARceeTI4OUBPms.
cracked  BFONFA  pEUje7329m17Q
cracked  147na951st5  $6$rounds=1407$N0N/RN0xdy9nP5jO$0iSzzZHEN5dCpZW6qO78WCcqbOsG/s97gSi8hPWeoMPsY7dJX.APzNaf/T4Go4G9y7ESIjxdWL2HCitH3twge/
cracked  3067ccdx  $6$rounds=1450$XP1GUlyZ3R6Uk8tw$ktnV9Go/wCSpvrenWcPFoidfaGcbpz8Io5ZiCvguq1UJTMqdoXM3dizPLVp7OHxe5zb/2/1jFB0LB/Lez9BUW.
*** failed to crack  $y$j8T$XM3VVD5M.skbAqTmyxUL6cA7eM0us5IqN4PUfgEr.vycnhN0KrgkeKrzql1SFsQl$FRwoc2fpPaCIpJwkAl3XpCvI/NSh5xCubC2nUl1AFVD
*** failed to crack  $2b$07$vDdW0x/GydwKUe0vOiuJeeDyFBgKsSidNYgUPUJ7sFWzGWWmIAg1y
cracked  13b45  $2b$07$l99f/pEPuTuInv2AG9Edb.D.hFlPECXZHTyXpBkTawt1trLKdyfg.
cracked  audit_wbg  $6$rounds=1002$5rXE4AJ7GXh0TTFi$CMZWZV9xZ6TPFjcKzemBNop2S6EIcVv6oLtQKC8/UF9Gpn0yJYtfskw3qD1swxxAgW3WSxpsvJFmlEJJErcPy1
cracked  jenniferregilb1710  $3$$a650cd2dad8ba3d1dec575355e965e39
cracked  bunhead33  $y$j8T$vj/ZvSlnEnYx7QkfMbD17B7xYjmqlRNCh1L2CWZ5LbReBRGFhv8GZlkmKft9jQQh$OAsdbiwJi4R4fwewTruSFBf7Myx2LKyKtv2CPQt32y5
cracked  548A2645  $6$rounds=1370$Q/g6Q5Ai2VzVcK1b$V1Nfemeui3LYRLKnqLyTD3x9VAYx4TamoWD3RSAAZ7Vq0Qafjk3PLOoGN8MEWgEC/dmTOt6WUks5hvitZHG/i0
*** failed to crack  $5$rounds=1482$sGXlqdSS3lk1AvP0$dQ8WxqSLQEDGPq8yaS74s6ztfTOCm7k9Kr4wQ88SHj1
cracked  gene480  $6$rounds=1179$gHirh1Ogf/HRfsVF$A.VVqrcl/0chr19QM667ejOedRhLawCd8mHUnL6Hu9NdvWkvLmi4ymfODi6wO6O2VPxpwIbnQvpKgvFfbdBci.
cracked  jmbutler  $3$$d745f92fc666dcb57a218f3a9d614542
*** failed to crack  $3$$2f30fead96a49c919f289ebd031078d1
*** failed to crack  $gy$j7T$w5O.d8Olt1rpBggciyzA.dbxIUjd23m1PsJzRXBYcNOAFmBpUGtTVV17i5CNyopq$kitNBtLQgZEPR9mZNwK6a6EFTx9h4NOleiACfO0dVn0
cracked  muslychi  $gy$j7T$vjN1wxNFc18Nuf2a./qnbqLJagLnsSftz245wBGj6fdq8Q.OS377kYJcxBtqNxos$C62cAR7WNKg5zGzyzLzaD5QSL/V2E23wy7Z2zHQm/N.
cracked  Ingexxxx  $6$rounds=1073$eom8onwcn1Mc6k9a$uFNs9uJdrBnrClTHRu2lVr1DTxjqHE6rfnHht3ZZmiskUSzPst4Wea2KMCQb/yn9FwxyuWoPzd2.ylYefb33G/
cracked  simon1379  $6$rounds=1109$WXc8Rsf4fvhKUvwH$7gPnJygoI7NDFmQKP3T1vdpbxL1OVmC5MxCYyJRna5VvHgPqvGN/2wBYASeic27odBuBllh0/lH6qlHmSnevQ1
cracked  scinti13  xjlwFIvQyOMR2
cracked  sisico  j.7iXsAIuezZc
cracked  a73xdeny  $3$$ac3a5ae4d86e45b3ef7ffed80ecb96ff
cracked  evelyndaragmoreira  $6$rounds=1331$ojkp6RWxyUnC.wSG$XiOLDiHui7lJQbPQY3.33Wn8BdY0Wg3A4pCqH/cIH00FLApYB2lOr/PolZ1H5CpAwWJB3NUCVS8vhsWJxFX6v1
cracked  Norick123  $1$orURhQup$Imve9wioQlPBqx2KTtR6/1
cracked  31jpou  $5$rounds=1496$MKdzr93IP3i91ACt$xiR9PequhqoUgvMHuim.RtwfQiDfq6QLNokAGh8KOLB
cracked  marks74  $5$rounds=1008$y33NKNh01/XS.BKM$Mj1Iezpc4GaxJUYYhEjmzOYN/NiDV/jX0Nhdx2TZOS3
cracked  joseph96  $3$$6074d4db8a5c073831ef079ffb5cc10d
cracked  AGASSI8  $2b$09$56rEZyV164PiHREZ3djD5u3ni.rWfeZ4TnpLhDfTP4vgwbFs03pr.
*** failed to crack  $y$j7T$ftVgtZlwkIcZ2OLz0/9fSFCzb8W.dqDmPyiQaEZ2J8nKPBgMG.Kp8cx3nHoE17gq$LRBlTbcNFXRlkGDKsPX6KnKFQ2iF7xScsw0n8vDc1QC
cracked  zx1000  77ifpc0ug7Egs
cracked  sasa1958  $gy$j7T$.bPgZ7E1oimHeKnh65lEZLq7g6CZrj5/UEpHOj3iSHr0ajvA1VQgCz4d7E/8.1LG$MXMcQxqKE122W6/MQBUTOB7sKrgYzJdSY7OJV3c6JY8
cracked  cho514280  $2b$07$h5uQpWu6.mk3Mdp3XMG1KOaTJJidOCY8zw2yOFOiSPbXl8M1kEGIC
cracked  a54321a  $1$J7yXdUhn$jwXzWQvdAO42FV7nlGSCe/
cracked  kristy13  $2b$06$nJ94d2Oy7i33mgyRxYswv.08czbd7WCcfToKGuFaJFjKmkS7HPL/e
cracked  39143810  $gy$j7T$HqmK7e6qrJb8MFZEJurNBsZZr8M85tyqbp0inZn0fE9ypJkyBxnZIRsXUa/Cy10X$nZM0oJRxSCry3nYKJ9GtVoCin3n9ZhMp0QgBHrJsoIA
cracked  perso652  $2b$06$JBLgmghjkYhyBpwqf6P.7uIp3rQqCplnrp5bSABw8aqcPXi2JRTH.
cracked  27121984julik  $y$j8T$8SmhrAoWZNh2uo4KtSOiH3NlHWwfqyPnQLPriZ7Rk5JV4bgeOwX5F7Du4GVQfuaW$G/2zIgN7tQRJvi9lu6/0VccXPifukBY77RYfDuORRj3
*** failed to crack  $y$j7T$OFln.TqjjR6uAw3UqkhJqooZ1qSUgVnHR8/ZE/inI7091WWAfKyLLHrZ98xmdBvr$DEfJ8UZSdZZNDcZfK3z9wkPu2yGnWsoW0WUxiDq57I8
cracked  Niknak711  $6$rounds=1403$PIMxkfANqTw.vkWP$.tb0bz7t8YZO2IoFHj8L3GA6DLDz8NMH/BX2dI40MB.x0Y8C.lYHGmBninmLdnf5Ubc1XjI36.FONVN/1WPjL/
cracked  7105rus  aJKnA/MxDz5Y2
cracked  MaznVDG  $3$$d7e87df0b552fdd811a31048266b4131
cracked  3310321  $3$$aeac34f934fe97760f9cffb59cf69806
cracked  drewfunk  $6$rounds=1326$VdqnGMdNQMS3mHSz$664NLL75.KIQIboPlt.HAHgGDD8pxLyRR8EOB3Rz2Owaej1ZVAaJKuEJpw5Anb.PbmwMPqHDcMnKdhOxMwK9o/
cracked  theclips  $1$cyOOuG1n$3BIb5mIXmSiGJ5QnoAXT81
cracked  dan4ik97  $3$$1ba9f4582a3f231782c0472b34c0e63f
cracked  93hjHyObRgtcs  $6$rounds=1307$XarBHohFNornjC75$P6ZEG9I8wo0.i7dPakx.nQ2Nte5pJMpCdOPiK5F3fZsfcA5w8YnCvAUzfEhvZU4V/ROAIVoSmZoEHkM8cVmFV0
cracked  trollee1  $3$$e1438a993b3b06e6afd41d6c81d0b97f
cracked  65jQbJ5  $3$$33f8fcb94d91326669484e38cd147a56
cracked  sentence  $1$JKCY4IMp$7F6IUZw3fXZxWO8AFfPBk/
cracked  demmu  $6$rounds=1271$bO/QYfN5/2OZzF19$LpoMWyGtLFXDNL0qwYw3spoLiz/Z060JHMoY66Xtd4RVHUCNlrrMmDIQ21xPLQ6A7JcJ3oipa8W36YBT3zgOP0
*** failed to crack  $y$j8T$c4SSjDk8eIrPNfUDmapGw.LSsmM.IquXA7/mM/lvWaXTflhAZh.IXUUEh7tjOIwC$OivCymnZ2i7H1wCFeW2JDj5J7fMtV0Qqf.a1biwHGx2
*** failed to crack  $y$j8T$GA9AhKNsztxnWDdXNDjsrDbDUtoZEM3ws55ffKzMUc7NZV0LEnGjpk012JsJ9NFh$YQIysKFXs8MQLR9q6V7xqO4E8GdiLOszPwTmPact77.
cracked  85384378  $5$rounds=1412$6st8z73q2G5ZdiHH$5//bNBwj0R1AkDPF2yp9q/BEp.5OL5OOtduLQEuUf53
cracked  zelda312  $gy$j5T$kOIFtT74nK1fe.CEdX2K8UjxRzDQ12bstKoHWmTvtwzW9GKhsV6A4INN/Pz.g5Lt$0jRC6v61VXSe/3WPggzZ5N0TBcC0cibXEDSOPaDeQTA
cracked  124816326  $gy$j5T$thvu5JOgZrN7BwbTviqTinWhmJuTHJxqKetnbG0nO4lQa4JtD6tUXmyaeXHoKOOa$sYh8u9YBQwZDgnpPevAJCoujFvIZE1QLvShJGKGidu1
cracked  18272460  $y$j5T$I7OZ0HRTXsx2wMMmVxK2mhbW0bQhA.wdsTFhdYx5BQxHfZxtAUaoybbGvEKoZfF3$9gYhfydIYlaTR5hwQR5QQK9ZpryNEf.kbVfH3DXFSg9
cracked  07111967  $6$rounds=1253$bxob2yK3VpqtUnE2$BNZvd6A8PPMuy3o0E3Z3t9sumczpIF04rVopRUo99jOC/7.IeIEc.Gk2J6BMFYnHdOhdj07VhY8IMkstnJFPj0
cracked  ROBERTra  $1$nJ1ax4n5$EySq7el8ylJFdPsGlSbay1
cracked  4fGNZae4  $gy$j7T$oxK8KK5t9zlnQbgaGHsHEWCuohxfSz/4PIJHoGFZHeS6jLzOX5vWUdZwHlSbBrJw$XaM/EGKi9LgYUlmef9xvVi2uief7g5NwCXjH2xYw2F4
*** failed to crack  $2b$06$TKh1bJP/cKYdkkqM0TD0K.RpHbqfpBQxYOEGqGd3pi.4birH7a3QW
cracked  Lena123456789  $y$j5T$dfkO3Bog7fVSQUpk42CBjycVajJSyGgs24sb6v46yjYNQwUBbrjzal9wOVz9YQ02$i2WpEmvJFDAgcl71eR7MxtxUxBm0uYU3JBV4sKfzD43
cracked  C0r4sec  $1$.5dnd39f$.VXNAan7fKHs804V3h2XO0
*** failed to crack  $6$rounds=1454$NRwzybj06e/CIMwC$fs56utSK7ncfebASGqSQY9M/xfwTc4iv81suvIvQsYGjHSbRrDAvQDgAvFLKJokLtG5c/aW.EuIBmukxURAeO/
cracked  lalakis  $6$rounds=1213$Mot5QDgWVPzJORi2$Rwio.lIT6aCcfpjRVAyxGg3zM6cZZTzMpaMt6YRpWITCEU3oPBV9j5y1LeWcguiQkyaTYdIBadKpH3jkjolj9/
cracked  bikeekib  LX4EQ538CotsM
*** failed to crack  $gy$j5T$JnTArRf3Ym3Twt4EJ7FrzPhTy90JHR4TEnv5I0GKWdQO97Eu0vP/9sC69tsjBOsr$3tDP92Opbg8SS55Sty7.L.S8uoGJKqpkf1Qniu7K6n6
cracked  yvysvtt  $3$$aec88d805fa6f103991cccc3cdeced1f
cracked  0109777  $gy$j7T$KK7Qvuj2hrljg5yccl86xdt0pP3sNOAmuHYGd8xjJcTWJTcJ672jQfDretMUQS5e$ax17JNzX4E3Ds1qZc67z37WPFjSffxYn4iW.QQ.6au.
cracked  170457  $3$$7a804096722da036792ac27db001f04f
cracked  payme123  42F55Pa3p0Sj6
cracked  bigzone0  $gy$j6T$HQOtPvw9MV.oIBUSPNaJwQvKPWejEwrD.0FEZ9K.CNFULllAvlrYK2aUtS8o7c4K$h3X5dXiTifAXjkyT6nlRhySvoJl5B3cllivPVLL5hX4
cracked  s2td8zdz  $1$t6uHd6yV$l9wqMiEDQzAIUypoj5Ovf/
*** failed to crack  $5$rounds=1287$dPtuCGeDMIzyG54K$6PHgLZUAUPQuG4.rkq1xMpwHEr4H57ZEDMp1P6AbIdD
cracked  35683888  $2b$06$Bo1n1C94/izFqlgnIWluxO2A9PYE4i9R91631GN3BOToTNczPyiam
cracked  d0x9ju0f  $3$$54f4ed3a532ebf0810917b909f98f2a2
*** failed to crack  bI3Z/tvfOrq/w
cracked  kib5  $3$$be4f6e2881c06a3fc643917f2b94d353
cracked  bonerg  $gy$j6T$9OQlrdZbKYptJ5tbu040zM4XWq3l9hNAgdQUc31cqK4XiTaR0PzLC60sfHmu2phW$MHj1zb5loumum3ke/usfyTecbJV65qUJO4XTmAxsjh3
cracked  102975  iznU0Gew/hlZ.
*** failed to crack  $3$$7ffc5f2486938be220d041457b90e796
cracked  rwambolt  $6$rounds=1159$3Jce0hmntEHpo3f8$i/VemoTwvbtD7c/RU2dVD.PE.l9CuRL3s36xpY/Mb3.zn6v0LnfawaqvLI8SLG5oyq8AS9gB7xJyutr1nKnQS0
*** failed to crack  $1$6V5YkBCQ$psUfYa7RDi0JtgJq93djV0
cracked  19951106  $gy$j8T$Rl2KBdE6SfVHtsoMWZ8ZGziyv/hiIteKwz36ol2lkcSp8wm4Jef5AuZfW3Aw2Zs0$8o9k5ZJWNd70EwvjkJxwS3zBOizI9gwQ4qkr92JjPG8
cracked  28TboFl9Ot  $y$j5T$pgeALS7QGr.r.v0rymm72L5XFiFTXblf2ELRXAM183iGtT/vTfSPodnMEh0l4Y9u$keTodlvQ82Assq/5Y8kcM7WHmSaLauHnlASWodnnBM9
cracked  m4c1174  $6$rounds=1421$wi9kGT8ZxnXH4unV$RUKL7OnMdGmReeAKHZr..mtaYfdN57WDkizQRfA2M.1AuqfkqgtEsepl2ELJMoniBH4qFo/7Ux6K4mPRSnoRu0
cracked  537797  $gy$j6T$V9RpJ32BDX.AqTeGl05gq.1RLsK5TU/N1LbbolvPFsqC2YJ0JloXeju2FlYuYdnj$pkKqqzijhw5uWyz6vMIOAF4Le/KWFalu0KWQQ1PeHzC
cracked  sexeme  $1$13SJDzP5$LDu7qghSrhijomqSGYvcc0
cracked  andrew99124  $2b$07$1n1M.MIPddkR5apzh3io3eVkPH6m9vEHfX1K0V7ZJIXP5LBBossSa
*** failed to crack  $gy$j8T$zOzmf09U.IKO3DkTVSE5X/QkDn0rOEJLKOI8/Bgzm7VeeYW9kIVWX7lM.raaSSlJ$H.CzjUorr/x9mdCmsgKy4j4O85w58iY14TR7Tzxrbn3
cracked  08081956m  $6$rounds=1284$C4ud.P3dZU5XNtni$P15fxtVsTra1Q33g8Xc.oHeAuO34l32Zo/u9R9facnXBWx6hC0988XB7l1G1kdcO4OXgKNyI5p3RcrcN0qbqv/
cracked  3060900  HETRSSHCaXbM2
cracked  3085321  $gy$j5T$DvrcaW2XFV5YH37TkgTdyFlnqLkNwirQaIQ8PG2ifIJn3GDxKsfpgnLZcUGL34QL$Sbs0NH1shp1ImY6E3YUN44911F5X.75vXL434XG8wtD
cracked  warlak123  $2b$06$QyuLKU65YpK7MH6fo74lx.2FRCR.bJKx1U3KsEw5dQXN64VAdtAgW
*** failed to crack  $2b$08$Susila5gaCsjwEQZlPYXIO53XJzBq1FnkUZ0Kze/XzAQJCyPdOcp2
cracked  ayan2008  $1$e4nGud.I$XwP86Cm4NUyEcWOw01yPw0
cracked  robertsonjapus  $6$rounds=1408$l4BtFQvhLK1KqBYL$c6lVJR4Og/SGHz1PvVkXr.7EENDo8FtRWS.TtrsnW4EUDfAfkLRIk2yetoP8zxlzrZFimuSJzNcke0Ks3jBJg/
*** failed to crack  $gy$j6T$JGBiDhlCLQYWYxUcCp8Nokr656R4msLMMeo5hn3ZlYpnvgWAmY2LhZtFiHK7R1cv$cYvx/7tL.Zp7XTBZEhAiatsOuivJFU94uslOHVNDOjB
*** failed to crack  $y$j8T$Q6e7LCGXZVCd3KR2W2VrplUKnCfj6wENu8I7CsUvO6gI5BkVlgRPVyDKAFlH69mo$xOedBLjiIHd3jtrjIzTivqUEyaE4ljACKmRnBQAUlF/
cracked  915k14000  $gy$j8T$ilTyggaDa658MwEpF965qF6zygu7CWRtiGYPqZtu50oNAVITIhTvyhtRK6Gnr6Tz$6rVZoE9DVnqSBgnNcieRMgo/OcbbEWNbpkxkZ.uquy.
cracked  Mozart  $y$j5T$e8koEn3DaIHwReSzWY2gQNKKXC6bjoUwCa6XT/0siOEs7P9hhjROtOSWLfceqeau$8pOloNy3qOTBfc8sVyzpleuJsd7jqMhQu/z89/zk8eC
*** failed to crack  $gy$j6T$5jQXfPBFjqjdyrj61oR9uiCDI3hVgE/hKCELMeRW5R9MxdHqjQ82RcXwT/buCd2X$SLqQzlTbT2E76AhSTkDpwmytDaSbjcA4lUouzGBnH82
cracked  Teeny8  $3$$aa08aebf933af5eb720b4a44a2d1118d
cracked  akorda  $1$zCW9N7La$ZmE.yStTgT9KbHolJBvHF0
*** failed to crack  $5$rounds=1105$9DHM7MhCxSWkOZN0$cwyEvSU/l7HSqeMDiRzxH5hbOC/EgXQk6GLF8tmBTiB
cracked  89225308733v  $3$$3d9206bd2a52b2effcca17ef31fcbe7d
cracked  3521284656  $6$rounds=1058$nhGpXnj54waHB0EM$/wczmrlgjzLNwOyIwG9D5HgXJJOXLQj1c1EbF6UsN6UcDL2U7OL66r72PId2hQNtbFqpdMaD4A72mrLqa3glt/
*** failed to crack  $6$rounds=1382$y2ATsjEK5eVyawnI$B7Mz2vnoqjyklMX0/VVpkR.sC8ggMzc07kXi1ksfQijDyE6WHHrt4b3749Z54ZXKl0HHSeTfMdRq056JvHisw/
cracked  gfg3n1Gg6K  $2b$07$JtEDC9uhL0ZFFzaBmHmZu.NRnZiQ1kkdjhtYDh1k0vXws/Z5xykfu
*** failed to crack  $3$$934877b8aca103dbeae93941837a2913
cracked  nasty8023  $3$$ea53f6b3de82493c6cf16787b141b6c6
*** failed to crack  $6$rounds=1147$guhy8GYRCa.flYhv$Y8yKJVzsZrGifTXfduOJOS6894qw1.wd3qYgc/8SRU9LQA1bwjIE0ECGEXwtpgurHTD.GyRfLMIgckYFV4B4S0
cracked  VKSLOSCX  $2b$07$Dyj55B.LQ7vNso87mmuar.0kZXigonoNIhRsvCYT0WCueaaEAeIWm
cracked  8919482121  $2b$06$ARvWTucZdpjU0Kx.6Ndd9ux8qA6MN5o8Gwry/L//9gDTIjLrbp.9i
cracked  bellhor  $1$3OB2qMVq$d..njbUXW9l5HHcH46ZpT0
cracked  uQ3456  $5$rounds=1245$WYBCqw55y30Nhq7Z$ixaj6Cr6krUJnI7SU9W0zgiAG5JOKV2/xYd.oHsPfYD
cracked  ilikeitb  $1$CTl7jBJS$Jn0SrQbB4pUeHcLdTcu.p0
cracked  shitmail  $6$rounds=1004$lm/zbNuG32US49z3$9Hxbt.7htwsewsTIoZXW1EesXi0Vf0bGSwkPHWwl31ni/ww8RNuaYr5Av5xu3HKMFkgbpyi6bcT3xwto33YX9.
cracked  k06115323  $gy$j7T$MuJmClghc7mLmvx3OiuhlQMEjzMjOHmBYERXnFF3mofTcrVPAWvBO0ls.t2b/o9b$izIPILaviVMkO251YS4qHE2dXkFY9uu03Y9qrMbduv1
cracked  n0525  $gy$j8T$7/JsMRl827TuNGuL/4O2AKiePB4177aj5KqpYeLCBXS7u5PJR5wSGWlaTsIsdDxq$nusnNu8LX7gLRyRT/y97p9Bl9/jwJnJnbymm9eKkCa.
cracked  taekwon1  $5$rounds=1400$Zz.CjHhGn.Nd1QYD$K5dFZP..3gwc3nD2Z7FkvWoeLioZoCjgIhzZLVyKOZB
cracked  lawnhopp  E3oZnbuWEyZ62
cracked  nbnnnnnnnn  $3$$15dd137275cec0622d967019820227f4
*** failed to crack  $1$BvR/VJiA$hr3yNfkRGaGiha7.byvh5.
cracked  ridbfqLX  $y$j6T$lO3IDSDr1KjwnXAPTRJeQKddrU2oGEP25opGvJ1L7sw1VJU.QYqqn63.tqEejWpR$pkq9flNZoPCWzYDz6LQyqgqh3bKqAFXGSzmwSblbaY1
cracked  sunny7692  $3$$5736b950193f64d279d0c6ebcf64272c
cracked  1lrsk88y  $1$JT634qwR$jLklJHY5sbqzncvRBVdU61
cracked  Mzn9rpUYE7  $5$rounds=1098$V18mU/nQpEcz7qOg$WQLt3nF3awz6yvWUvP7YKIkwoXxDMFKI5ePhvYATWg6
cracked  malu*12  $6$rounds=1251$eLYMaBY/7TKh5wk.$VxLM.p9nltJS1WRSXJyNrrjG57uIpV3yeGn.CXYfcnqiDWFvHY2.pJRiJtkIG4T5fVuc4TqKvKxvtGFqNEleg.
cracked  603864  $gy$j6T$igKDrl0KpcRed1ywCtt6AH8OYXfhWsW/GlxpQiWFaqnv69KN7Qt0BQHre9eKydMZ$zRJa7P4gsTkq81DzAwM/0cJtGE66lCPhmhyugujTAZ5
*** failed to crack  $1$bL/XIqM7$9VlnLgDQJKYrX4TMLpuiP.
cracked  semero4ka  $gy$j5T$Mu7Cl6Enf57JM6UDdJjqf6eUcnZfln6ic.cqYqPGDj8QvQLvkoJ7Ms80B40u4j80$rg0rz7ZIJ9SYzZnRCW2HvKHVpPKI2wgVYdRpYyRdJg3
cracked  53209  $gy$j8T$AYCrapL7usCJkDmXeRrXqqZYx/5Tpo6M17Zt9TB.g63SpST7Rdzn05INbhkyxPiB$c3A0OxtNnuv7dpaNqQWNgV/ANNZ9auQQ2vct/UX97x9
