cracked  gejo5555  $3$$724fa12ef6e87ed0caf74dd069844453
cracked  llll4lgb  $3$$703cdcddec35328186e386cedcd1a549
cracked  liljim  PuhRuPFMZHViQ
cracked  karemat  koTTE.jJfMoAY
cracked  aa05091951  $5$rounds=1257$.YBt9A51R1nTbQMt$kRmN6sAnAcAKTqwyk.Ai0qeFQ7TICVBWLEhrzXU9u3B
cracked  lagahoo  $1$95jRm1VY$92Mx4Bj3FifUEFRvgUI3w0
cracked  mariolab  $5$rounds=1027$/mfe6bNisYgY7GyU$Z0lu9Ad5YPflow3bdbToNdU5aRkIgG6SkOBh00InAS3
cracked  sindey  $3$$2afe389db35c346d08976850395cb5d9
cracked  lbk4ever  $3$$4d0acd1e93f7b87a5ed5221f8a450c56
cracked  artem1982  $1$RtNfwGwm$bVUXKsUeN36W3LjXvP1zh0
cracked  ozmatrix23777  $6$rounds=1385$762cwz2nMkbeDHJ7$ucG9z/es2RVWnbJoz.rt0QmK.3mNzyWMDrjv2kL1x3BvY5IHKCPLkoFqxOkCWvJ4qXh2G7KxIlOEjZJExsXTu.
cracked  starface  $3$$cc7dac66135f8f69cc62db4cf5171b62
cracked  D!verse#god  $6$rounds=1018$KaAaW5UXaBRTPjBJ$F1GlN843R/nxBdpj8wsIayxlp325L.XyYq5j/1KQjXKrK/vlxQG4IkBlQwMU2KrC./gDxOu1qSb.5dHLEaH5G.
cracked  matth9  $y$j5T$N6nfaDlKm3NS.gEmgM1JAJHX0sKszF4PFKTDR/rf9IuJTNPtXQSbLwgCj7rnjM7N$yZBRND8V0pPlbpasRt0aB1KNzqsF8ILmDGJO9W9hXn.
cracked  80963122024  $6$rounds=1285$FdJjz9h9A2/pmKoB$orBRhcaJPBbm7moGgUKLMG/l1xFfhkDQQkuyYKwYkgUdz73sy6gmiA19j50siGiODztjepI6vXsXAr7BLIWjf0
cracked  4HZBGJ2S  $6$rounds=1424$mA8.8hiQczsiG2K5$i.gB44SzUaBjdeeBRcFGe8lO.X1sScK983.NvdtZe8QgIeKEn.10rJ7fh7wxcvQC4yJHIQxzmuQWi3eGS36Bk/
cracked  deniska941  $6$rounds=1431$NvLD34yt67a7vrh/$B6QzkKDa507c5O77SRBgmGipEOsxbOl413u5dhf2cfWhCXGIb2eHZ6.v3aHdQGY8sMckEfIfdiiACWre/Pe9c1
cracked  7280100  $6$rounds=1498$U126uBB2ZFr.LF1P$0woTO/KlTJQexZyoAguK681r6fqaei8UQPpZ/49zr2uFZiuUQVJrZYNUbigGswZBq9nMwQIIRIf1YEWfjOw5k1
cracked  ky2651  $5$rounds=1453$XA7yqRAOAEEPSqKX$xz2w3mNqMnesl1/NQQhLwZZ6PtnIgG2rmTklKyWn4j3
cracked  1414771220  $y$j5T$5RVCmApeT1F6eJKdhrlnBGT/6IoozeQqglVst/iO1PEiR9ExFw7.oLYfNNpD0BZ7$PfjFtzrTfIOAUL6Poe8tDRgMzFX/D9gaB61VOiRdfl5
cracked  effectuiez  $3$$7b0c896bb2ff2a4e46803e2787587eb9
cracked  dreams89  $6$rounds=1207$Vj0DnTdlEatI7xxZ$0/lrDZ3exDmXB0OYHdNUODNYDSvQtKNIviewueQJ8iNWWr9b9/x03M1.Xgm3XQc.ImDcORGWOkw/T4bpEQEZF1
cracked  2803969  $gy$j6T$PHEidN9mpwofWqXDTwzZdPbJ3VEfTux1611y6.BzIo12uFX91OVw/.5/w9XzBQnM$HLqz2LrLOnXrvPSCxPrB6DU38Yz1y0eHCaLLWb8Ts31
cracked  TAMPABAY  scjMVx//ioTAQ
*** failed to crack  $5$rounds=1480$t7tu3gkg8r5Mu/4H$wVOKW.cfb8/z.vHj8gYmVD3aV3rSSS7yaQZLWx7f638
cracked  1503madhouse  $y$j7T$dirq5HVrWijAajB2vheu5nOauMtyUSE76Ht/tarQcrUDh/FptQyaw8ZQ99t15MgY$eFnSu2mRtWCtftHLF7bwzmsqaSSBP0Z50eQdgE4TZfB
cracked  gowolves  6W/YGO82Jesqw
cracked  glastonbur  $2b$08$7D/A5cMI/D5VShZe2ypwKukEkFjFXQ0uBxogp8AwtgZorLJnFNsNe
cracked  ZJyNhuu7  $gy$j6T$7hh1cqsa3RFKtEcmYoIEIGS4/Cn3/wC8nmzSxoA7NG.OYHOhZPRa1ZgAZaq3H3XE$z2uuyXgLlzFLgpMXzfu8fvVL5rlmy7qsV02mI1wuBtC
cracked  vfbyz45  $6$rounds=1199$srK0kOEMLb/V8oXk$8pwNWiYBxg7bSAVOSD1rXkLMARntVrLpGpebcuTggAPMDId4NGFGZdpiRMopS0llxQJIeHFZ8skmFprvluIHt1
cracked  tanil  $3$$1be2c4b4952a4ee87c27e5288cd24d27
cracked  785412963  $gy$j6T$dVeIhKK643VVDzIqNt45kRLJsi/DXw8wAOFHqFW39oV7dBiasLek/OexpHTBxYIo$x3hW6x1T5gtjd.gDo/Io.qw68fYhRigQU7jPzdYHuk3
cracked  usunwasp  $gy$j6T$6oE7rBDYrBSZgZvN5T1xfKR0SGqAPbNteDsCPPjP2AkQxiqksxe8Hv00eIh1utSq$Y6kxAmI/pzsx81xxmv649qoMdhBnyWLrZ3aJUB2KPnB
cracked  22121948  $2b$06$WGng0bXEzOTkh3egcS31FOav5Tm1jVhZDoEDiVm1dopkAdCv18h22
cracked  ymLJmTH4  $1$MJQcKf8o$RRTtDcrNis3w8fnQaEwss1
cracked  bflats  $1$lXzLqlcn$26kz/ZTY5vlMX.8nB6JiZ1
cracked  tideman  $3$$e2e6d03b9894e5ffbb2a66768fcb77e1
*** failed to crack  $y$j6T$wNqhR0QBXziLMzw753XH6.8Ovd0C9SeBOUyfazZztvazqOPZY.QE4NKgAFXO9r77$f7LBFgU//X.BReAodNtNoOYWNAqW7Q21u4MLEoli6ED
cracked  sd109553  $gy$j7T$op9i2jS9WDxf7EPZ4OxQGESe53LYj59HhcgGvl9dVRAgGDRZ6aFccHIdU7T8p5zs$D5ipxwEzABJ/OeGOw45kgdUYQWKT2ui6N63QG/J6NzA
cracked  vally89174888786  $6$rounds=1032$p33SUpLW1/pfvN5T$RdZyHCUaRjgDggGH2wG3Pau69WhXILcBho01jzgRR/dwBBrv8YKrGQGJAApd1vOK7zxvswGE97w2XJ/vzRDRg.
*** failed to crack  $y$j6T$VBe6qTYmblMfYw7SmQNuPNu9i1Y2.ejdSwrcZ9bnPKNEjo92TG277FCLH5Bxbfzn$YkdlsJGEvfZpaXp0oqTnhqhRpfp99LTCRIqd8ZgfwoB
cracked  uranus44  $1$o1fSbMPi$775dKywxgfttzF9OhBGNa1
cracked  diamondedalare  $3$$a6d5020d1a1456055bd453111a2e0ef8
cracked  giomani  $gy$j5T$c4IV.FpcAe7Pmxr1m6NEytMW7LQfnEP15Ttpbz9fbt.Q1ivB73q/ygSV7t90elo0$8LqlOIG/lv4kBdYQQ47JjDNmJxV9jVDET0wEJAMDJu8
cracked  YyXPwmB  $2b$06$L6B.1WUXFm44QJZxK8AegOvoxWAI61xZheAZOrb9xoosBNwbccwJi
cracked  sensual6510  $gy$j5T$3uj3u.6OeTArxKw9EUBdoqrvLbLApBk9io8d/AjD.6qclFh6nI.7V4K1gKmSYUVk$uDIvq7Oc5C3FPHbN/jSAapdzH2pRVnmdDiNiKFt6FfB
cracked  6912  $3$$84fc9ba35f66a7dc50a296782c79298a
cracked  Dean4428  $6$rounds=1021$WhysgXGQLqs/7Ti4$2dg1jMsTwshYQhW8omdOpdNCLWrrpH8vimYGQAjDu6TJ9R2ncDDzfrToYHp5N9S7OCyDuk4D475KANc8wcD1C1
cracked  89272128839di  $6$rounds=1055$gueKm5eOcRjXKnsU$QGf9EkHy3AOX8Hbp6yNo2Uktj5KxE0NjH7SZFNlYwK83x5Fn67YqBg8BR9Ww4bTVN4OfHBheYxw6Yuw/lm9xh0
cracked  gogol9  $6$rounds=1012$Siq6Lrt2KCGGewOR$tokL8DnZOFDpfoIKR16N9DAilK9L0XXHD6wUDvzCU4PsDOkNsNzpXoy.6JS8V7sRta.nIM9kE8AwLzMU9JkJ..
*** failed to crack  $5$rounds=1497$qNpc0eh8.2cI2A0d$7i9Txs37hrGuL2daKA7merIH5NcjXuFdB26fjIbmnu8
cracked  echo136  $y$j6T$FIkGaRncibyIG0T/zR5DEULOTOTAePXBBToQwEQa4zsVxYfms4nse5rb3eSkyW9S$yapHQ5BsZ96YmWAQPozUmRsxQ0Gxc75GHGfDZbzXRZ2
cracked  igla5624  $3$$533be1a2485667eb338136e0fce0d634
cracked  Kendinizi  $y$j5T$UjnyseAPR48.MwFH4ZPC2UW6JrTon4Y3x1DGuVljznmiqwznnvgNIa4jYvwmgia0$utTgtRsIQCT8fA1uVlostWRJ83BtBxcrBhweu6svq7A
cracked  dc55yt  $6$rounds=1073$F1ul/nS15upGjbVz$P1FmAHB55gKspW5UqurlhlgmX1ZTG91YVJFM9Dsvikcg2Xg8trlif7o.yCaz5AMVUMlNYl6.hvOgcGx2lF2O90
cracked  5N5zF5HS  $2b$07$2yBt6uWypqojw10J1YY9Ee3nhsc0tegyZRXLmTgE.RsgBMqF6CXcu
cracked  234tarsi  $3$$92cb216268b04afa4652437c9d6ab307
cracked  kabeljauw  $5$rounds=1178$iHC8XqfQSRsplRYg$I8sCK/zVNUe8KD92qNZnTAGE0WHhYL.CM76Eavc.WMD
*** failed to crack  $2b$06$CL36ktNJ8KsayGmV2uA6oeFY6EOioiHhGxHIfhsph8A8YIOtyvAZW
cracked  gfgekz55  $1$00ODBIay$MevcoQwQVY2XaCW4Gbuoz1
cracked  7SR9MJ28  $3$$35fa28c454f6aed3408617ef17e49e2d
cracked  rosekasu  $gy$j5T$eSWmAAT3p3BUOf55lMzyu5xhQej.pw166Pe9Mk4vN4FFbofk4GSBLM80oC5tZL4B$Uhf/pYWE.wHHsPBmWXPYF/gK9MnY31JHhzMBRh9aGc5
cracked  7777777777mops  $3$$a8d9952ad3e974902e7ad6252ff4f943
cracked  liggettm  $3$$6ebbc19a2327f60b725ff59dff68b3d2
cracked  160182419451  $3$$4bcf1346021cf5d6c8f6e888d0dc0f96
*** failed to crack  $3$$e01d88a9cc77a408dc7008591d0358ed
cracked  kwfkm3  $5$rounds=1345$.DG8nKGJ5SZlYZ1P$Q3kcjcukIwSwHCMxaI9kX9pdjPl7Q8gYdElYa1N7bcC
cracked  frm305xtfrm305xt  $gy$j8T$re5G2rQ2ICD2Iixf0XheQFnDp44Gm4srjGC.tWyscvkRxH.TO.it7Hnk0.e8Ua7U$tWKJ/RqDcZIxAhJFfvN.pf8WhU06vWj.1sBE6ZuFcbD
cracked  fty  $5$rounds=1446$XLycw1DDOTpToX3t$2KT./1H1WazC0IwTYUNM8mEMcdxANz.dQEU/FtSJ9Y9
cracked  rbiz73  $5$rounds=1487$XsqxknqHhgFenxx1$2d6jtscZeGKrOTE6iPoxEB1/GEAPIB/a2pe/XyLqHQ.
cracked  bradley98  $6$rounds=1040$hlTW8ojibJFvpKcc$rqEATwLNOhSbhc9axShLgxFxIap1wEDVh9/ycsYhfmv5f9OkbmMylQwJDCFW65VzqoMaxkryiqFYsnIKQ595q0
cracked  HEROIN  $y$j5T$DDdGbfeDmISjCf./tkYL2hdatbSeMJXS7UForWtTc18mK.FgU1DGBD2Aqkmi.vNJ$/2WDETAHuB2mrY8wCaDC.RjadVw.7CL8Hyp33QfZ7b3
cracked  steve069  AXKU0uJWO6IJs
cracked  mmfmbp  $gy$j8T$4eiVFq2eFDUweWcHRe7I9rQ7AlavvSDiKXQ8vKMmaFbV/lRxFRQvuCUcVyLDp/p1$T.uXcXUwnCfgpKqVTPvmXdUTB/9ls3mBqlK/1U/0cH0
cracked  pooch79  q59vK50Vtr3j.
cracked  gobosoga  $y$j5T$.yF4LIbE7qTSp0FjGGgipWunvkvW5IgJ/aItFa8q7CpSpSvLNOAdtZo/AxEPVqai$8OzWGRJiBJtHYCLLDlQGsKE5qf0pt2.cfSpMsamcHg5
cracked  5443900  $2b$07$H2YLOY2QFvMQqhxBbZ98QemWYrrHXJupt8wqFFFJJ6Co4LNyIls6q
cracked  dp70816  $6$rounds=1171$8d/ScyBhTzHgtTB7$kKLV2N057nm380PKRm8FiWi4Gy9gk4pv2kYVycrbdJiRfwz.dkaXL5a5QBUiG8zoaJleDoFTWlifKX9ftDV/3/
*** failed to crack  $y$j7T$3R2s09gN34Uc6EYbrd0ONPCyin5aI.QvjY7c/xpEWRcH.llvcmJnmlOxWgaYbO./$t4TUH4qSkN.s.ZDjWsFEeZdrl./7HuEL6dCm2XveMQD
*** failed to crack  $gy$j7T$zyNKyUPA7.UJ1HY1rfnRZbH.FS235SFGrqK.CDEacPH1BREa4oelJiP9LTRRldxr$BomG1apqJdDLDoFtau8WiVXbVyVhH.hEx1WqhEIuMA1
cracked  edykina2210  $1$yx.hDLQV$L120gan41gktIdFWx3q701
cracked  oLZj7EMhtPyp  $1$sfrLtkcI$1oHKSn6vno8lXq3HUdyBl/
cracked  hubbi3  $6$rounds=1444$fmhGOV38zVYdtE1n$Z9cZWzVOGGg/1jZC4EFUvSDLZw9PBKkc9G/YRKRH3ZPUVouQKMC5iZMEVH9KJrzzpQs59MzA0RTxt3VNUC7ix0
cracked  130371i  $y$j8T$ClhWhyA99AxydVgvTQOiCAhQQmmaGqo2S.Unu2K6QQxk.DWgvNTBB/12A3VWPgrV$J9fZEkO4b6QTYV1UMsd9LbX9BjbK/mkyS2q1vmCh8l/
*** failed to crack  $5$rounds=1438$Lk0gKZLsVvM4HHMp$tFlYpdJHPq0BlnSnxFXA6CVZd3n1L.vW2SAmeSYUxp9
cracked  3u7g50gg5  $1$Qqk40Quh$uL5dAdsEBwrhMpYG4Itgp.
cracked  Gatoblanca  $1$zCYMntfT$mPyi7E6S.HLax.5K1oGbn1
cracked  smut1966  $6$rounds=1396$0YCL0X2WG36BXr.H$OxuHhLvIpuJu9zCeFvoEAy9ITd88RQ.Udgf1OYkoTx6NmkRqu042gONuvxzX.Y8E.FbpgM2YR7N3CN2eTnS610
cracked  karaokeq  $y$j8T$cZ2PV6E0Z4j42lm0tv/JWB7/rReeSbf08P/DvIaC7guFXR9TsiINIyjkJag7OXVb$eWUhzI65hiUzpBsGo7sr9u0Q3oIueWnOCPJc5ElmOV2
cracked  Aphanius  $y$j8T$Okf0C4YsuhPOnKhMzB9jmIG.Xz.j/n0JobbNiSzRGa6VeV/3sU23n2YZnoHK4lCz$41ZCLa9SgsoptNG/ud5EMCK3ANZKRn2MQltSJ8K/sF2
cracked  80508659667  $gy$j5T$.lmwRPExm2KRjrwK/zDbP1PtFxcDbaF9Wc5mbhDgXueRynKHF3dFWapkW.WDU5zl$uSMexxBGU/hoTOQ0otDqHIN.mEHdp2I6a1E38kqjfJ1
cracked  dallas54  0qCi64D1tZOi.
cracked  khadam  apxJ/Mf1BC7Ns
*** failed to crack  $1$K77f2F4J$4UwHlmz5GhG1ZvqOLTBFr1
cracked  6pdqaj  f3C8FM76iqzpk
*** failed to crack  KfjydFqPDXhIw
cracked  duplification  $3$$b5ee6a1f19eb5d18507ee1d51db54140
cracked  Dimon489  $2b$07$mun1XdjPW.Qs97ZwIAR0nuU.CazY52b4sM3szk03HTd.Ts3w3UYGu
cracked  082677  $y$j6T$N8BgC2lKF7Syy5u6dR2vQzVqwEGmeR/myoSysYgGdL7G.CGhq3fyVdgmYcI.fTme$Maez69OStBtJPQTmtsV0jW2FAnlDwxSvw2Cmw.zWREC
cracked  jimmy8110  $3$$a9d300de2fc2240133b8f3e56e5f9f4d
cracked  matkayben  $3$$808c6a8200495928c8e7c0c96605dec1
cracked  JKO4BI  Npym3Xq5ulTFc
cracked  bedchamber  $5$rounds=1373$O5mmLNYMuekaJIPn$.RrjQo.negwZyWCFgFu4tZm04y4L3iAky5CF5X4S6L0
cracked  L3mm31n2U  $6$rounds=1388$UdG2k3OT/W7hqLGF$fIketoEE5aNzZD20l1s9xsKDgF4O.2U5SRIE1JvrmRG9TRJMC/kxpzSkggs.OUkm1MgXC2796chRJ3YUaJDMF/
cracked  285074galka  $gy$j7T$BzfBzaJPDe259Zj.rrtm4JBrBmEiZzYOlBNFf4YbDak/Vcoz5BSrGtcL0Mc8ZJxC$l.pttwfgfM2lXk554fGb3FG.1XoBULRIQ1ommCu483D
cracked  ahotdog1  $y$j8T$RYhODwS5BZxghRlcHXAMsEfGVfKn6ieMOOt8KD8LwQsYIVVMX8zOYPPZFNRt/ufp$Dklrt2fiMsiObXUnukId9tWSxDWeg1/7FvRileFpYTB
cracked  natnic  $3$$d0b6c61ca73a8db1d21c905f6d469d17
cracked  eddy1990  $y$j6T$dyzIHe9tEyP632xb7d7mp5TH08iMkUsotbzr4qHFlUatr6fP93DU8FZ60XAFmqRG$R1GwT7LFTz1JhwzVC1RfxTiBEK5bH8jy9kUgynt9hv7
cracked  241hew3  $5$rounds=1258$0ratHnL0vV7R6l0y$9l8hTaAkNXKDciSYq5z3PFi8j13Yuk9ubtg2O.5tCE7
*** failed to crack  $6$rounds=1363$xDJMOJlNkZMqDlTA$DHsfJ/EzSyG2/wpiMsS7.dYxlI3Agxn7y.mWCBZkrRMucBQESHRjW1ijq2oB9bn0mxjkJdouGkp.2pPbNybb81
*** failed to crack  $gy$j6T$kUlCoUMzYOggaliaBVj/iPtlSH6WvKeX65m/b1LNeo/nsWkC3sD57gv7Qt9CyeYT$gR4TDI549spuzjDWDUiFCtkOOwyEqRgxJIVgLAXQcD5
cracked  mrsedi272  $1$oaUBmZfm$hukcErDrggV6Ajhrmk2vN.
cracked  do09ie  $gy$j5T$jsbPMacr3xL7ETXSzllc6ZpFDDJixellWJ9Kp.0F5Je74SWsBl.6JegQ44nEENv4$7q/e6Sz2hQyNTs39V/Bn39Ccb8jeA4dsTM5g1gv7FJ9
cracked  junk1947  $1$A3ubSqbu$B6CK358L4H.SARBtP6i/o.
cracked  belamurill  $3$$8e92fe9e1de8d2b153a67faee04e9ee9
cracked  020399mer  $6$rounds=1349$AixPhK40/sl9je9m$6Cvqfirax/9ZkOy.0e5ZID0EKaphpbt/SdyZpMbYprkHc40.ohbs6NiIRUuaucz9PKNQYNanEjdo//Y9WA3EH.
cracked  belem1  $5$rounds=1412$6HSzl.2gLLZtUiTv$K3BmaqR4hnS3ISVRhW0kHvMeUWtyFfUwr0iJZC2Nx/1
cracked  upla  $2b$08$JsuZ78KOvP8M7H8u2betcuUG0AhgJxhywOKzf.54dGJQH9W98Oham
*** failed to crack  $gy$j5T$UDrm5IurY7fe/XPaHUS5.Iyc9LesvDmfIFeJ9wQIjLFSoluHhkfB6iNZlYHgqJ92$ZNlksHkRQFD3Vt1EQWUftQTHwJP0abAIefyRGG8wBN5
cracked  192567  $3$$a6d47bdaa25d448ed19304d380bfadf9
cracked  slipknote  $5$rounds=1458$dIPNMAslOzfr9I5X$NBcDmPd9aLuGP3Y9gj3IRbnPI0kXangS/bwZcCeTho3
*** failed to crack  $2b$07$TVVJcoBpkb4PdyTDXacwauoB/Lg6X/XeAZCMnicNFoHR34nDaPxcO
cracked  hoope52  $3$$4b0a6a510e1aa7d00e560ce81b045e1a
cracked  arstniininka  $y$j5T$y2nzVqKbYvuq/qQzEqortn4n4mLljegY8.9yy/igcL5.wsS46l2VYEFE0hoj7si.$T/2gC7dsbDeRjcB546Mbq/HfX64lFZGRIpbsfgpiT89
cracked  hy88hd  $y$j6T$R1r/w7qHVAyPf3x00B4GZyuoRTPKlQnuDuIExiiwXFuL6vdqQPT63d6QNzwnOqL5$hl3.QQNXAMfT7gr5gtOSWm7yorAwIxwkCVVDQBhEXm8
*** failed to crack  $3$$bd3f9f896f49e6fd467490c4506fc789
cracked  ryan321  $gy$j7T$k8TgXMQT79ZCEhPflkmKMopEZINSrFM5PUkmJkvMDfCRClFb/OC42kJV2gOYRCAL$HynEP89Xl44Xbhw38DRidkeBUhnDBB1k5SPP3cupkpC
cracked  E963BMgi  AYTLj79mHtUwQ
cracked  Gaza89  $y$j7T$smvJQ9X4.ugEnj442epgRMgiOjKLJglkb6stniuRODfZa1jJbGdZneV5SHVqcwM8$i3sr3e/3/e0TaXAxFgt7C5leuJ0EZodKYJ/LeVutkRB
cracked  TgMTVa  $y$j6T$fy4X712EQGp6Y.0yrFERIqTXIZoU4kEFYxqPpKqwaHM/TYzg5fylfMzB1raO0l/8$cuyhFQGJHT/nbU8jAroCN4c3e/ntfwZgO3O/fFr7.z0
cracked  Raper  $gy$j8T$ay4CgkeaPg/LYWpERydZzZG9RP8qWsoDl/btM6liOmaAMcMwCVhvzVjP8X.7HY8X$ANXx.SV1lUTMoyMLZ12sZQFWMq4uIVGMhhCf3sLtkdB
cracked  464201  $3$$a3f7973368c955b750870daa8ca0bdc6
cracked  sfzxtg6kcf  $3$$36919a2cfc794122aba29af95b8c91ec
cracked  cici97  $1$D/Yo8G4u$swGq6nB1I3PY7BBk3QlBn/
*** failed to crack  $gy$j6T$g.UJX.npIjYHaPJZkjl6OyZk/U0yhWOcE1LozMO0ENrDZ4sOuANWiYgpXUvGNQDh$Z0zcorBYe0TU9WZWh7j.oK4T9bIhJ.Cgh2ID6EUS2H6
cracked  orahandi  $y$j7T$/DSiiYZFCFbo9sRMaOZk1Bo6j5NXOBMVJrVuuERYePjGjTdpW2GEEl8S2QjX54um$/2S.2McHSG5AvpkFMTQ8yIiFHAxQOsXdeBv0HNf2Rv6
cracked  63digi16  $y$j6T$TajASuzGYqPUHGZMWYjTwNp9Qgh6i0pgZNPt9ua8NSMtikD6VQBXizmZaVx/P.G3$MIpFzdj01FCKoUIbh5TQpF/vsowvfYQPfuY1G/RRxc8
cracked  thomaszhangqinfeng  $6$rounds=1425$khcjYQDNrAz1wUoX$Sz36Trk3uiNdOVpIN7t9rulYG2z2nRpRy/iYUMC1djaNohiG0CNgdEiJCActC5bpSffeja0wgTC.waZeRITfX.
cracked  g006480  $1$7za19NSj$MsUsQMEY5fcU2E1WjlYl8.
cracked  3xalady  MHXjub9LkBLxo
cracked  whit28  $2b$08$KPcjpWYxGEkgRdng.VidUuO/bD.HBLRqp8FdFAOsrvXB0IbI2jBFe
cracked  052256  $6$rounds=1259$8NbB/6OEu//C/TtY$w28SuFB/6XnFjbc8A90G0R/yylpgE26Dvlk4uTzbkWVB2u.X8/cQqelrf8mh4DOM5lnKxiRigPTb6Vq8VQMZN0
cracked  bebas99  $6$rounds=1394$EPlK4tB1uGaCSjdT$4mURRuL.08gDrAXB1uCmBnU3QuLTsqrl6cEHLMT3PQHGxFNdZgP5hE8qeHlODIM/lD2Pie/4zqinQb6hSXYDe0
cracked  Strong1  $2b$06$HUV1Mw/XkTwSvcJDx/keYuKlqXwemFHi2dqV1/5GExnqnmL5UOywG
cracked  PUGNDUEF  $3$$2bba9ac10390e828d6aa4998c5121ba6
cracked  gfhjkm420  $6$rounds=1224$fl/TWDFfEP.9u/Bq$C4UgqBuBj96UDmp5Z7q0u8bkSJSG.eklJMU58c7fbPCS/sgSTBaDDtqmRVUyuXtCbISkBG1UHYHkRCXAnVdcj.
cracked  s7kdqg5f  $2b$08$gyagiymr88zb7SjGQllAMusHvJc3H5Njysp.u1UF6e7FAcZkyJWD.
cracked  ggr282  $6$rounds=1100$H6yenWbujusLaMqH$qwfZXHAnor1YkOQNczjyx3xG8Kd0rqE8.hsV1IShRVg16p4kRdpMzQ76yvHe7S8BucZQdFC3ziEhK4Knk8Ift0
cracked  kahu  $y$j7T$pE6CJm/dEuGoVV9oK.o/r8QCY3lVq9sQLwl4a2WrNWVr/QQgSucl4xty2n9xJ1N2$//85bDnfjC15UPBZh3n.XyhatEOuEs7KvFKJCdGSt32
cracked  HVJKx7Fne0Hx6  $5$rounds=1294$.nTTDN.lr1xhJTRp$zmwerFbmUaH6neunu0jhsXOzO33PRoww6bNvq5ydIU6
cracked  kaiosama  $y$j6T$ot8U8gqkQsrkfTUFGB4oCIP/neLvxQ9bAH3vshoA9c6I62WC2ZNPgXGYt7J25TiL$AgL4amFooiB4NcVjkAmJN0m4G0T83gwi5bgQIZlYsS6
cracked  jdgray05  $y$j7T$MyrBw2d4RLIZJvGMeJXFbsqXE6djtaEcYmi4i0/Ee5CqB4xMNEintzYw3r/mdAlh$YNjJ6/tDWXwQQ0yMG99K9Fs8AmSAnbKfJKaatyInYs0
*** failed to crack  $1$qiDkAf1y$LJsB.2fhRfyg1l7LFhvnt/
cracked  ksthsb14  $5$rounds=1128$5YznejvXCID5aGJq$l7vgbMz9E2MO3smDrgaOUU0tEzvI0.OYm1nf6PJBLK5
cracked  amanteapassionado  $y$j8T$KJ1vINaFOCB5T/AFjj6D2fccvMTxYvkoilG7dKsfhUfzZfeKKFF96NxKDl7U.vq9$NIapBpzgTcnvK7alzAMWMeanKAOSh52cv8LqUWWFSBB
*** failed to crack  $y$j7T$Pfp2iA.HuIJgaE74pOlK7LNLu62xP/2SP2acg8kWD7XJxJZRoD9vX8P4MZfpYiuk$j0wVZrXvjRqo/BFvRyF0cKdO4BgTjDMSfP66OnkDOZ5
cracked  sheedy  $1$qZdngywT$RtfchNy6o8UqVI05Ec5o50
cracked  xxxHyaVAn3vpw  $6$rounds=1121$bWnOU5neJHh/Htje$zdufflWcmdmKuxp5Ub7HirnQYXFK.VAqaZh06rQtc2indNcDX3QCsevFLw0aQfaLg3x1KB3cMrZHa0NfUG0xH/
cracked  s1k83gy  $y$j8T$IegjcS.n9yG8GlROtWK8FY12TlzuoC4p.csjNKEgMnVDq9BRZ.AnB4WkBelshbSQ$49/SXG4wK3rswhCxDkLYiUb9Th1FIPFS1GVCQ6XRxO9
cracked  kelpils1983  $5$rounds=1250$Y5gemPKQqrpsyA6U$SIRx9WPIhhgMKM4lGgcOilSV9jwrVoE49wDPDnN0by/
cracked  EkCbm72K  $5$rounds=1454$YjRtW10VYijf2dnO$4GPD6UVIXFXOCxncqVSPsjPnVKuLCsJtS6zpxen9Wn1
cracked  sunshineneojune82  $gy$j5T$kHYmM/hbjS01U4ZyXXIRq3VYWo3OG1U0F6.EFkWagll84P/ZwWaWeFZMT4kFhyVX$/G/vjCJHpDg8HgivA38/hF5e/poQFTqy9R6NfGvAa31
cracked  nabieva65176  $2b$07$4tucgRJVXUl7iscdKP1XUOOGQcXjZgcb.JqURlW4GKKwy5ItcB2z.
cracked  085242  NikCF6vJwHbuQ
cracked  123123siacrae4  $6$rounds=1437$QgAtqIXoiqY6XjPV$jJlWgAchRhIK7gc.ct31y1M8MSqaP.NyR6CqgH6zooTy9Q7fJAAMH5PENe6OMM/PGoNAL/OFszC4p.gEYlHev0
cracked  Heroin007  $3$$c46a891a3a9f05ab90f72d1cc3a893bc
cracked  korostileva1970  $6$rounds=1023$KLxTDhkiJoRUGn6c$RCOdMtC15hCokXAr.HwtoX932OjwVyd.cEmUvQKmhTJCO3X0yiCdGf5.16dpj7IBLxs24GS6MYth47ut03LpI/
cracked  woodie0  $3$$f6a68c3f703287a0fc2bc22744932cba
cracked  B7RzCOug  $gy$j5T$Ft8jzuTNT/THeuRA2aIU7MZuEDWgW34GaggjnEju4BZL7HruALDtCUvp5AlyrJ6b$fiDZ1ipVio5IfLn0Gun3yCoUJmx8zw3sVqUga3wYUP5
cracked  wckywaf34  $3$$d3bd3409bfa3907a36bc0a4d6e1a1243
cracked  didi13  $y$j8T$NxsBqW.auuDWuXRpj05bP9RalvcVkGDXRta6/LsIggO8zrdPgbzR5Mw7FvGAkGDP$Ss8A6Y/shmMbyhHKtp/ppKwS93ldEKEw0iK3Dteq0L9
cracked  j4060  $y$j5T$4wWhqAAZgm8SRG6KJy824MJJSp4GquOqwqWqNFz20fJyokbo2Lk3YFP8L1AwB6uq$0jqaUclWoQqOB4vFDfOB0RwsXlJPsCM9xqZA3SIyiX9
cracked  FkZVNhd  $3$$64866e1f9478c701c1a29e1b82b12df6
cracked  8ball8  $6$rounds=1212$nGrYmXXYnZz.MQtz$Fvh3EbHOFB5WaTlOtLlF.sIIomttu2cWgS13e8zpiaYRGeTEWrlYK4X2m4T/czdrbDjCC0uqvQEjlVYvDmNXi1
cracked  094447  $gy$j6T$jmoqnvFnDqcAjbUeUI7ojltVpwOz9/Q.Xn3t2ZprG1oaDmxYgiqp53swNjEESWqF$sXp3x8Vv1zza2lnRwLlvMxwAs1m9Uy0pzaUKYFk.6BC
*** failed to crack  $1$y4t4qTrx$0hpqbJsHXCtsLBPsZjoZr1
cracked  iovobo  $2b$08$/erqknw9iAlMZeMTRfYOeukmwXjQlvEjC4C6GbDgs0gAtmhZWCYS2
cracked  joshuamagicword  $3$$c30ea218be5c83c2aecc98994d6d8632
cracked  hishay  DZviGFLyEwfTc
cracked  07231976  $y$j8T$MerT7qjYeOC4i57JpTmS4oBNlSpknaIOxoobKmj6SfWQ08dCIqvntKa6S7BCWLSU$KUOjnzUCX5IvoLK5d.GFkdSlxKDnqjp6V9AzIQv7A7B
*** failed to crack  $6$rounds=1034$y7HphKuuGX6QHfo9$v3yB1/SqRyGra0PgdM.sde.2z1wEIal1d3VPXdUM/mKEJFqbBJZ3WGf09CBcEnt/MP53g.Ww/sTieB2mhXL5E/
cracked  gogodere  $1$Mo.yGlDD$GFLeAz3qY7gBsK5vOY5C/.
*** failed to crack  $6$rounds=1350$ApFpyJQeiwTA5jEo$U17XIScEuiZuLlMRTVTmtZy0RyS3ENKvUg7JKhkpiC/fBa7bPbmf2ZqmINHgbj6iMtKBPEMxCqtBDRyv.tzyF1
cracked  PiJArD  $2b$09$BFsUUywaH/LtGEGqBTwgkO7U2ds1dhO27RsRSwpltHoz4AmUR3Tsq
cracked  a89276553293  $3$$d229c433850727da632477bc0aa3ec9c
*** failed to crack  $gy$j6T$9smRsQGJ.6gZiMUZhTsuix50WV/1IWwmF/lzWDi5gzDECi9BG1j/wypN4hqtFTe1$dophBNWy1HCB4PPvUBOg59nyFuGRDuSWummc4Te1Pj4
cracked  663025aa  $y$j5T$ht0bwtIkCbT6JZPk.90w8WjezGxP5OpOuUazWMJTtx2t0FkA13Cus2L.wwXIt4W4$GlCCOjB.xPET6z8V7AjSU8XvFt4xX.CtoOzIQYnDjY7
cracked  492999999  $5$rounds=1123$Uj9KxI/9EtKomgko$gPWYdlrHKw28AyZBR5XPklV4zWNlT4huxiSYgC4VL1.
cracked  manuk1  $1$Sw3Lp9Fu$4CA4tbL4fPtnwgqA4zpnL1
cracked  hide1199  $2b$08$85bF3FtS6VS7aprHderM/ODmv3sQ8GXmkOit61Uyshsp6CoxA1bva
cracked  cond2672  $y$j8T$kjgxzvjfL5fTWA.T2i03EaZ2W1PZgo82dTyTg0koBip72sQQFj4cTXeeZIBV8iEH$vUwoEhw/siHHmaEKKUoBh/UBoOoVH9Tpz67iMOl66DB
cracked  05112013m  $6$rounds=1361$LMPLMHPx.PjAPyiq$/sco9T8phrSunMquv9a7mlKP33yFmhxZeiYLnwEf1OuvMKwrTOqYZiGOs5zf.lhE0tzNAtAitZe8N7ChgecO91
cracked  CzfKTg  $6$rounds=1493$mCo8JRLRl9FHf1tA$o9N8PiYjNf/iDFNLtj/l/3ywhWVokKN08ffZhKYZ8tiF/ztgAzxJKOTMpmo8BV6mDR1nsJ09alkayIZ1slqEQ0
*** failed to crack  $2b$08$eAMzJRuyRYhPM3vUrM0FH.PYHqStJBcZyK8BCxHtnQU/7oy4N9pnS
cracked  24E888GT  $6$rounds=1074$WejnN4PMn6KLlJ87$a.5lQl2AfupNpZkznlBdCp7jiqagtksjRVT3JGLVVc4je3ZwvaZ7O/Ip6hi2dt0/4lhfIifTSbevzJFhxj8w8.
cracked  ggxg0kom  $y$j8T$euuVzcwy7ppEC2amBuWWPFVZPyETyaX1YnX5qBdtsHRxaPoSW.5HNJL8ai3sn8iy$Ny.Qbjqn8fDMuLDNxF/oRKNVdpppbp7gIo1YFUN5ZyB
*** failed to crack  $1$kdmHVpEM$PelIvT6Da4LQkpnYAekH7.
cracked  archo  $y$j5T$j8UXFOrLz9VBuiBq2hOYrDXYlcBE68CXsq6O.3supsFXyC36vJu5q1xGbAmA3gTG$0X5d76aaBZRzRywgd4LKPq54yGqKkG29NTa1Ob04cb1
cracked  llancers  $y$j7T$NezGZJHO.Uq9gzwGK/LSp7ApI3F3CfmmRVrINqvSFGBWwqO9lANE7wjmNoTMvpdH$j3praId6nZ1.9hW1Ru.H8ResDXMG4I/uMQMsBjLRah6
cracked  cfhubc865  $1$SGo7JByY$j4NEDgEOzn8I5.gABJq0Y/
cracked  hastala7  $gy$j7T$Ngz1RIr.a347EuJMqlLR3bVGrg715ONPThHbsNg43hk1C1x/WF2YCOUWd/VxgWT2$gi2noN8SAHVzClqfAA.2xtcAOtB4PjkkZySGsyXTvz.
*** failed to crack  $y$j5T$LahaVTlcobxv/UH8Mak/dJUoNL.LL6oZkeU7mp62cEX.yNhSaE58O0K1UDvkuvF/$P418vrGGLiW03W1JTy4RnQ1qQ5VmTKwJQZ5ERrkBFaD
cracked  35223648  $y$j8T$HV123IuAHqY3hWtQZvoiOvaETOf7RsNU7btp81p.OJSTLx8ECDdSkETkykenS5FQ$tNA4SSjJNF4md4SbOxkLSptEUO.MMuM9zdvhCHVmvMB
cracked  yKFJnZ  $5$rounds=1025$xh7ZIYO9zZiCeah9$FJBs7282oxNp6Dk0Nssen0Lqo4xXMMl/fjT4t3EggQ.
cracked  sannekevin  $y$j5T$tIr92TPUi1mpx.a0xI2ZzFAn9sTpMat2WySwJ5K5L0khXsIQku5UV78QmniI1ubO$YXWg/syUAp5PaIQBd0yxBNX7GB7F2HnZldu.VaZdRU.
cracked  karmir  $y$j5T$2qLtx1xTN1/XNQ0qPAG8qnWyvITZnHOZRqxsgfblA.BrpYWe8MdJPa0bxDJ4aIxF$yj.OSkyFcJQzMJMmx3upYcQYSebyM3luskoPeRn3YI5
cracked  11gm  $3$$39861ff50dfbf44874979dc6c085f804
cracked  sab0707  $gy$j6T$FyCCup6.lVNJAbDWt4qzW2aomspBwwwofj3xlYWWkx1chi7cHEvFbc/EqV8/Q3IN$cm6P54ju2c.x0GZMCIozsd4fpIaEhvmDecQ8lgMGc6D
cracked  tarulhell  $y$j5T$dHwaBw5h4Nys9vJ8.cN0ihVXIfUKq9DXBGLDsK8foBpt4eJVmF64Ac4XpUd63FSe$WEVKBH85CXLvML0y5MH0WpJXLvmXgqkGJZITPH/C6Y7
cracked  scalesg  $3$$3d525ae933fd8bbcd1bcef99eb38e8a8
cracked  minge68  $6$rounds=1231$gjidYEicmJO8s/ra$8gtqclB6ECUAFQJ58i8FEKg6eVP8aFmwr5cLup8rUcGLBCzYLl872B9jVZDP.AohLSH1ymoZ9tHMI6zXlQbEu/
*** failed to crack  $y$j5T$upLBHzqLt77VT4VdHHQowPioM3MkP9fdZnXTDLECgpx/xRwpkhYeO08nuzN8keRd$TsH1fgJGemQCdXPN3SmbMIn8qV84QCBFcFx2QLMN0P9
cracked  chha6343  $y$j8T$E7u7S5jW82Ncu/G/Z.zA1YT83IZx6pc6jTWNBqDL4NYuBROfBulgjq7.y01.aVwt$qXNI1RaPZ5VxDxC/mVU1jxe/0ai3s5TN6fEb.KQVuh/
cracked  244418a  nubvGM7jaq7EE
cracked  alo816  $1$4Zj.aI6y$9/Yv1GGNRMDHx1MIMQ/lq0
cracked  ltybcwfgkby  $2b$07$nJ7O7Im7KVrxKv08eMnBZuwfVhsFHPodYya3H/.ZZpw5jW2kDyxUS
cracked  9839581  $y$j5T$NSrKs/4s8Akwhx0rHSvWh7NHiPGejWxIl0OGUwwX0lZnfRaK2jurjg.qYLQUEDge$D1YuL504OqItJNzKqAgUzhZLHYtUIigqNLknGXKHCd6
cracked  pxl620o2  shltWXhFmtQVA
*** failed to crack  $1$XS80N0jR$pg/3msk88Zq9JeveqlScd1
cracked  vukUxYtiNyW637  $3$$1585280912edf9b0173db4d9d945019d
cracked  crboyd  $6$rounds=1343$iW25rEQHI7oe2RBs$U4laBz7h7j1YxwuZDWTer9fCQQ.YC9NihZAT50GddCChTtPelb5ZsGlXh5r3N6ent/dR8qPUAeciG9AC9xPk81
cracked  lysak1989  $2b$09$0njh.F.ElFVyh1A8zC.lF.w8OAB1JUuEknPG.elmxQaLaRvSp6vSu
cracked  11061965n  $gy$j8T$BS3v8GM/w.7AjoVpOqKczVVI62tdjenTcauXgmC/a6E5hazgcRwNpvUlHxmIS.YX$fVO/wr4vz7.ZsjM9Rw4VKeHCcveyUQuxvVYtS8BaLhA
*** failed to crack  $5$rounds=1119$1a6GapMscWFcOeuM$sXfB5eiLDgKUWHpY6gDmCh0HUjFrDiIF3psBjvO8HT8
cracked  KAEeHO  $6$rounds=1439$spF6AaSSBjQOXJ5Y$ld6Dftq4fFZGTL5Uxj0GvbqgQU9GU6vd3OHdqXS5QHH9VJTES.enjym6RXMa.vQvt9/DOCwNXk1nnGgr6ygjI1
cracked  9328bs  $5$rounds=1305$Ef96V7V7XSoqOPwz$3I20bH.dEJSR.KbPm85e1E82e2zupZQaX1IN0UWPwTB
*** failed to crack  $3$$31f9519eeb1324db6d7d3181d16da4d5
cracked  7594745  $6$rounds=1329$2rOGudic7QVwOmnA$2FGMODiSCgFJpa4eTtH6CLj3kHGeimcaYFSi1xRHHeJFJfAeCD6/SN7kSa7r5xOm6OHxXllqBgnsnfJEDTmWn1
cracked  ghtjljktybt  $1$n0rPOepz$eUHZXUnVhLbmLF.haP7Lo/
cracked  rlinda  $5$rounds=1422$yppeOTa.XyzyktzQ$fSauOrBWxyGi/5/oW2n9kPzcBBleujE7Agiebv1vVI8
cracked  d84x5pp6y4  $3$$5d0501d4ef3269a141fae1f7b6bf02d3
*** failed to crack  $5$rounds=1019$k53SsE08aLgNRUTY$5XU6Zsi/ErghDnHNylF31x7I4TS77NLi4khpvaTVtC7
cracked  MARIELLA  $6$rounds=1266$H9ZTdaQmMpzxZA4D$S6uj1mB6FYxacKcR39Kr1J7CaOERu2g6vBrYLhHXjNDx4jUoWzTcOXSBny2AOq7/lZHpRqmAllRefdj4B3nQ4/
*** failed to crack  $1$MW9HOC5d$Gnlz5dEcqrHhThVKik3UV/
cracked  jarujaru  $5$rounds=1453$wwM5PAPSUCmuk/0E$nPZ6Gj0k9hSfyQDoUh7MHrRENKlRfCtR7Y.MIYDJVT/
cracked  AfHXm9uw  $3$$b12861523fe0c47bc5ee06b260bb2049
cracked  5546454  $6$rounds=1343$j4RgPUmAzBEzi4iz$uBM38NqRnqF8BUvd5XKFbig7.SK1HEkYY//BIGImD4X5OCxQfiSpYRwIXNphE79iSIRbPy8DawTv5fXzNfrWq1
cracked  aha9111  $3$$9bd257596155f4b787e7d32443220258
cracked  munch135  $6$rounds=1157$S5JDTVQRtR8CM615$3G6Q1G99XE.TYKlL5ODS5DjJPGVnMNYB5S/r13mHzLXTSnU6SmtDbwjnrDHsOFACRq4BrG67COX2lwjGU/jnC1
cracked  lanthanoide  $2b$07$qrIBcq8JVckR0dRkLC1PbOa19y.uTWKqpG8M85GWvGnIl2e105WiC
cracked  Britni1  $6$rounds=1339$kO/iqWAIcXAochXW$kY7js6WnF9szsgryiA5rTKcowQVMSncV5Pqp005vmPTmPa2i5AiUtCAw4CA7n2adjeylj2ilvZ4pbAP1i77gY0
cracked  57FLp8LRPFr6k  $2b$08$ucG25sWJB/jRCnrNeRQCz.5WeZGG3QZlL45koUmkbfZwsEeJdKWum
cracked  kiril18  $2b$07$A8pfnN1MVZXPrmY59Op79.uCohjAi0/hQ9aXYOifQMku2U.Kf7rqK
cracked  po45vae1ua  $2b$06$bt0wpQwL5MALzM2AdZ0RF.8ExXR2FnGIx1WFQ6LR/YDSZ4QlIRHdO
cracked  m310769  $5$rounds=1217$fN0rhZ3iLtZZD3tT$Uh8i18qu.uibbP/75XQdBJ/89lj83PMWal2MzBALUq7
cracked  wqmgfq  $6$rounds=1199$omxqdgV1L.PUVTlm$hIcTAsb1zUjdwDtw6QLA5BG/xSJ1HAe5vnRcnR1cQbo/CvmIcoTwuJfJxPwQ2F3kCy3AuWf27Vt1zALEfjlae0
cracked  44323701  4PJxESG9qRAZo
cracked  5VVTuDiM  $gy$j5T$HNw/HmXhUhmzlhXic34hzbuwirRGNzNFOxogjxsCg6OPr0AscwCenqGt3ZPFh6G6$xzZd2CQ9JFPR2axhiGRpklI3VIPflQbsusdW62zAR36
*** failed to crack  $5$rounds=1318$N50WCh6eI60jy.MJ$0JPVMlUoB5s2CeOtauQbZFvysxisKH2YzTu8jMvLl70
cracked  240sxn  $6$rounds=1267$klnvj4UV4JNqtd5i$VBDJGyM7GOgerzq9a18BkqZqGDnT6Q15fkUxTjhugNXU.604zZn38bfiZpA.r7jSDzYkeYoOO9HL6rFYFaN0l.
cracked  langmuir  $gy$j8T$H.gL/uBspv.zJANODXbXNNcjOf.o2w7nkTdF2P8wy14BnrmvLtIjzRpd9OI429bP$6Ic2tVj44B0SDpBF2EUStC81afQkcj.MH7VBq1whhI6
cracked  23112994  $gy$j7T$m6lZuMb7KwOyZuGGgLNDdNspg86V1P24v9lMAZL7avdgBL0IV9e.aX1IN6VSQr2D$OBUO/7e2JIOKVsnWifLUpDQpk1xeOqB5WUg42IBnJe.
cracked  skg123  $1$MpP5w9hr$VD5lT4o26J85Zi63/WWyA1
cracked  beleza9  $6$rounds=1230$lJoQT2W/42/Md85z$rIF9By4GS.M4Em0TOg2wZfYu4ylYaqS2JPBVdC29AUvMiOS8UMtV2E90RveyMa9dCLvBqQHjpGNnXFq1VEAhq1
cracked  tasuev  $2b$07$Eagz5qVDfC/9RuUi6W9EwO8PQJ5zvMW9JFTB5DpauC8Xn/IOAB4/q
cracked  sultan77  $5$rounds=1282$q4Y9LXIXrNa1eBJK$ASUaGmOPScvffJVI0PBvoyZd8u.wM1lftMfUUDuc6f3
cracked  xz75q3t  $2b$08$iH1ymU9UKQqI/RmYHtQvDe.qbO4s2SD0PM0WaQN4uO9cBrIwMJBwy
cracked  99980  $3$$7bc8cb893a1bf5ef21ca6fc9311b794c
*** failed to crack  $1$q098Drjt$KYaAJ5mrxbZovKCORl2yK0
cracked  vfntqrf48115  $3$$60ed3bb6e6c35ac9d49099981afbdc96
*** failed to crack  $gy$j6T$pSY3Von9qw3RcRzFtKWlZdukvK.2vZh6CFWPerLm7Ba9PYo1sAuM6KpjlA.140G1$QtxSUwl80jnuaVmBpf3rfOJrywXPQbhjA8cTw28eZuB
cracked  kot040485  $6$rounds=1224$ipNMHoWVEj2sx3X3$YLh9xz75a1YJd8K01SzV6/xvWilvFlzfBBx7dslvSE0jvdCLvJihQRTNl9qBZfzpVHNItWDqpTQzaExyK5wa1/
cracked  ikyy1@  $5$rounds=1046$O/fL4aVRl3205mCs$Y5aI0ay6dY7dWFQifkxaz1iEjXqg2XwKBSN6kZRohYC
cracked  oph56202  4bUZVBX5coxlw
cracked  pennypoo  RE4qwR1dEG9D.
cracked  xxxFIREFOXxxx  $6$rounds=1205$5s3oAoelqWQXSAm0$IDlHFIByRqNjmHV75K8gKy1vqswBPmcmA0.j.Uz1QnpSKwQTRd3h2fw.6LOwsQmAfViQjVIziZtSj9HUBAht31
cracked  3005lieJ  $5$rounds=1450$0Bsq6VnE0Gwk.Awd$uBAjTrl2sypmVbT1zD6E./OELtGJRvyV7hbK9WYqxDC
cracked  pmouse  $y$j8T$n/iqM6WWL6HNH8wOOkxqET/aLI/UamL73UCd5wY3fyCRhb6VchzFYb76UBzZphKk$iRjY1jx9KSMabJ8OnL1uRgBtpqtT3v1kY7JczXjh6/5
cracked  hunt321  $6$rounds=1120$LZsJEI3HwRmeH7ZY$qHyMKEyWoTR8.2fcfzXCY08J62lLBib60fwmV9ZBMjpH6ATRsVDiLaaLd5cYJy/TY.wTUC/.sw3kb8OwrE/If.
cracked  pbo64tee  $5$rounds=1115$GCqmQ1FESHsKumf9$042NABBaLWcpYx6wIS8qvX4xnoEANpYh2jU.VCRbGD.
cracked  fhf5341  $5$rounds=1004$BINCd.FW3hpDEKeT$x7kNAndXwnXntfcKA04CwMsN5AZys5bXzOjgprQCDI0
cracked  scale  $gy$j6T$p5Oe0GaT3Xcl5sqVIZl059pqrk8TQz67t/5cqD76/usA66PW7kd2dEfF4C01sY.K$wz6pNxobs.ackWfPpIYafM.Glx9i72dfwIP4hyvZRN7
cracked  segblue9  iEZlaSfV95ZbY
cracked  89022808299  $6$rounds=1025$pgej2thr5SfeluXX$hc4IT7KZ/.NHjRBh41.8yjW5wx0JNRs8eAGTrgVpEeUlLzeyslTsrNLUgIHKFQ6LRLk0Cl4RtwfKKy/7gtxTE.
cracked  metsrickey  $6$rounds=1305$ljpBH8MPpBs6GtMf$nN6ywQiENBmZUk8eiJ3cbjzS.bsM22UlDFb/YxbD7PFKdLWeNIiH.kQgQzsX.7IDBCGADdv.Otiijt9X4IjT8/
*** failed to crack  $gy$j6T$fpAN2cnRRbD44mqOwmg./g..xmB5q5MQmAsdaRcfDhltTD4e/Kr7doA309DP53Nk$GJ4WUN5Zn/3grAQKCfnKxnGVRcSObC.PSOn0T/XLKIA
cracked  dipal  $1$seIH4YPY$S5L1mWeHLOpN5u33dltJB/
cracked  Hn6LPnc5  $6$rounds=1274$XG2kbPBIrKSkftrA$/dW9owIkqpWVKW5A5z5XXY4Mwt5cDjxBadU8ymoNixBCr08zWr0biIKE8/EeFMpM59d0zGKe4V72yOaLkZKME.
cracked  drf32  $2b$06$XeuQi.gfHFpCUrQITAitROZn4WBtHwfUFoGIUUD/hq9eA4S1tR4YW
cracked  2606198  $3$$ef313dd97b612a00570622e3550ad333
cracked  Dara110  $y$j8T$zlPW179piSx4WznSQAkJRjbpXJGJyTgsSC0wcYd3fPAhsrCVe4KSnoXwkgGMu8C1$E1YG.2xLelhyqu3eCs5Tp63hQt5RStJ1.krMOri2wkD
cracked  neustroevalv  $y$j5T$oU6QTMQSHTWZpUNZKMbPJe6I/tp8TyYU357irJE6SPFwnThuCbvz8k02FOVXvyLg$eEh4uYt2X9xHwBaHOVIXx4hRtayfgFVeUB9Wo0W3Mq5
cracked  tangerine  $6$rounds=1225$L5Gtw/MWFoh3DwA4$bm.tsEGDbUdEzwaJzApCb5jbttxphtEOpquQReJG9Um78CDKdxbJxNLlSoaO4dIuw8vvY7Y4ynafuErugjRJ11
cracked  hZPUbsqzHx  $3$$879a6a3ee2da7d62e7ebfacc5a986122
*** failed to crack  $5$rounds=1282$Gvl76ncMrUaszh1O$jhHWqWdVSUaT23wNULtEIHnnWkCXWv.yH..uwAQj3oD
cracked  ouwehand  $y$j7T$mtKe1uML0qC89vZjaeb6579WgVZd9B0f6Bqj6xeHQGYQ9BuiaHVWUIiQdmytsV/J$WH3pGC5202eogV2USL3xoU1.XHDLm0I/jIPzb125hd7
cracked  suzdbr  $5$rounds=1245$Ld1kCwN69LNCLLiK$EZ0f94BxODWxhRsCUdptotyFqwWKaghPA16.xPQEPN1
cracked  repzrepz2010  $5$rounds=1014$O4wdLAWqwnyVl47J$sKjihZZUrJsY1ozKPkJwAPBAr9X771wbtUJk33jRbPA
*** failed to crack  $1$Mxrt4OY/$QQKclTPYJsYHYOFRU5C8n/
cracked  mickey90  .90/2Uo9gnBLY
*** failed to crack  ZqLencMV8B5AY
cracked  cockmanmill  $3$$924df37c6efc0467e5536e5e9c866010
cracked  somgesib  $3$$6deba798c841975fa31bd59faafeb0b6
*** failed to crack  $5$rounds=1240$u9h.jhMCZ9PIRQjZ$BhlltK/rLmS6V/kLfQPHCwXUlhdO0rEOXlTRQwP0eS3
cracked  logan56|eroscite.com|  $y$j7T$o0tviB9vNZeilDTJ2niDqDyMTFZzq0OXVEJ9ZwrufEdikvuBQmlZuCanb0.Z50SU$Kw8c1/mXWD0gnBV0LuS0rZKES3QMYKJPa6vxojiG0nB
cracked  VAgumYvIjeKo  $2b$08$izhGHfGt1UQA3ZO4TFn/w.m.kWFvIYXhcg6AY3jd5oR3QeXrYXivS
cracked  Hardass  $1$lns7yaR8$BxL3GbepGkAbD/9cZbP9H/
cracked  89130532345A  $3$$1c1e64a6e937318cb25c8470dc92cebe
cracked  5ZBRUXWa  04I.QN42pGLqQ
cracked  fassatiae  $gy$j8T$6xkIAX1.kgqyZ1udVEO/9M9BYbBBVT6Dwaq76HUVAxk6meBd6UO/odDuTAJ9M5UT$wM0VO0Kq4sDXvub7blNh7sj7XsO.4azmBx0pHCsDCq1
cracked  KdH3CU  PCkg.vO4PvEw2
cracked  %optical1  $6$rounds=1189$3MKyA/c5x5EV/dpd$NHQ5EDf294f1T1Hd1lQFXahOo6FarGUJJT.QMXAnmw9zhOrqOSG2Hmd1sLJSlcSDSGVrRHolH90wOfoyVhHs..
cracked  195591  $6$rounds=1304$1FR/6P0cCc7DtCNh$d2LhgO0Kkiu913vLGLrNUR6.E/420TatgSvHSrfQIDYzRum7M/ufQrxAy8SZ8EFJbjLwA89Lg.MNqPu7m75Rs0
cracked  sudak11  $6$rounds=1352$vvwucxJ0VdbJNYlB$1PcXQ71DVxGjnDSIlQya5vQooR6irBtf5Pmp17zpn.LngKhRWQK30/S2L955FS/iloLDc/Gx/VbAq7rFBsop30
cracked  90BAOXnEWRI52  $2b$07$us.47xzEK5Y2EJiXlSljhe2ZuIfl0lN8OEzAz4YqpiJmZRno7Tm3m
cracked  ffs7hj6m  $2b$07$Dz9m5EaZ/ObJF6az9DT6D.LK.37xHeViqIS3ve00X7Hq0AQmZoIjq
cracked  da181096  $y$j6T$tZanY5vMoqHjbEsCM3cOH3DqFteaDTWLPPxHQdq8GE2BRBoWmUO1UXhzI2b3SELk$.F9I02z7M3oSnAnoEcZHAbJr3CLKQzzzRwkflogQBhB
cracked  manzanoechal  $6$rounds=1246$HSQP90WPKER/9KDS$/Mnguk.JxTA56scOaUkvreygnlJPq3PLU./beTlauxn1juvnw1/ut9Fu4SMJcbab77crOh/bIZGgJTHzJAQFH1
cracked  1639  $2b$06$4MKAv.qiMARe8OAAOTivVONk8rz6qEmKHyHwGowyUVjN54d5hDGYO
cracked  lowziggy  $6$rounds=1496$FHa.nuTA11Hw7kaW$ack/lalQF1n315q7PhpCWfbSdv9UKUxpvp/sPiIK4h/w0HOcUSHxGzUbHg0YfhFIxxyl8E.iKwC/tUHbbyQcM0
cracked  ZhfgwvA7  $1$x8H.ErL0$KbvsCTQhUjib/pb1BQv0Z0
cracked  toyota94  $3$$5c0f3bf7d6480a3521ed5c005442ea2e
cracked  WowanX  $3$$51da921c5507b4466ceffcb98d117545
*** failed to crack  $2b$09$9UHDzAsopp2W5x4EpeX66u4Ir.vYEf9QGvb8/4ZMCQCMfUSc6eE4q
cracked  caramel93  $y$j7T$BP1KaGPDfwOiAjfCtNm3/Y1O8MwXiABiwN1HLluSrluFNC505bCX2XIQ4aWgC6Ed$WqoJ4uCn88H8sVJWquNGqJSPSbr3fheiDIilIsrq/o.
cracked  busu9984  $2b$06$L2.57F3R1YgXFMWTST6EwORnxHfWCONsvdCyzGmoSLDyCC9E/gD8q
cracked  721rrc  $1$CUPOHd/1$JD7Vxe7xzMC4T4g32cgRK.
cracked  cheers11  $5$rounds=1362$ovDqn2dlq/FlsJK4$los2A4i4w1riqxobnE2pKyi9HORjXvSBuTXUQIAbiw7
cracked  198321raf  $5$rounds=1056$oG2lDIdJaQOzlt3v$y6tJmf9TEg1vpLN6Nm17hEOwJPq40EPk04tme8PJkg7
cracked  ccwwxcxdk  $6$rounds=1357$DYQRAIE5yKORo8Cj$R9dU0/S.NiyEj17RIwqmtpBQHQPlOWoExcDA.vt0XBi9/5XPAg8BZykxNlsixEq0X7oIl/60nWXrTxYrf/fd9/
cracked  7041985  $1$7oN6T7SX$qFSwawxGbp9oxj0.MPpUg0
cracked  j730jj64  $6$rounds=1162$E6INOrcpSOF0i6jw$xPdprHlYHc2ltT3arM49WANbwFeLQrmcEU16fSA/hmSMgfjtqVGFJ.y87GVbq/Zd0z4QKQxVtUEIFrxJNRyxz0
cracked  adriano25  $3$$9ef02f0089ae7f110dccfbb23e730294
cracked  pittan  LQptjAakRaCzU
cracked  miller1-miller  $3$$a561564b260a029fe3f9597626d84e37
cracked  31081987k  $1$NTqyLqyu$0TLP1.snJXInYQBHamjUj.
cracked  dpo432ej  $y$j7T$5EWje9NUPkItyoUBEVury6VqKDcHA1gI.meQYGOVVJrJXgOI013nHG2Zh/K1ksAM$AB7qPiIZe37Y5M//0b602SqsOe87t2S/JdeAJsOj7W9
*** failed to crack  $5$rounds=1292$dXdCqC9vR2K/pIam$MPcrFMGbz/8xHGAjzUO05J7xaMsTjMdQGFpC4ClR.t8
cracked  E3yDeHEmYZasyW  $y$j7T$hm/iPBc5BMJhalk6A8ynP1NhrSrkdgXTxoQl7MRyp5V4m3hoO.ww5zFYCRbfvP9c$PWwLco5Cq4xf2NuMmWF2jxJicgOlk..WBIsCxOEDT71
*** failed to crack  eAVo2DqhCLFiI
cracked  doorweven  $3$$72e561090aeaeb6860809368c4c7f337
cracked  truy6Uf  $5$rounds=1450$ypnCcvGr2B78XtCI$iUL3ag2M3oQbZ/7PR5iXPFI26plR4ySxwzrqI4Vtvd9
cracked  k6utue  $5$rounds=1014$ndhOF.Znn0B7faJB$HRoE172I4wnYTOf.9/Aj.tsclIGzXc3NW09Vh5DWYt/
*** failed to crack  5wqwiCW2Z/3js
cracked  1z1zv99  $3$$485eea1b5d98b4589070a23e533b366e
cracked  adsposting  $1$yyq/xc3m$svWGvllD.RPr1XKVOw2G11
cracked  20112001  $5$rounds=1162$cBL1cDiR/h832O5l$RzDLhWSmkyVWFgjxdcCv5Q/VS55dUrXlNEtMCROPDcA
cracked  89265560909green  $1$Djx7iwI8$cagmvVTnxDuhJ/O8N1LhV1
cracked  553125  $3$$49edb024766748ffe0c8ebaf17f2dbfc
*** failed to crack  $y$j6T$iJgRQANBCNgd90YLmrsUlSVhN/XSzlR9mhyx8xIGI.MLss4LHZOQh6bBiXvtsh6X$tySTVlhPC2zMLrWvzue2Fl/f5NEgK9VjXV/4VFXKRgA
*** failed to crack  $2b$08$taAoyhGSV0o3ekr2c0LtJO86ve44zSpALcVzrDvJzuZPFFHrquFKm
*** failed to crack  $2b$09$UbKwUyeH0jCidN0ucCIs9OCx6zjKjErBeWg9Pqe4eknhAcrA/GnZe
cracked  heat1204  $1$2K4lLY7E$1mqTyB4kzh62JKs.19PBZ/
*** failed to crack  $y$j8T$9wMZYkl7NVnYFb5BPvpcGTN10oz0RrBOK8OvHqKqcFbWrKHfbr5k1N5BbjULZoKG$ryaMusR9zwyiGAEd6Sz5ttpdRGddtHplp7BJ5ADKG7/
cracked  F3mwgQ67  $gy$j8T$T/YoPO937VpMTKZFe8Y/VFFx9LYyrFvZvxb9Wwhv3PTfMJaPmGJsipPQ3TNvPqhB$KvxEadmS7xnFSXPbsSlmBNVxGsZNb3sXQsT/tIRUTwC
cracked  DHHMAZLW  $3$$f0a5f7fb84195526595fceac103401d9
cracked  4z666a  $gy$j8T$YghIEwzwZtJXsuO24Ipf581/WD/PY/XrgDbZw6PAIL/h66fsPNatWZka5.Ougiz0$07XuAYEWQiowuScFQTOmD8ORVzWGM71IUOburg/WfG.
cracked  cock8504  $6$rounds=1449$cy4olRz.6XnPSXJ9$e5/LpGeyPgvAJkJykoQcw66TI3skyIMXM/.6xsOckvl5bSpo203nMAPeG0biIgRBUFEra1BiL/DnWOB9LP0tT/
cracked  Cbjmdm!  $1$8aSEfA0G$7QMI2R7Z8hylUpt7J3TQC/
cracked  321624  $5$rounds=1428$XL51W.SPu1X.aRW8$jUcIgW9.xY.fGncnk.jb2LWv.mWibMhgvjQc8M8DF51
cracked  copier007  $gy$j6T$PSOIWWUWf72pCkXf8yojd3C9QKTDiy.0xEzu5O2c4HL0pcS7SLW.YzvTa6MXZ.0L$m8L6spyVBZcz.40gvsrrVhAyjuGVxo6qs4X6ux3NII3
*** failed to crack  $6$rounds=1084$ef3n9NQOdUloaTAI$CLpVlkOurKvTAWXfYMv3IoA5IEjOLRLUV1Nsbq2ydz95OlvfkEBnteJNTR/gdXyw79rbxJsMYUFwrcX6tfFff1
*** failed to crack  $gy$j7T$yDQmdJdD58kRAH6iJQnYGppWGZW.SGCP3sm4t1ArOTwwKzAtYxDzQgkNnnqnUD3q$04SW8.L9gNFd10DXiBiTEEbFJqgkz84q6Ou366UrQ57
*** failed to crack  $1$fICd9eG1$xLyIPO2zXMHQDs48Mr4sq0
cracked  zolushka3  $5$rounds=1497$NGe1gaHK.JAmOWJ9$WL9G/IZLE9Ix4yL2iSYKpOEA3PPsi71zHd6tQTLkHa.
cracked  Vanette  $y$j8T$CBBCGBeV5rXO5igCkwbuGFlWYBspOwxVs6huDolQg9EQkwJ.JxZK0O3uaO6IDQ9I$EPMzGPTALlD25oC6FG6vNQLDvzq2MYlapRBB3DNNaN/
*** failed to crack  $6$rounds=1488$gDb0FCtpyyCGuSqk$O2QBeYaFsJ4FCaqRGwFWaiY8NV6FVTG66h1raH2HsWAJjqeAuXUjnYU.H7mboF0opS0Z0KcZMFJgzMzeyBkfW.
cracked  sjd3874  $gy$j5T$Sj4nBANzg5PaEwmDxef/BeeieeftgLNzU/.soLNB0OGCECuNUB3FEnwE0LSuZP2W$gtZ3kjfT1Q3.w95XrvdMZ9qhD4WDqQfhhPqtdu9KK/7
cracked  48BGY6iM  $3$$19c70d6f212b5a93c3d64566a614b8dc
cracked  rhsan  $5$rounds=1470$9erPFAotaksfE6.L$SB2XXjH.u7ZSfJttw32BGaYgk.L57/ueZfiYsj3FOB1
cracked  unlikeme  $5$rounds=1145$u8Iud3BAcqC3fCUa$DFYymNqfcf/lUTQ5W1SN0sl86H8EWq/A8.vD7KWfXn7
cracked  mbnacpa3  $gy$j8T$t.UBFcmm1hmN6dotOnBrJby/mI4GycZCFI6i0zML42ZQULXbnu1ryssaU8k2HxdI$GxSgR7s7LVaW51s40ot3ybXAPzTuBeOhSS.M71nti0/
*** failed to crack  $1$qzFa5VJ0$QSfyfnJpg9fyAOclruZEY1
cracked  stonewar  $y$j8T$FLtj.mQ5dJw.42MFI9F1WFyvX0fTinuVF06WDYlpyunwjTkHcAObHh6Fd0tI43Ep$Z9vH43erqkgNdYg5Nc3L9hQwbn0undhS4Vecc0K7eN5
cracked  R@mbler7  $5$rounds=1089$zxuHtcpNerXE1VH/$AjiTtRim4xc0F/DO/FKry7YniGhWLkJx39broB0oxmC
cracked  umbro12345  $y$j5T$PJeU.XDg9EM2VobRaGrZNH4jhdJXtpgi1CNAU.BX79sX7mtMt1hznv3LelumaW6j$8KOvhlBgcvpq31pTXSNs4uIqOWfXmq7IiBAQmHk5KN8
*** failed to crack  $y$j5T$5.k3BuWXYayOEk7gYZ8SuKUnJPv6BIV850WKFcqJ2FfAw/pVNW4KenxOKTyR4D.Z$dcNkabX6MqPCT0WGCZrWQVl68L5d5kWfBvtuNCHgQ76
cracked  pornmaster2013  $5$rounds=1266$i2LoaWGRZMO3Aoee$VlvXQgWb9Yv3E.LH5BRxcvMqaWqzwR0wfNlI.FBwOQ8
cracked  pacshok  $gy$j8T$f.JG3EE0O7E.P8zEEAMDi4GFh6mzCr6cXyTkAH7mynZdHEb.Hnsu.C3xEQljPivq$PFYS2YAHfTkkiYatZ/I10Dh2qxnNx.owBt3tXYAuK73
cracked  6575atUd  $5$rounds=1373$5zcqVodNNu4I0OkK$OL/Rnq8bwvng0k65wC6ufxL/YFkQy6tUjPowj9We255
cracked  amigable  KB42zLKIHAg/o
*** failed to crack  $gy$j7T$1znhRq6qu6z2KiqVOC3/HZxoWIV32c7G4PZofEt1xlFq6XK1VE/NpEEPWZiwjfEZ$jBos3AVyVsGeFLvTv3OHxCv1zbnBwaiPUEznGi4g/88
cracked  pzybjqnd  $6$rounds=1134$aE/LuamS2C0IhERN$yj0k5m9A5Ggu1NKjeaSmn3xfTa8pgXS2RlmFCj22TMh7GeBZZ2sZ9dNnpt6RZqqIj7OH2vuXxYM.0INgH6yYm1
cracked  2h8dj3k  TeSwNp3vTL2sY
cracked  abdelrahman  $gy$j7T$Hfe5Gz49hiFzfwhkwT6praZN/SpzVJe4kiuIOz/nGq6aHhHHdEU0BEOFrBBTYBly$t4CLad5WEoAilPGygiQbYfFGL9BN/6imV6bFjRNfZtB
cracked  2rdmn  $3$$61a92cf105be0f8d2182989aff1a22f1
cracked  d665A622  $1$vNBPWijL$1VrqMMaStVQjd.GRtilVt.
cracked  01091995dkflbr  $5$rounds=1347$HZPsTsHidV0VRh44$dSDzZ11Q4h2aREHIFcMnpF/Cyg8pxzVQpHj0M96f58C
cracked  17wv095d  ddWHkmXwcJSWE
cracked  laboullette  $6$rounds=1444$eEjHWUHz4HUBW/js$IJo0VAzBVUzSa5S5lGk01K9XNTuP4e0mRuYCNd3cMXRwbsIhpi/0uG0yR0p3a.akdH1GLUSNfcT19wzAyL7vB.
*** failed to crack  O3D/EU0cjpM4c
cracked  hopla  $6$rounds=1391$ZklRjVqiBcpdxGx6$fRgmbqzO/uzUYDkjIaZmnfJqrQrdZZ9nnPLVi5txbqNgHMAVi2ntmcUrgYI24DkUY9dc7GLtThBIR6usQmEi7/
*** failed to crack  $1$OWxCH.7o$aishtIlLaSRI9vXohUqq21
cracked  271120000nast  $gy$j6T$WBIEkh9Cd1Gvx4pKk.dUXGmz0848pd3zCs7ltbIam.uMkyQM4BusWF5E/GDqPme4$mou2.84ab56.VRou0JFNUN9xPEDDYwhg2d2k0q6Nz13
cracked  043626  $5$rounds=1381$0iyOkdb2YUeWLqTa$RCiM7qJLwHd0wK.w7MpoL4OlduvmPjTHFP4773IcZQ2
cracked  nastja17  $6$rounds=1066$VnfbbZ3DDROo6D/x$diNPGSmoNCxrnbTL2ITdFJhoiZSkPw4rkOqRaYKAULgziWAk9976vSjVf8bkWTZyL6SlbUVq6kC2//k1zEJmn/
cracked  dnqs31ve  $5$rounds=1168$RIJ/sLUVFLh/Dbu3$D4kL6RoLciWoeuVNmRw8xyJXYpUhgkwXLhIUFxbNk20
cracked  90zNNBgZ3gz4U  $3$$2a3f06df79ae9e8e62b8134fbd29ed75
cracked  nnEcFAWZuG  $gy$j8T$CvlT0edOGdUFv59BMnhYk2XbErrCO1scGhxrUmG.ZcTcjVLuj11zqR5CbSC.jS.T$YlrZQOLk8xevVcZwiU2ZQ1FwiAj2ADTF.1N.4Kng2IA
cracked  Energi  $2b$06$rlVoKskpnbT.pVGHrc4gFeaNnA3DV/591fZT25TwKatsmv9rCPUAu
*** failed to crack  $gy$j5T$N3/Pi81lVEyTN8oyj26ijcEIXacOVovNqCv2j.WE5eOyVj56So6VOfeRwTvANIYC$6Wf7X5VjijENXektA6N5FBEgI1REnrCnUE6jXA21Y.C
cracked  coogs1  $6$rounds=1136$CGNL1fuKuOMIOaXh$uQ0ySUDX/Lm43bMYcOdOr1nKOTQAaLi80CHTT8a.ym/StHQGG5vZKnL0m0WSYsRpKQ/39xErPLZBqffWos01R/
cracked  190798fylhtq  $5$rounds=1320$MEhQlkpCQDqEfoUt$tXNcih8D32PnsIdkB0cdogDNnhBVXuR83vah4TyWE16
cracked  FJEfCxjL  $1$vjrZ.1PH$LCfOk/dg40Gbz9Xkv6O9F.
cracked  95175382  $6$rounds=1124$HiMwhark0iwzQv95$Z2NWOdBBwU4VH7Rn2lnUAVimQMZyxjl.Iu6LrAGyOeWJ0UWXDyc.QrReotJF4H2VAYRllPeKtFv9RLsyGTUWD.
*** failed to crack  $y$j5T$mkq8bLXdVudkcfc81XUOOa.m3Xwqk85tT19PEWbFPNFd0CJMA/4D5pMmka8J1GnJ$U.dqh9rQlmmZ1ea.b7I5IFwrqyqg4rn/.qIZlrM0Iw8
cracked  sepel602  $gy$j7T$mtXHz7dPKKWLYnc7Hj5htYpWnF94Ev/wb/AfaFzADaAwYYmat00W5V0SDNk0LXzC$Ktrwr1ktyjH.sEzAAzzSsBpd747/u0R8LNt2pMTAkE1
cracked  eFAcyx  $3$$9a61c74851880d6e071281fe75edeba2
cracked  GBCMRF777  $6$rounds=1263$3fEZFymJBPpkgj/m$lkkOmSCDvrE.aIbg3eWaa4d8QuD/F4.rwZRryX0.L5Gdeja4d35hcyTkiIwUYbhmj0tGpU2RSKaHtmede23WN0
*** failed to crack  $y$j8T$qzDfBDM6wou0Xkc9uWPOCFWYf/iTLa5CDK7Do9eko2LEysuxg2iF.OiQUuaE4sz2$xcswXFWY7fkXho72zw1gei3dL5Sj04V30qlBPm7QIhA
cracked  blair1  /HTSoY2k1k.PM
cracked  july05031975  $6$rounds=1076$/.7OMYnpvsOv2Hyi$HoGF39ip76aYTe4W.Txmw.YDhRuH2n2p5Mrxp0OgINN.W5UUO0ooMv1hDOZsAJ50wIzAZPy6T.ZFSixYXefF1/
cracked  Nv12345678  $5$rounds=1088$jFXfh6tEIb08jk7I$IM5iDVfeH.gLtAJxeGjKncakrtIx.cqibqYttkS2ZK4
cracked  Mummyg123  $y$j6T$8BEq0ZMSTFuPTgHGwvXU/Oq2dQDLw8g3Cw684WyAMGOribrabxeRf175RAK.iFC9$B4qVyj1yE8YdHcCdE/rJ7KRW7ne1wgKnogCPIgL7T4C
cracked  6xm7jystgk  $3$$33d21f0e691225f90b63ee9e78716296
cracked  2336311  $5$rounds=1047$.9OINhLnqeF75j98$Ip6iab68VpWWeTBiEz9A48X0wZIl.y2fQPa0whaQym4
cracked  0308s1947v1  $3$$b07672906fe2d9f3f52a9a0154a1d09e
cracked  best00  $y$j7T$wPqkvv4Tw1wplTSBmeRUD/BuXT54TcIATM0/hkVQr/DnJf3.BKdQK9.l2F9ACAte$5yZOWhNNgvb7zWbIywe0gGsGNRBv4gMHc/qiuf0YoMC
*** failed to crack  a.oUtFn5Fkbrs
cracked  BETUCUM41XS  $gy$j6T$b8lKj5Z7jM8WaBq9IYItTNGL8bOLD09qJc3Q8K8ibSXrqNWeAf3485LMoEKM.FM7$cXCZCQwmzXbanLNkVcQXD8pnOWCLLW47cLc1ASyR369
cracked  662365  oafdsm4pvUlxQ
cracked  bellemorale  $gy$j5T$Fe8628ylkWc4XragnHlr9ZA0yW8QACOYBDv0c2kL9w0SVv6cM3rBs3ph2faxDl6a$3907CNlNxXSVHg4rlwFJL7Pp4dpqnf7ANozBrfwXIO6
*** failed to crack  HN0mtXpVOX.Hc
cracked  vilma1  $2b$06$gsVzLSswgX0D0E0H0LhTT.vnZvaf3r5QcVx62CtzzSRi1sYmmx/T2
*** failed to crack  $y$j8T$SXEoFNFAnIIM4SWkddY5MAkPGFHZPb.5UVCk6H5g1yVcpJdR5O/QzEbl6CrDfu0z$EQGiwxywe5JXpWhjS5xyqlC/LQwCVEwU5UFVbno3ejC
cracked  Navy  $3$$a5f2b7e7b64d98037082063e81ad668f
cracked  19980407  sbuzvkTZFJNSo
*** failed to crack  ZBBKygCwbjM1Y
cracked  7NKN5bJ4  $5$rounds=1444$pMnEcyP3YxwHFdbD$8cIf/9dJwnA5I0rNLtDacd.ibrSoB/jNNggQPQod0A1
cracked  Shadow4  $1$XfvEMNZL$PHktSHQiNlwdyHFpxD8N11
cracked  09090121  $y$j7T$Ppdk6ClxaBDiTAZFjC9HIG14dJZxLLaCNUR39oEmQNVzUR3y.LJJ35mBrQhhuE98$9ZP69nl3nQih/wsbAsc2W2jqMK9K7PEZcoqU3I4j3FC
cracked  bamilp  $y$j5T$qlrkxmcx/Z1nTBrmbihvVmrsrPDw40iKh.mX/Y4Oz9JXwWEXxMTpSM18ThZVmwWZ$h0U/dv82/PjHf/B/WSPlqFrv.SyAhYOMF7.zQjXOa79
*** failed to crack  $y$j6T$sRIOMCqd.s5T6evu5AW55K0j.pOT0y3Gu8Wfi1r1oMczEsI8mpeFS84l50jNZaio$hf4Xj.UtGcsLGBSYsHBBdNjwH4pBsDISGiVwq08QiiD
*** failed to crack  $6$rounds=1337$Opy7cQdPFqOvJaIW$/IEPw6sZMVtvcJjkAi1w4DfFf8f9aRtcIiRCrxR6/V4YFRa8WY3xMISgBzX1gLkgaI.JTwOyFQiqW/2ekosFt0
cracked  9111  $gy$j7T$dplGBQAmEjB.ki3vL.GrY/L9KKhqplprHGC9vz.QIcfP28xTLgfTG5BkMu6X88Ma$9tu6Bh480NNVaPpHLx2fKNmy2Rwvibl0NeJvuX3B/O0
cracked  0209755118  $y$j7T$TJTWIirVaG9A.4eSOH6qGcrBJPb.lMQ5yx4pTck9BLsOGn8zSPpRPDu/5w518H0z$Fmv/2A8LE1HzReS49HzyG.fk//05XQ893QU9GqTPCH0
cracked  buzz1977  2OSLdBbmwO9qY
cracked  minimerv  .htbJSy4TmX2I
*** failed to crack  $6$rounds=1022$TSKkFm8D4V6ZRbk6$7SoOvE6VV3UoxlNMcDK5fRXauD03cl/EYSKlOxvjXfiN9.TM4iYfkoZgqVLCUucfylpOWjVgAehHjjIlTJWLY1
cracked  CqjUfy183$2  $y$j5T$YKClLtEstLQAymCBpMFWJBKzKetbEs.ePPzUaqReukbdDaNP1Nx3JBUZ4nIWDI0m$oY1aamE2zjJbNyVZkxcMvvHVSy7MduSmaYiHV6w3m64
cracked  ry6cjqx3  YEg2.mTTPobcI
cracked  romka-80  zDUwNctdIeKCk
cracked  whatup1  $3$$7e04017c4f82c5f9a2c2b8e41db23165
cracked  zopuzulnig195  $2b$09$.7LZHQr.VBaN7Bi.wEm1K.zxXcUoHHSPE3ZL.Xfniw.C3n8RW6HN2
*** failed to crack  $y$j5T$5VuKJ2OKdhI6Mo5tKZVbpBLDPUSVxBAozBIi22Hb3j4BBfDzf2Xd1iqi8jRNUUwm$eUP0NtpHhBFGfMrx/W7F.iiFnf/0VYVV6WejOYeVhH4
cracked  i9874123  $y$j6T$3uLbRyDhNIzFVFAWJCCl0gWnwXle0EBsL7DsGPW9XaOlQtIAzZBp80a/2Wfm/p1q$bZXvpoZr5XXv2x6eFeqD2Qz6fpWS.sFxtkLV6vpZ0H/
cracked  tippdest  FDINxDGaXk/MU
cracked  ba6nxxa6  $gy$j6T$objJxpz5eaRaD3VQMZGzPLLtZg12FM9QudczoEhFGnUc0rEIyNOU4DQBRRVtV.CV$ZvvoE/IoNYpy26i6FD48mz7WaRUogRzg1qNFnaIVBv2
cracked  y8yndjjg  aAUd4SEx.48qg
cracked  9463766  $3$$e45be8bdc328d059ec0fcbbb96ffeae9
*** failed to crack  $5$rounds=1109$OyDiNm2A4FfS31NI$tz7M6PvOEMKt6J2xCKhgV2FDyoGSbC9WOjLlR59Pje5
cracked  Dressag1  $2b$08$ubTm/R9T3yCpPiax2BtmFOrkOu1LCE7kGCVekgy456Ojstv5ba5Lu
cracked  ggmcfp  $3$$ae4914de5a397c1e7cff9700b06d9791
cracked  05422280170  $1$x9vgv8.v$jQAw99uRgzh2RG3nvQJLJ1
cracked  9dFfkkHL  $gy$j6T$zhkvTqYw209cz2pyXhhRfftf9bbotduVkoB2GIc5dfM7gbQqrRlaBP0TxXr0VrLv$f0S6tUbpWbO3ERoyEPodSkxh2maExrmObd91mnvvEiC
*** failed to crack  $1$S7ArgAnd$nuKmn6n1j1VPPGzoVvQvu0
*** failed to crack  $6$rounds=1203$rFjpnM9341qyEvtt$VGBjb2Qdwo6Pi8vIIjMZAAynRyvfSn8k13L.txbOGrlRu1C5JX6WNDCAlql42KPolg4iGQ52pcpU8VAkIDzMi.
cracked  diaphane  $1$PJ1Sb4kD$nJlEovI4oPkP4JcY9QPKC1
cracked  30403  $2b$06$GMGjydPv63X6cE7c4sPQhetTEUcjjabrObIQTSfX9HP1q5b215HpG
cracked  jhs1414  7Z2VhdBkHHKqU
cracked  neajooboi  $gy$j8T$qoMUcEpgaAOzDvidBU.9WO3yi9EPkSgdAyiOHpS.oRkdACU/oa98f4z3X7guEOkt$DHyEx4FKTWPv.RwF6xphIGDQPVK3V/GrU2g3uolnm52
*** failed to crack  $5$rounds=1426$0RN8Y3L6MFrF2Bmr$m00iD2nczHSxO41F52.tUzY4CoXMiZhjn0rHytRvY69
cracked  gar6412  $gy$j7T$vgrZ/vxSzKFDVA5tOZTtTX9RmsRhBe8dDz5eL76g9FHZf6M5C1yAbHEb2PbyOlPB$2VUQcWBQHKCCGuGg3w9FoG6nvu3qtylfnpxM78ewRR0
cracked  240976ol  $2b$06$9d0rsVJcYIMksYTZsT43aOstTHAmdib0sBKPpDh/PL8c.ZA0v9YRa
*** failed to crack  $6$rounds=1042$FR2.itbSxhdMAeaZ$7QH08HT1CHeoOunc85ou40yFP7a1xpmJvmy4bRjfCTbuskPvC9JnPf00C3pNkxJcvvFO0oaHk8/aOUypjSzWM1
cracked  bennybenassi  $1$/iRoP/E0$iTQzms2ACxYiXyp7c7xTT.
cracked  fireball50  $6$rounds=1426$8EShDBt.BcxvQdGE$WoBIuhG74w48BelZ69CbgdXf99RFTjv9ZvJin58bsmU4FvyVtXHwrmvE/3dIJR8/y9F7fAjVLQFG0zR8tYmaf0
cracked  baraldi  $3$$19577c010ced2038615a59784b4c38b8
cracked  38231673  DHCJb67CN0z9k
cracked  ntmynms7  $6$rounds=1367$BghbPtRVh7GsHhu9$5d87Gl8IjSod5ZdavIIg3Z/Sh8EoxnaSUUJulaAfP2yoxukfpVDdyerwrj2yM5yt6nnKtxQYFyvbiqvP9z8nf/
cracked  archangel  $gy$j5T$c8fCs5BvI2svw5kz/aZhBz6MBXMsOTbSI73uTM/xST8NkrIo8XAHiwJ1eo.tE7iR$JS.mBQ91DHjWLYIQfZPJNRBVhpKWucg.Gmal4YUesW/
cracked  kk145371  $2b$07$zPNqRsO3tjFq5Gl/a8zyzu/.G8Xxl1a8j6ffEPBFvED3uszR9AihO
cracked  wuoTU3  $1$g7POzXc0$bRKOX8KBDcli53fIfZ0OU.
cracked  253PLR19586KE148  $gy$j8T$PPvU6CJ5gjbge2zjXBwL4qShwhy06.NEVY366s/sb5qAXAxeD6PtNG9WHm4.WORU$W3JqogTmwylQYQ6KLRa4e72CmBJL.TsIK6hcevrizlD
cracked  sdmussel  $y$j7T$H/p/zJV5M35JXROmi26urAip.OzS/c2t5I9p5E1XNNLW7wKsXLVm9.8O.2sQYxvY$X.ss69JZN/5eTgiV0DRu5ewFTMYPaGJHh4XxCScpsG0
cracked  hectorh  $1$35pxzzal$s6roOpmMe0jD8FxNLaoxv1
cracked  NEGRA  $5$rounds=1258$i.XX6FVAbtS5tZta$cg38zSqY7rit7hCnhiOMdx0lswGI75GCNeyYQfv4/S9
cracked  13071996crokodil  $3$$5836e1d31def774418ab05bf11249eff
cracked  theelite  $2b$06$FgOH0u78mx.umalPq4bdUO62dD1FcbWtt1DwzkUEo5udxwq0LFfxa
*** failed to crack  $y$j5T$kDTtqw.5FR7Xvr7WaY8KcOTk2NVbv8ACx5b7zS0ydtjHNqAjODnEGavz/8730lCl$EAz2glTTGKt/xAhBzkSpzGCkCVK5Bf7AmEN25yewBW8
cracked  Jones5  $2b$07$.MI4gBbNuiZXtp0q7/z9x.1ulhwWZL2d1DTRu/3b43/FKFyB3CbqO
cracked  053qs348  $3$$5a7612ea2b4afde5948e538b55377b31
*** failed to crack  $5$rounds=1148$nEH2FeO5A1w5a8cs$/gnA78aPMnFWoi5adc43mk3yidG8ZEDHFTi2ptGvsq4
cracked  joseftal  $1$jdOPmQY1$fc9AcfdwC26Ew1FfjYl3C1
*** failed to crack  $6$rounds=1045$97JweQA.bg5qXpSI$Mu2JoyM3WwbX9d4RAN/dqg6toqrS/VFt.Z4iHNFiXBSj.AolmAetidMrjEdksCDi8W055Mne9FvgGKPVwWLLq.
cracked  looping95  $6$rounds=1493$PuIrNSMCGsP7SuyY$6ldjiNNSklCKffkKsyxV1kpyQB5PwmasQVe/QQMJDPpcZub0V/a8fdUjfQjAyRRhtWMxmCbDmt5vNqFaw6LBm.
cracked  bogey198  $y$j8T$EOOLH9AutKVL5TW6Md0pIBGroQPRjzFGr5PBR1qgbk8Cn4aa53xlePRNKszDUi1V$9XdFgTcXzhkSyvm4UWf9vXH0xIhgTRVesoisWHAxe45
cracked  22233222  $gy$j5T$TkV1Hl4pFbFhBMwGC2kvbelfblRT0fOzv9jzdMk0mP4DPaAPhfw8kiohrJo05nNC$.ks8jiYzLM/JVmqxm6bDxdwsMErJimgzf0Gybx8sxV2
cracked  123123madflap  $2b$06$SkXoQn3nF/.h3kN3RLa02.11djRKtEP/ZjpbFufpS5uAeaXickxVy
cracked  lilvig1  $5$rounds=1167$Rr8tqzNQpyg01lKH$4dm1x1vTMaze2Ew6O28gbFIZFRpiBBUJbKGrgmgNHC5
cracked  5326410aa  $6$rounds=1087$sDPvpky5HHNa26es$/BQcmaRx8eU729heHwzKkCcrpZiBoyC.l4qYED.N9pZcfskj5dGDAHB7ory8ATLAisNfk1R4vT.Qp7.FD8d3P/
cracked  200pa  $5$rounds=1027$EAHV5/1IvqIdp666$bHMY7PLqDhEGO1ECac7WY2ybUTEKRkQ8UVai/6jwUl6
cracked  cashbank  $2b$08$RV7TBILw7yM1ksJDQLmMJet6c/88zVwnyFTNu7UUravltWb2tGIAW
*** failed to crack  $1$sbbJ22mW$gWja1558eexttzh7FTsxL0
cracked  C0olsbite  $2b$07$GeMlxu4Ay10jxerYWTP/m.WBFgVEzkAdg6E0YEdlvm/0EU.uQihtm
cracked  raven5655  $3$$13815d3d7e0e0f5fbb717740c7cc1cf4
cracked  svenrecon5  $gy$j8T$oMNyiMJ/t/.XiZGaVO4dGC/RNx.wPJqLi9NpijqYVi1UUjLXbHvryALCZUJVpXpj$EQxMB4yMdSXsDLELsiW7tpvAyrQNhHfXn7H3pcLsdQ9
cracked  princessdzzi  $3$$bb1fc06181bc624ede827bfb71f84d85
cracked  changdawg  $3$$9cb5271461542ee4d73c74aaa41af534
*** failed to crack  $5$rounds=1008$N5yI6NTE9H/bz0xl$pSO/HGTdpfQMnMuhCCzH1OLrs4YURP90jBR/XxSg0M3
cracked  5676889  HIfxUaQoyVeQw
cracked  aFGe75da  $3$$f86e354c616b603f73106f48755eac30
cracked  maziarz  $gy$j7T$WNAcNuV0iGV914nv9N9.avdotYUoIVHfzYxsbgJ9Qu6lmuYuTdhvctHfwKwOR1WM$qM08F0dWSYwxima9y3a2vZLWg6YdtM6PUygzzzwF7Q9
cracked  17061982  $y$j8T$04x8eLXIl4nT6EY557PNQ/GxW0nvTytvoVLGhuTlEtSQO5FivNMuSQJBwkJ5CLao$GIUQ7f9f1wyWCd2XCC/ugLcPXdsVyiy8tgvW1/nWxw.
cracked  595729  $gy$j7T$aAH5hAiJ9QDYxgbLgkkGvJd6rk0wRVIZE1vdrIB98upYkZzGcQZjLtXbw2.k8WMH$sYMfSaxnFeUJuMtv4ZaINZL2w6RRxNMRBIzFAP1OfhB
cracked  orexovozyevo  $gy$j6T$yGJz0o4LxHlTY429VWWMNQKNymbryioMjEeglIBjZ9GR.0mReRuXTNaZLv9wqnYu$LImFJ/J74g47mG7q3Rmj3RTV60FMY/S4U1RSIOQsfo6
cracked  az031108  $gy$j7T$XMZabFG.wG/Lmr3.ev13DmegMCIoqUtdL6Yn5clTJFRIR9ZlbNWkYcQTAA/lzFUV$IQK0JY9o6qjgP7SyNQ3ui1GLXu8kEBXllWXGWaWjZHA
cracked  jensen62  $2b$06$lhb6uZ7t6RWOhhb1L7LU0uW4S6XTz4.DQhzQDq9mOxSdfY2aSTwie
*** failed to crack  $2b$07$V0XWM4z9BXZLkM6pPQsDUOYbJLwLVMX68B0Bk5zQNY7/N1rJbDql.
*** failed to crack  $3$$acb7351b54ff53ed5fbc0208cae6177d
cracked  medic57  $3$$1c24420080fec73d08edc26d949d0b7a
cracked  mikeoxlong  $1$20TR3bJg$PKvEWRi9KUfLb1T06VV.X.
cracked  curlewis1  $6$rounds=1040$AkLXrNiTqvpyIfkY$Sc7WuS8tIVSR3482aswJBU4ivi/5lb6sYpRONZBidJzIE334QEfOa17ZXH9nMqUfvquKtA5gYDq2KMDoy12Aa/
cracked  pergamino  $6$rounds=1186$AK8R8xbdm2EVfgI0$C.7lzNClWpDsPOkTONcBgBzty1NT36bfvpT/wp.7eiYRTdoZ/YFPcn7orqSdbzHLstjpmGERhOrwOM/P93tIN/
cracked  kaya8328  $5$rounds=1315$hYL2DqIflbYpD/HF$.3RPSiPUfyvK5335P6Y7sHMZzam1aH5kPYFh1i/Dk93
cracked  cmn4Cf25  $5$rounds=1054$4QFPzJ7JdtKTgudZ$5TcyrLNNbWQ9fcVuvxtYSrhUicQZUFZkDNVuxF1U6O3
cracked  Fanisovna  $6$rounds=1372$/hspGhqr1Fg9wwLW$258HsPzsUhf85ARjYWs5Q7at8eTV/5ZgINgkfciqKagrQq4vGAPdBnCIYIHIKMNTM3gUqgBrBq4R.sYC/C.Er1
cracked  SLOGDOSS  $1$IsjM/TrS$uMOlN3a9Wcto.3z3h.ANa0
cracked  klaarove  $6$rounds=1426$0lz6bEW4PftlWV6z$bdFKpRpICqqG7pEVw0FrcZJdLwpbt6ngrbzpczaUxVOg.Dc6hhvMWIaj2iA1bVJ1U33DynlHdrnO.R8xMP4P41
cracked  89039426891  $3$$2e42979420223a249e2fbb38565f4e95
cracked  17131022  $1$JJKsGBMr$6GhY46KlqAJgqBpcU9OVD0
cracked  shira2  $6$rounds=1380$J5G4Ebc9JrITWkRn$k8C25H5KHWIuLC33oigchQaEnJjZCstSUIVR9pn9yevDIa9krRAxztXRMq.bvVjH7CWhGYDJId0c3qbsc1MaH1
cracked  fkj84q  $6$rounds=1431$DsVkPdgRIMqewfv1$Cd9f4MNp4NiBy3./MNUfxecEp6NiaTBi7ZaIlEvNcCVFYRgZ7q36PludYwNdUDqY5ipMWUNfESgPDnTtWgujd/
cracked  vfif7225108  $2b$08$9zBtDC.7kDb4eZa/PwtTJ.TrqIbzQ28sJUT73lVhGRQWhVSr6127u
cracked  cfif11999  $6$rounds=1443$aZP6lIxP6zTmUhUj$LzMxQSV6kujvqsSZieEju53B0iZ0eJ1xjMVpzrH1/tX8hnbDMrkncsNafylA6CvPIiLJhSvXuFKg38Sz6azvD.
cracked  lalithpatwa  $5$rounds=1401$Myod1ABByIarJlpn$TW2IS082eYxgSrYbGQyByk20kYGQxRx3mY6S4qEcU7A
cracked  ochi99  $gy$j5T$xXbHpfnDv0DMr83M.FC6TXVMm0ylMLMzPt4cQ0A0O2VgsxsUj083MIM06.RZxg0Y$dLOb8ym9bLhfObnZUSG/sJzhcTQr/Y56oVrcjot0c3.
*** failed to crack  $gy$j5T$4fVacw3.vv9eQlpKTCvs0cEeUB4ACKcdcbcBAd2wnOSEHIr7Yxk3IQf.o.nhg2H1$qs1Wdn1u2ovET.0Xc37dQMx0oofna8tIMA4IFeUQTm8
*** failed to crack  $gy$j6T$cv4wexb2uJX7igfTnHC/UbA7qUm./gjNRiDpWWK5yg4hG1lX9Et1CPOoSFULC6Zi$9aq9RBGPkiHwXXlHILO2WQRRYcYb1H9ubftWaTyrjG/
cracked  XanAlph3  $gy$j8T$qB7a2C5.h70GjcL5gnEMKT9t2lFapoudA7vlRE2QuSCq4MUxG9lcp4aexw3cOZWx$8nJFoBcJuX65WwhQMvFZ2V8xGA3TjEJtzioJe4lmhm.
*** failed to crack  $2b$09$ryxkpwkOrV75JrPROtd87OrXUG8uqP423aaFSh7B6IvRGYcPGK6xi
*** failed to crack  $6$rounds=1328$.uKeqeT8UGMVR7M5$sBldEBBxo5POTgSDeC6srD52vQOctVLxE.RV/cNFcrcFWjyVAljVDCnJYyR2urQY1wT6aRwXSnxKecVQyvko20
cracked  14john  $3$$12156f115c10629c5ddb2e4598e7842d
cracked  8fiypsjy  $1$xRdtAg/w$D4WputpmECos6rizKTaEd1
*** failed to crack  $1$Uj4PC50c$xjIe4/XTRv43R5ckBm0Sq.
cracked  dbUAeUeBHXrjI  $y$j8T$CYHkGqPirhpoRZe7cBM7FNgCTrSKsCBFDgt6K9AsQu6kdZiF3qQ8OHvnZnzvyME/$TluPEm.K00hSBqOxo2wsUT6siSTQYhtT9RzzhE7EOpD
cracked  themanis  $5$rounds=1105$wIVIcGQSSfvvDRGf$pn3KVAGEoR7Xag.zmnF75IrLwFKvoyc3KArc6e7LCy0
cracked  3zi8sg  $2b$06$6QGkVRCjTA5KouuYNIeC4uZNrWgEyFeh8.vGDjq/.gTikgqBV6xV2
cracked  filmesquente  $y$j8T$14UCzmtm/NyGSraiKyk.rhZzMx7KbMQUsRqF9Lpoaxztv25ExDtfKfQEg2Krs8pR$fvAfv4293fFlVUghk06MD7ceDF3erPTrZYn4TxVduNA
*** failed to crack  $3$$4fb6bf40df972dc06ca370ed427ca055
cracked  uk1000-starbase  $gy$j6T$xx5zUVUEejmit/PcPmap9UQugpqxkJDd4r0Y2sLQ4AFJw4LnB/btDJ6GqIgDAO./$l3tFfqFmVLnqBl7ncf6ILSM8mszFGmbJ5IN/t1ct0i8
cracked  rjkzcrby  $gy$j7T$qW1TyuzdslYjJGzEUob60628/LLc9EA7S6m95ezwO0qKZGYKZZ3laGrxxvZKaXp.$lXiJ6U4Bj6QZa7DAlih4hk1PeYoTR8YPrC0JUEm9tz/
cracked  80988763  $1$4J3P.zpp$b0HhG3bxQSLc6MT.mIxeH.
*** failed to crack  $3$$3ad252025529dd031db5ac60e45cd66d
cracked  1bloem43  $6$rounds=1483$eI36klVxc4Eo8zYU$OxrNx/vr9oezu5VYufQw0QEy4GmpaxXMCDLgtrk0GQ.LIM0c9ojXyanQHDMhshwCxK895EOIy3dM5yDPPN0i81
*** failed to crack  C9yyHdzMNdNgA
cracked  jennex  $1$KemfWQpl$QfDSfG.jhocMke5PAnAZI/
cracked  JPo6qAqeau  $gy$j8T$bbO6Pc0KLXlSJMlqQcTgk2zBud2znfdQIWN/ByjVqXGFEBjLxBBS6P6xOTUMtiYz$heT3LzwKI5ChkCBiszTZ95jRJBe8wiMV318MVCs8x95
*** failed to crack  $5$rounds=1136$1Zk3sHhCR8HNIKsJ$UFjixM8UEkNsPPHbxiO.FVjyRiqBOyLpL9jTOzyfHJ5
cracked  12332112  $3$$a18eb1d2184f7c3be5f7ebc062a906a6
cracked  126374vincent  $1$5u8jtxG7$owtjF3NFYOJq112eNSgmT0
cracked  rbfg32xf  $6$rounds=1292$Q0ew3NcTgb.mHNqd$XuNBZ8VaE48EHZ4nhD6QooUqbDPZkk3yS5YFW7kPa13vRMxCV6cu/CnZvXulDft0GV5CFZVJQw2m8NspysYXA0
cracked  201316690  $6$rounds=1102$VCXhHAI/slhkYGTO$FB566NeEm2o1JzLYIDuN.TrPoKa34Ze.ZanM70HM8r3by5j1HSZLw8uKVWfYz0xg3c1rfoFMHysXgV.n9zmrY.
cracked  hyueggfd  $6$rounds=1059$OQTQxr1/n4.BFLHM$IzBUMcUX5ap9HkLL5KxySRGvDQhpxKPOJ7Z2Ty8AgU/KEIZII6VUBnqMRgiHY1zZskcZbHv1deDrxHOuzi88y/
cracked  qazxsw123123  $6$rounds=1118$0YoPSGCHFkb3wlEp$c09Fw2mVo3tV9sF5g0JTdjhx0IGVI5lFVn80hXHDXgZ2ZI9NA.TmMC811kIaQ4AIS.XzFXuyPH1Iw/zs0pADI/
cracked  byte1m  $5$rounds=1222$4I1P0bcX50fcL0bY$MGZltLW1nDos9i.vyNKdncs8b4w8FQFu59A83qLc5B/
cracked  4y16mel  $2b$08$TJxbmcAYdyme.DGpUevrd.H0xLgMnContBYRWH8x8Rc25IK/M8mPq
cracked  126010785  $gy$j6T$f47y8MZBTdss3Uxi.TO8FTJaGp2GPJUdZXrsd7RBwdO0AoNFHLjYvGn0SHDgzGLh$ao4i3OIHKXl82IMT.1a2Mzfip1HPy4cI6Bs7QpZ5KUB
cracked  timscha  $y$j8T$MYYNNd6fPyNKf2V9TIxnpv/N5VEg.TnKCBfnBjMY1...4UgPSSRo1Es93Zyq8wC/$Hhy237cIu45cx.OQJVqcXG/St9eEHX0/zdb1rT6lswD
*** failed to crack  $5$rounds=1076$SfLNAxLwY6GL6pbF$ycsk2OUNYvINmFiQnledCR/eyNetGCvRVVnV852gN/0
cracked  fsgwt  1xVx5UiUzNi/U
cracked  apitali  $gy$j7T$tJIn0prOK5qujwY0hEMXUinK1sqYQhU6M/xWbK7hj5HqZB3KnfTd6vb6CqyhpLs7$6PZJMSnyk8CHgQtCcPbbVC1qyinRYBI7CWx/gNN.wO1
cracked  lthtdj0276  $3$$3380b33980a01fef03834140fc2342cb
cracked  jas6691  $6$rounds=1064$ZbG6PiqL4DTsq1cO$7qNaVcqxmffOKQhEcEdPBP9vRtO917n4LnZqr5MI3/x3MOBwxyTCz7vnbdVNtbdO1TT/anb5OHMK/5wRrQVNS0
cracked  liniway1993  $y$j5T$DAIJOV/8D1yI4TyTPCDFblllQrD7zsapdfFLq48.tveA2HFO2hlGtzNSerplTBSZ$Yke2ZHAm4zyXOeDImiN3AarWq7qISi.B8hkty5j/8WD
cracked  20353  cLBUndaizUKbg
cracked  000000ab  $3$$6d1f99b8def6b8869e1c9b59224292a7
cracked  jay\nj  $1$ne6Aiq35$lk60SAvFfrPKiWClIykkK/
cracked  ss198611  $1$O3rsJIHv$trpf5wc3KzPRBhOrE7KWA.
cracked  stibtw  $6$rounds=1312$CKwLRyzAIkyx0OnZ$DAUYVgkrAL1JGt51fzev.E6m5tiHqr2IYBW/Aa8bfpb0VH8uO7VjqoOerJS8.exX2H7TolcUAGujRihawx3/b.
*** failed to crack  $y$j7T$cPGZOS5bdXQEVlhtfMpvPLHnHhVCPp1ChHPMGRWxiivsAL6enIkPb41rDDzIzNbC$Wwjncu9ZTF.5/1KFArDz.Lag7xwpwtkqDf5ZE2b8ZQ0
*** failed to crack  $2b$08$E0nuoZPydDn7mUG6.s130.QRm150CJnBMZzgU53wQTx3EFd.oezBC
cracked  ko0762  $gy$j6T$Tu5gwhVhI1QkUG0ysRlAboIYXiNj7rjMbw3esIPHoDGxk3RRZHWNYbMPtIK5LTCC$dljm/mHmF4ujpDPC8Q17oiWfGlSw74VI3CZm2c7g./4
cracked  mare25cam89  $1$xVNbHFVN$Zbrj2N/WsMbpU93bpBOZX0
cracked  9110919931natka  $1$D7ByOWnv$/Wf76GW3A1opPUqTAOa2V/
cracked  492869  $3$$2e43630d3c0e3ae641151d24c2fe5fa3
cracked  2ca1FZV4  $5$rounds=1125$0iOjTMrQS0M0Yga1$J.srTgw67ZT.i2FsJ3t6MhRIwvLM1xQi5UxYUF0Oq7B
cracked  Poohbear1  $y$j6T$pOC8h2obKfApCoYR0oeomyEyBNtg61HKIoqcZJAN7FnhZ6X1ipQxFUCCvXrVjqBP$W2PEEYtvcPFOIElQyQ/XOrg3SZv1XYl0ChmGLx0I7l6
cracked  xfrrfjpe  $3$$b31eda3a089a4bf47576ef2553ebfb13
cracked  1Porpois  UEOvhMEB7euG2
*** failed to crack  $2b$06$iREVs2.wDnuPsGB3aMrGm.JoA60D4HqxBlv4D1CQFiSi332A8VMny
*** failed to crack  $y$j5T$6lk/J7ypF2AKvFB6uKiI664rvlP1hXklRG8Y6Lx9SsUmE1rz4mwsm5xQ926VLjYA$QQoonfZC.lk/wKt3.x8e7g6PCRpOqqXUhxnEdA5cfQ2
cracked  us5mer  $2b$09$KyP3wEUGX9fnNGJVRBkvae/1FKfXr0fSAxE94dSIGTQcNsEB7YDj2
cracked  LBLxT  $y$j8T$z5ltMk96FHHei9YtRpxTvqhWHqVe2nutqi55cxa827q86X6O6hC1n1bnXOojvDEG$W4vePygyPpUGVs6dPmCqGHs.RCwp6N/MFANQPlSDin2
cracked  Motown  $1$X9fGFAa8$UhCY.83l6a2eisYt4vOuQ0
cracked  a19732846  $y$j5T$gR79w76mvDuOKCaFN2HJjVR./JgfpC0npOZFTOGRXPH.e0a1VLyUK8Yb91SYfzDJ$ZiQ/uVAwa15SOdN1OLgq2vCtHEt/3wzpMxB3tHNtE43
*** failed to crack  $1$kGhlI9iG$57cyfRuWohDDhaKfjpVrn/
*** failed to crack  $gy$j6T$AQZoYhuPE4azoKkZrJQLjgkHJxI8cFgv/R52soj7oKz1oC8nYZhQj/KrmYNopBIw$pC7p5rmGLagV5IEo7neUIdxC3effc4MZ/WbjXaO1jjA
*** failed to crack  $6$rounds=1477$WqcWnIXSHN/p3me3$Ctt8hPSWUeiC86yNyy3hHzE4IYCKWlyYOAaSmA910/v61gcHGgRerD3skksSNiSmrTvQVsuo8..srL1Ok3DeM/
cracked  gorundel  $1$JHMCTceC$kNUQeua506P8TjvnZX.yI1
*** failed to crack  Qg7MlWRtDZwe2
cracked  smj46c2t  $3$$c15b8f1f38685562e212717f5b49dabf
cracked  kbgfrjdj  $1$8244BEjD$UHECAPtqlMtBmMICa/6Ns/
cracked  mmvloh  $3$$e01ffc22fab792b987fc4b2d85f8b4a6
cracked  pedikas  $1$F8.GFpdh$5H4b5DHe1Y6hwXWTma8Qu1
*** failed to crack  NjvTTOZaqE7eY
cracked  FyzUfdh.ityrj  $3$$34627bfa1c8f849eab9570a295e37b61
cracked  dimale  $gy$j5T$xtFeR9513ub2WZMDOwwS8BqUth5HgkXzEbLGb/IFRkT.DMulxucBgzvZ8.XLJAr7$RfkPrWwDFTlAD3a7gthc.CaWaaQBuRF2yuXu/59TPf/
cracked  10bears  $6$rounds=1029$GKaM2XKpeuu4roqe$Wp7cmQgi0tmXhJiU4tQDExYha/woeCXSS1iPHuc.G4p3c4NM0Vp8UHm45c8rIJYAbSYxPGE9rIC/baXABMauu1
cracked  Hodge36  $1$8LWJqvwR$NsbJ13ZBfuoss3H1BHxHg/
cracked  1980tk  uTMhz8jpp8jc2
cracked  559171  $2b$07$nPqgFqYiTr6jUgv5t8dEV.p4/giwAxG5sm/yhw58n4MjsAuV4IpUC
*** failed to crack  $gy$j7T$kTRk8WMaTIcmauRDGqxkYGBVmp7AQXcKCJwG/sk1X8Xlc43NR2UwbfPlNzlifjE.$/jzK9dpff7oWtmjR1894p2.vD1ReWA1DbToBT/n1L22
*** failed to crack  $5$rounds=1200$VQsh2vUg0OxLBdrO$5tvGCwcr09R0q434CzISK/LFgw8mDmo9gd/p1XGFIr6
cracked  bmwr1100  $2b$09$8HLkTt25z59Yoa6LT.BouOUDT4j8OEIb2EScRTMcGkYmoaZvQPt6G
cracked  4q83p  $1$OGZOm.WU$KbuTymdwn.s6Z8MfN2gjp0
cracked  692406qw  $gy$j7T$TZzdU/UddbKGnc0eFaeqFNJ3SdzkcXGsEzWHIE9L3qbc1M5DdTV4/a9cD2mRpDF5$BJYwueulM44s2OYsFa7Wyp9p9YAQbTz9RZFuNRq/C5A
cracked  xjtb8up  $5$rounds=1091$743J9O0Reu/Hrm0h$LnVzlYWoDtBJ1aTIBcn06inQC1I6TNIdsgUSWnZEiB2
cracked  wein70  $2b$08$Ft9635haBVOd3ujtnM7xkOvywQ6dh1UKHdL.OeajUtZNsMG7LCOtS
cracked  love17181920  $2b$09$b7ckUQFuZfbMZkpz3TPXcuEB5wFsIElfHqcdZFw0mbPZq1VlUJNTi
*** failed to crack  $2b$08$Y.o2/aPyf0K1kx9kdBBo6.KMvmzvngcIqjrqCAJlJCPSuM5.jqS9G
cracked  corvettewes55  $1$Ua2/YG2d$mQ17YC7v49cQyFYEhiKWq.
cracked  oonurse  $y$j8T$XWTz4zefhCikUJQu2M/jQ4L.wEOUnLJQRVNqErD8LFRavdyuGrVmuALmKd69PuH9$9nx8ZgmX2st84RrQ8WXyVJiAsSAKY4TugvM2Q9jNB56
cracked  26anton7a  $5$rounds=1029$7yFm9lPsyVouWNT.$Ttk.2kiHHegQtN3dviezeJrc7tWv/ylFjVJYQNXx1H9
cracked  Chunky3  U1Wn.rAOCVBng
cracked  simkovich  $5$rounds=1292$DPg4Ye3eg50Q7Y3O$wzYFNq/ASPSiu6pZvlIFPfqSujcrLHZ.R5Luq2w2EO9
cracked  igor5062489  $gy$j6T$74cYQ9i8j0OBr316qbUD9qPMpoqEmVnWJAg06iiWfSdECy5TkC3jLTbAHjnnKC3u$LlkzbwYnrZX7ce4XJvNFdjY7YvInHc6sPl3CIRcHIm/
cracked  voba1993  $gy$j5T$pnarKSCCsDt4hIdbcgr9PixCB6E8dNnTY4E5QwtI6mSOnZwqcnKM6U..0EA9A.TB$Wr7OmZEY7X73UcKtjLPrj/MkYZPK2zzsdYbZSTYMqg7
cracked  070587n  $5$rounds=1380$TUJxadHX9nMVRKRv$yH6gc6KoZ7iMrly5oujIasZqoalxOKCUcA/oLKarOW7
cracked  alexaab  $1$UGqidFa0$oqUCekkUtMiG.MZIY9m2Q1
*** failed to crack  .raPEWkOtD9Ok
cracked  ganzoganzo  $2b$09$L/28E6cgN/ILMVZdIlPavulujYvKHXhDOfKcRerOLZJ5DX/gg59oa
cracked  great20  $6$rounds=1250$2BbDMskT3hshUzFJ$0zFXmSnlu7XwUYzP5so9Rjzez5xrMvBRmMuH6974ctQP9d28SBoHkIpippRVXUv4DPJuvcL1ilgdqOhqh9Pgj.
cracked  kbkjdsqljv  $5$rounds=1199$bjenKk0AftA/4N69$LGUluV5/m93aaizOPJpzfe2HoKJ6UFxxZJYCgQeMFPC
cracked  buttpain  $2b$08$7HHhnCY0gqqC3QSOPFB.NONqhZwTGltseGHhHqUSfl1D/t94r7CNK
cracked  captjrmorgan  $6$rounds=1199$WSzeCxQ7rFDVK6bl$LY2R5Yb5CeV/PmN0hvcdUTqsOA5OWg9nAVp.xT89m1farCiaLencpejWtZcnGpMT5tMaODjQP9JveDJtaTwYU.
cracked  Snikers_urbania  $gy$j7T$464FWNMl/9BbV4ZnOz4/dpxUGAw93VgAVA5kWNZN6.GKZrkwb4iZCw2wIdNjOOBc$zvMZvgHwo5esF3GsQN2LICBNkmgfhaUP5/r6hC/YsmD
*** failed to crack  $6$rounds=1308$KS4GAqtkJEJMCAZ9$hhBB1SAQY5a9yzsCk6uIOp.B8qfhE/3LNT7Y1ElvGNeer9QavLOOnN7oaZsV.2k5HpbVDSFFF8Gt8/KmamHyA1
cracked  kenneth40  $5$rounds=1303$HlaoAMCXlcCNCLrN$DV4PWNzeQNi30bocpc6S8M5ufsqDHfxK.6uTTwpFu6D
cracked  061196m  $5$rounds=1307$uY.K96hmgpHs.ivg$U6xd3kncG23PbLE0JO7eUjXGRlQboWrk49FyKynTXV9
cracked  20021221D  $6$rounds=1162$J4nhsofyj67p9kPW$wPBLt1XD49NR0nBvWzkM0/fOLN.GwUBA0GzjRedxWo2YjsTbPop40t7aDsRKSfh9Q355MBvXY0ihHZSgvZXoe1
cracked  71prix  $1$LsLRuZd1$ABkKtGbMA6YfAK90YVda30
*** failed to crack  $6$rounds=1121$FKjTHIXwoGeEGwoA$h88FcENKj0pdP9cxmv/DjWB5SWfwbbRxN80ml1ArzuOMj3YQTdNBFmHh1lRjYp1/qZtMX7XKM9StwOn0g3SDS1
cracked  ripple1  $3$$1b7df95390bbfe792179b77cefbc443b
cracked  tiburtina  $y$j5T$4G2CtkDDZvzgMsGxlK0O59MaBpxOC.e9gw/jQb8p/2sPkX.sbLMcVZI/xy6TzOVQ$smZ8i25eT.wQ4WbTWOcCD802x7Z1S/kKNyyfV0kA9TA
cracked  djounam  iojRF.150h48M
cracked  skyeandl  $gy$j8T$hlSQ0OrmuVZvALl7DID8zKFk3GCglCwTG.Vt2IgshVIbmOqMccmQS6GqxIpKF/XZ$P87vEm5WZAtUBvFkruGHk7Tj8sSAHOWEfxdXw5TN.D2
cracked  darren35  $gy$j6T$sqcuHDdgSpVmkY7UE3AXNzUCw.9/KFK0HPnIlFHgJf9W/9LnGU5QcPQ02lS/XIQm$ASoQYG/B8CGJC7HYJqKsscrWjlE4zRKAIIvw2F.z.U5
cracked  3z3by  $gy$j8T$hWHfprKa0M2JfGGPEZOg4R1qI6Z9lt1qg5Crmw7aam4j1lY1VOLLSOo.GGpJd9rM$sl/SlUVYdCQAZaafHbidMhSohLQRbnUyf6TvppYw3I.
cracked  v362412l  UhzJhdBP9pqCs
cracked  3055510  $3$$e33c3d4f76396972ac270eac05a0664e
cracked  278455052  $3$$dc9ab793dc5e5db9e8cdd9bcc0fae740
cracked  comodaclose  $6$rounds=1243$dQDs/97.j3dqRwv8$6tvoukcETU.ZTq1AOhT6L8IbyAUNSQcIqoXtmwM7gzPOnCIJFfM6IsNMywRU.GxpNw804eI3cbm3FfJdzWFwb.
cracked  dhawks  $6$rounds=1214$hX63Sq2oKG5mQntu$pnmVYw3IhtjqY3hJOWwmETLGw1PHwby/bP.E3JezSRBCVNonPDxTn2oNSZsJ5hI7av4ItMOHdP/oQ.zQOO9kF/
cracked  bastien8  uaxvhr.rwKpkA
cracked  vivchow  DTqFx6VIW4vNk
cracked  44540593  $y$j7T$ADmJVBFyNR4eKAADYfb6uQeha/82QaN1dklI/QB/A0BMytd8oJLMJao9vDTb9w3q$ao98kWVQHdlEKGGUusdzY3X/PtUQ5JkUXEJ27Kf82U3
cracked  hhed4gen  uHov5DQ/hVlRU
cracked  7gr2f7t2  $2b$08$ZEQqapklo7JtaQEmr8hcvuObAeLx6.UWGX2oQfwA/gLJKRLVyxBbW
cracked  kfor256  CjKMuAOBGGOSU
cracked  bledsoe706  $y$j8T$YO7bZNg7277Q8xZg7eBRoNm3UdC1K/X36NAf10D4ekoL2fK6UYmPwE7hvsfZazW3$Xb8xfEXJdHDio8n4/ivMHTB79Y2Z673oqHihTbCfr77
cracked  dubolom  $5$rounds=1357$Hz3elw0geRkL8X6w$RsQljCHdlN8My/gZEavMfP/.cjHJW.Tt/7HshDfZ/L7
cracked  stp23v  $1$uU.455t4$KlXRjedrHyRhyu3I6xt.T1
cracked  elmenor123  $6$rounds=1491$WJNox8bYG/mGPGLp$4SvyrMYMugAii4WZ/W/HCXgrCqqK/mK2w2Kssjp02UJNwT..AiZH0VKX2eC9inSmBKxznTlOhOryHU9rwvD770
*** failed to crack  $y$j8T$C6olIjU7Q8YJns.R0buYREmlW9efpyxUUXouO4yqBS5dabeD/fjI/boR/I.TMvI7$VdO0PEC2bTomt5QQk067WPHIxevOULJgoILXJn1bTpB
cracked  13giri69  $6$rounds=1441$SJt52OWCVGSGMTW8$79TF0OgzkkE2msMRY3nGvwm0/dN5tYJ2YXaKXZ8jr4IcWrl3yJJ9rpOBm9fAIIwYbFEY7gNnKLEVI36Z8uHMo0
*** failed to crack  $3$$3b3406c7f0da1d6ee8c205f3cf678e1e
*** failed to crack  $6$rounds=1133$64SPd1PYZRLESrxA$j60xFqVz/ZC//E3ypX7yZDW3uzOSqoTBWyQE9lNdn9RtxM4AwaZrmIjYrCohPxZa5FhyDFwywlaEjM0cWXRV4/
*** failed to crack  $6$rounds=1357$GQSKnjCX4UPIoA0v$iyytbDldqTi.e69GnDSC5mzX83hefnM5usHJZrMoQNN1mCN/uKz8Ra.96xd7NXS6jhar.O2zgi37aI.WpA5Kd0
cracked  jessaralyn  $gy$j5T$QspwvgbDggd61.0xXWteHjIVoYosGNqUQit6NYtAbljrvGj13WOM3fE9GgVeeojQ$QMedt7YyP.2XnhDJUm2OVVM0uNaTT46L.K9eLJZ1oB5
*** failed to crack  $3$$d66517f99ab6646e32278d1860a30921
cracked  oaks5272  $y$j6T$5DlxMD0voJxBxy9Y4Pqfw3Q9SuqnTU8mOiDhWSEt4GPKaCPFZ4sXlMHC7KJwlU2r$pVUak8vzYzHmKj9xUD2vnS6LPA7YZeeJYqVq3JaQym4
cracked  SZUKYJDH  $gy$j8T$W6Nmw5xrsUNeB2b82CLm4Ts/qjMdi/fNfw7gsRI/H/cRnn6nGDIhxAUqMKtO8LPi$vLBYLMpCxcJKQkmiLzZC.yEOXElT/j6SD1QItybKUy2
cracked  christil  $2b$08$ydxjE5VVH2bWD4d.70a6pO1yyTJ7DFUspLeZrhwE4EQLGRq1R5HNO
cracked  emilk  cyBzFyJgllbyQ
cracked  calmots  $y$j6T$XEgWsYOgJ48Lfp7AqkD3xj/kQgjrFVnUq3UBJSgElhf6rfAPs5tlhFeEgWPSl3lg$5Og64664NkptEWzBEzfIidtKdWUA6B7byz4CsZDUGp1
cracked  aaaaaatitanrul  $6$rounds=1367$x8FDMKv/tGNXK2yJ$c09UqpXzDUtf/LIFN9857wa6uNml8FN.X7CNQCa/cw4dCOVUVwTtzXQYNGVRrIpx0bIUlqCBnUfShOjBbxPGi/
cracked  ktyfrbctkm  $3$$389d5bedcb12d07369249fb171b3d841
cracked  scn123  $3$$305a49b60f26bdcc850b9c7d15ecb2b7
cracked  crickey5322  $2b$09$s1ZdwZeDixgJcVqr4OKbgu/ykG1Ukx6bcvtLspR25RLpKWl2rB/Uu
cracked  qweschzayeanrokyo_sk  $y$j7T$JvUJww0J5XMUtXVsyshxAbjGbGft8pv5ZSXKdwcuN04x34BZtJIfChfNNoutX.fj$LcZucWorq6AdHW/awn8ISwCOLof3p9dlR06bJuXfbb4
cracked  witcher051196  $gy$j7T$Ma4MCXEABZv5WEW7Tfp9G4SNhn1leEDmrrYe0zTJW/ly/GFXb1Lc0uwhI59jCfmc$MWrBut5b2Ui852TuGzKVSSTA6Kt559ExMncRa/9lhlC
cracked  neaIOIXiIMtBY  $1$Jd525YTD$2ZtSLOTz1CT6ULOFxrzc3.
cracked  89204245504asdf  $3$$ad9267c9119851296738acd49492758c
*** failed to crack  $2b$07$.K/shTCyREaVw3r2u2GEuOKeB6xH/LzerY3OEakfj2YMG0bRZF302
cracked  CF66606  $5$rounds=1291$gw/F3JUztK7JyLIh$gUW.o3JWgCCSZ54U3tXM7mh.8XrK8jUD7lUBkXA21q6
cracked  gluhankov71  $2b$09$rk5xYJQ.S2vaRSQEaFqe1.uYFVjn1yZ23iw45PAruTIGCP0Uk1fQO
cracked  bfajog  $1$/SaaKibf$Lh6XMIOuceaO/rvMa5F791
cracked  69XNwJdyBpTY2  $y$j8T$cSf3tbd9N0htGfgxDh6J1LXYKJJdbKf.2VFyUWE4n/OxHJ0PAux.7dDNpzDzBcjt$O//TF1pxI5cL5CO7jNpU2ENR40U5uaBPxGunH7eRMt9
*** failed to crack  $y$j6T$Hy1NjmkJi9EfIz1DwC40ICBffK9TgcmI3FUL4sG390BopZ7fuNFwnLqiIuINGdA2$2kUOMV1xS1n2alUuwnW0GDV5jSIDSVsDQd6jHebWvb1
cracked  sermin123  $2b$09$7ELKUCxK3viVtvQpb6YiVuu3eIX7BEegGLw0.J1jhVvL9AI1lsXNO
cracked  BDSMserg  $y$j8T$4AfQ4qdLNswHpmB6wwVO.iCZTh2NXHdhbDEedpARrVNH6P1ojXBAiD2CdXrlm5j7$u9h4FhUOioGK37EdHuKmvNgC8P5te.qmWDv3EZ8qQT4
cracked  040253  $gy$j7T$E2ZXsWpM.ZiLYSox3q4LyZKJHACmLr8Ya9vWGWqLe/tIbuKFjdrWQDl5xhwJPjHn$Hg1O549Ut9vlxy44CJfIdw0lS2vRXrf4bu7LUCurAz6
*** failed to crack  $2b$06$Do2rZ3VdTk.jx.OfKfY2oOmjw4Q4IRK6fLmU9/jklhWa2GTY7ADOW
cracked  jukkaonsankari  $1$PkDUHLR1$Qo3A/yTcwWllh2UCUUc3H1
cracked  arlisan  fT7LxexpQkX8g
cracked  ericasid  $5$rounds=1391$BAuj2yaK8FF98q98$kbT6k7zYB5Egyf8xCE2B1ncgt6WC3kYXFDuOemcD1J8
cracked  241173n  $6$rounds=1040$RJl2zEoceOCMp/Ev$eZ26afsTPT6NjUB0mZMW2aA5wAiNnxSUip3NWBL.NHC6CyRgwIGy.UW4aSkn1zyv5BM3iioYf6ul0EKH70e4f.
cracked  radbruch12  $y$j5T$tOD.CROSLmbBiOuLUMrmRHF6jiskGbCkQrf9z8BHMSP1PuO5Rs3Y8wk0eeKEAAfJ$YHaiUt7P/m6mUoenTS0Vq0N3d31HUzAn5rhJOR0wep1
cracked  hjvxbr78  $y$j8T$XHr1uuskS4Mw1zpNd5BAAVxE.td4iAik.aQsGR.ZckA2E/qoMbADB/t6FgQVlHwd$7Cw8iz9huBrPk8JUjPYk86uOyXN1IAqfpRtJ/a4/zv4
cracked  wronabet  $3$$696634e2b7895c011a193caf2dce175d
*** failed to crack  $5$rounds=1115$ynfYBoR6p//b93Jf$R94K2OFIoXYHvoGmOtBVI6cVF5ROJG5LqdpZt.j2qv3
cracked  fvafocfz  $2b$07$RcKckgiYwuBOKLBZVfpIz.Ni68pv.O9QhkVzJSZC4ciwNJQVqq3aK
*** failed to crack  $y$j6T$AzpzmK2dZCjyZ7MJzuvZnCAahOppe2Wx1TZH8JFYxHzOyP9LBZXU165rU5lkT0IL$J27h3AFMP7x/i.n8Fn9AUwXz.nX2DGKSAilWMDO49b6
cracked  going318  $y$j8T$sv03WE9nMyXa6TjrT6ywHclqaOS8yARPhnCmBR.v2naaZQdSlmFT2gMGsMRceQba$u1UrEL0I/UZwWrIGBtGZHL1fJo9HrvQ/Ao2URuFxBM/
cracked  davanita  $y$j7T$h1WgjghkQHt.CwIsA7OAtzgMjPlr3b2C2ma5E.CNTd7cP7qxfNy5eHyvGoKgPtJO$9ukZLER6SRjcmyXUW.7E/zQJmxMBjRd95SfrTinA.T3
*** failed to crack  $y$j8T$j5ikB.h20c7s7yakaN0FAxNLXTsnA2kMNLYK78YEGSQyy8LgZSplLwLdwzVg30VP$w1oW8XJVA5iLMuz0VdvYxNlgfbSa4/FZeSRxpdoyiE/
*** failed to crack  ht6jvQV4MwJp6
*** failed to crack  $1$W.tOPEq0$MlXtvKPW2mZnJmSrs/MT50
cracked  keepholdingon  $2b$07$Vrictn/L1/zPQES8.igGMe4VaPbrDkSnFUBCe92Unzm76IhKseYOy
cracked  mrt9id  $y$j8T$MS3P6ziC5mtp9BjumZCoV.V2dgrHrBOcE2UWcBDN6aRp.W1/rT7/Azqq1uoSjImm$y4BSClkKrF1HDTWKomNFt6nRCAHg0HgIEtZfnSqrnY7
cracked  ready84  $6$rounds=1082$Eg1KN1bgSHFpBfRs$8imGwka9D6YthNk/tEAYHzIlUoteRQfmZHaRiewjw..BhgR3defpriBEuWdns3OdnzK.pSJKFFdrbVWjqGsli1
cracked  12k3wtvd  $gy$j6T$OPt6I57sj45qvrV6/iBqTVGMqGg2jQcYqi2Asv2tCapY8aiCIgLpi2V8xv1Bear.$1UqKKftYeYl4E9jhANoe7KbCPLlyRODXxm7sfCjpgG9
cracked  2Q5VhyA4  $2b$08$mMXqwbqxHlV8zFYLJn/bCOcPcgBOnU.bsEVbPcLNLjqJbOcS6E7Vq
cracked  serejasereja1994  $6$rounds=1057$hLtSK2vhMYR1zoDz$Cub3hm9wwQl6Y1Z8am/UmcMhCrV/CaLBxoGS5IItGQ61AGvnR0yQMG8CuEdDwo.M5keJEbcVWdiI6Q/bgNdjr1
cracked  addey23  $3$$77ab55adbc537703c250420a81eb56c3
cracked  Cthutq1994  $6$rounds=1041$ivDfIBDdU8LVF73E$104QWQtBGkKX9R3C6OMzL9Vrr2xwMaL05dyphJjs3gaJZwWL79LLLOHBhAKY2DKuiQvNeA5H2xerEF1BSbEJ21
cracked  rboqgj239j  $2b$08$u0n/izDhPCyS.U794ybwl..fzdX02qgRDFmcIixLLxha.SmFsTtDW
cracked  02468199  $2b$07$.5Csr0e.Y6b4INMxdbDz/OPNRMw.JrJr/vqFD7bHvaC9rRNO4cDQy
cracked  hennyb  $6$rounds=1241$Jg7FDQF.QE4hO0gw$bgzwTJ9gll8wUnS87EgQfCwGnGOCF3TEM5mHkkp1zh8SS49qR2e8cMhGHjN3QKnsxi0TnMtKb5wJ0SIIKB6vU.
cracked  200605048888  $2b$08$4kgpdO4JmNHyM8pztxK9/u9HcN5crw/RHCNINlPWmQ7yZQIHE5D4q
cracked  27344  $y$j7T$Ptf79IoYOu2BScrOAZojuWvJuxXdWVZrz/sfOEuBxjUhq2QOOSm8Pp0ys9dvEC.j$qfQX9EECQR2ppRryIdrErZ7dKYNmWE92MksFiPwtIO9
cracked  2345hh  $3$$aabbe69d23930818558da105ff35ded9
cracked  luxury11  $6$rounds=1376$M6oGiOO45fh3C5yU$nP4kuDXoSh/7WVJ2QIyxKFty.5Ne3utIb9RwB.3G15EXXngtY8PUelcI2LbfmWIhBrVKicqIs5qFTMFu1bO.k.
*** failed to crack  $gy$j5T$IyQjNCqiQzjsSs8GRlgf.MTUMkrMFiHA69rHS3o5JyUrC7Pk2zj8eQG6Mm.uwKHG$DpEACwOneTKS/Dbq04kq1FN9/lpJeI/l49Xo/VgtWR5
cracked  08081998  $5$rounds=1406$QbiC6fLKTKmvmfDa$n.2u4uIeo0AiM17Iivce5kkwQtXEoVYNomOuPNMJXFB
cracked  1ulj34v8t  $y$j7T$46/ujITa89jU8Cc8vgSOK1pUrG8V.9Jw9fN6e0TcGx3mReZl.NtZLcCwwX.mHWNu$iGvRYUSgplakp.0dQ/iR1IaUwAaFESKfDKaICKU/BQ9
cracked  08667334  $1$i2.mGcwT$F5qvbbtKjaJTeuVAhKh.w0
cracked  555555555555555  $5$rounds=1495$bgbeiMYeZyKcgkwL$R5QMC8iiHDXCGHIei16T4pDkmyuAczBzbW5bdC40aRD
cracked  zx38758740zx  $6$rounds=1341$Z.9bP/Kv8PhrS4g9$ix3k.GrCqBkfboOp1aOrcTelMo0AYGujxX6xCLRCH/oyKQqHO1P4MwPKwHdpLRvntmzMhG6JIEdmZoKxBuBvr.
cracked  2c729cff  $2b$07$dZuMTAeG6oHaA45xrawO5.5pDZi8A.pEozo2Dk8ijURhSTv.rrB0m
cracked  dmcgallen  $3$$f98013fd1c1827cc7e0820d2901acc98
cracked  NEBUL  H3Y2m1wG9RdMU
cracked  r9562876  $gy$j7T$ydUzSS1HB8q04eoQ71suoag8Q6rRGciU2INy529fmpPKcxiYWYQfaOipge2Fu7zM$DIAyPw8cDUFyVw7QNyV0JoCYjbMIniyPu7pzgvxPY/C
cracked  611492  $y$j7T$zgiD6aX4Q8D2zSAxnJC425ZwdTboXoOKNyejeFCB0SyRfQYb9/TGO6hiZXU/7N1p$ETcQyOPEupCP.yKYEf19EA3M5s2MFk/JfBlMm8XSPw2
cracked  skyboard13  $3$$fac87039f1a919cf777efa21efb736b4
cracked  Kaaos842  $gy$j5T$AzjthSFYUA61/KR0H28EORhCgogWdLPFTUQtpMH/InxbeRCiSrx7zEHvoisrawxj$nu72Ub9D5VdBMiaGHvm7KPk48GwMIHMVUyqGx1DJ7R9
cracked  yiJrzPxK253H  $6$rounds=1374$OVc85mLJheCwQBwn$0rKNYB5u7rwE7PfLqXdnCfqQXUXeMgTmir.0vdLZ2kkNCmThge9btv6HSeVYkxFdS7biJmbe7bwFV0cUfSCs80
cracked  Woppo87  $1$TddvfacV$fGFRsY2xAxmhyNB3.mGMj0
*** failed to crack  $6$rounds=1026$3EMcqvnUZlarcTVJ$gtIYQYcisFkyJyPnN.3QT16rTVfRMKg59F.BAlf/aqOtrCNRT2m9HdmdGXV1MBzfACaqUM9v3ZWKqLixBFOaq0
cracked  81271336gabi  $6$rounds=1259$WzX4pC8wQ/bw8Ybx$uC2ZhUsEQ63jX2OwCubqiS9Q5Hx6SU.ljCotCDNdmfyP1p6y9isPW9Oh05/DEP0xdt4HGMWiAZ3wF1rr3b0vi.
cracked  0719058  $3$$72a18d587c1f98312f21f02f5c64b9fb
cracked  pmstun  $6$rounds=1499$eli7j58dL0TrIuVE$udDMZMd1EeHRvMJxbhLXvbYNZm3XDD2dFignK4/N3H/S.0JF4FyN0HYQEHyx5oMygRfztUPDlBEuscjEPnkX7.
*** failed to crack  $5$rounds=1459$.Pnxdkt9t8hegus5$cihi42LIEodk2bYk0e4NgiyS5Uz6F5nHcN.tbq6xZT4
cracked  jheaspel91019  $y$j7T$6aV0l78AyYR10.KWOn5LnhEHEVzOml65peksbmeYPcfGyxdU3T/8Be6.EuQ9U6RE$xQHHtiCr7kBWEQdmcwMFqJULquIgWUenmaQPBK0cM/7
cracked  lazio4ever  $6$rounds=1480$LE98BNq45mltU4jg$/.9ZOnUK29ru/tiZZ/ciMd3BvJc9cNo2AEtn.5V4.MA4rzXOZzBBXpeIurFXpM.HJfnGJl7.SPP/19neUfaC..
cracked  xpzzy67  $1$X3KgV37m$.SUrWjbznv.KJHjs.fRsw0
*** failed to crack  $3$$b828e83d948a9714c0b5083ca5fb0fd3
cracked  ham1lt0  $6$rounds=1419$2IGCZ1MSDcvRdbI2$Dxp.R5YYdB6fv/wVwV1pkgljNyKtnjREzIFGFnxVDMuEo3xlgJ5gIl75bJEmB.w9hiD4/6lHuL/eL0DYkukwm0
cracked  37914  $3$$ae64f50abfe7e8efa1bf18e8205b752d
cracked  1968ahmad  $3$$7e1a5f7de49b9902ccf56f07d7152dca
cracked  lana2012  $1$IsADgm6k$V/RJMw6GQy20Y6ooDwcMg/
*** failed to crack  $gy$j8T$o7i/Z8LQnfQJITFWwAAF2BGY61lzj.VJ7T8YHTJYf05jWwDnVzz3vhkz/g/rzOI8$CVvYrz3zaNoZ6w06aPPT9/Df8fIbRSxY1xtUuBMR1v8
cracked  venichka  $2b$08$./Mcn.v4JoziEQkZ7RsXVOY3Wc/y9TKnsI1J.90JM2wNwaGzLX.G2
*** failed to crack  $5$rounds=1364$8YC.RCFTj1kT3RyE$TMDny6sZDzu6DWeZdxL5yO1U3hhqhdM5zhbqJi38ujA
cracked  78121131  $3$$9d43b9629f94a70ee3dd962b0394d6f7
cracked  liu092  $1$x7WRdgzC$K561mRbSXSIFzk7gigYSC1
cracked  tfranjr  $6$rounds=1318$QPNBlL1vi/XvO4f5$sC8PQ5OLRSIYNfGsccaKNflZfxafKnOr92hY3IrkzWFdyzD18UPr9P2MUhAPW0C3BAZcI87TXLGxQ7PrAGpFi0
*** failed to crack  $5$rounds=1085$Ji1mZ/rrABEfNytR$.SXVoa6jsk5ohy.Zrq2kjWFncyc.TQIllwlR9JLTsY2
cracked  kikubuta  $2b$09$FJN1Iu82knUOftPs9tODSeE.iBASP4snCx5RGz8L/PSMFXnv9lhje
*** failed to crack  $6$rounds=1200$CWSuY9TZpDpNs/Kz$rbOzALIWbEoDo3Z4tDTvkw4TQMpGKQam1nhxMHZYlh6JQmy1PYbEwDnokh7EGpnmhf2ZfD2P4zLfxbN2XTBX60
cracked  nunWBr2A  $6$rounds=1258$ZrTZk5HG5otDiVPY$nl22oulEY9fbxQdhEd59eSOlhpy46y.us/cHmMsPuorwslyEohmujMFi31cpZx3FXtyH3v9nNR7ch5VTxwPU70
cracked  tsirgis  $6$rounds=1057$RaRGG91joNRDY/r5$Je0/HwVBxK7xaiSjW53KHYKIbL.GbW.ltZs2HEsma4jTJIW8.lSfB2.ynCwWrhV82Ps.mn.xWcYHC9ruL7sE4.
*** failed to crack  $gy$j8T$3F9pYgxdH06F2rKWDJgLDfiI/BmuXb1iPhL8kEjXiqvflXpevym4Jn8fuaN3m.Zx$U4Wlykpq.i0xmW7lwPH6czPZptH662FmYeqIx6ShNu5
cracked  72elcami  $1$awpFjPRu$BOp30aq9Gb.GYztCKW/PI1
cracked  groupsex3689  $6$rounds=1360$8ygUpQEK0lwpjd9H$eIsfxjNaKBeBfw0TFsttKFhJ0MI.iHU1hWA85Tz58d1dkBb4.tk5Vrinjh46hl6BpIPDDZe4YvtsahN4aNIyk/
cracked  wo5av3n7  $2b$07$JcrsQZQxo1J2R.mjH4Mmyew32jZ6DJZvKmrDwqGzgBZ0FFdP2hLWa
*** failed to crack  $1$nhXAIUq6$/eM/kEbxffo9qJmWJqzj5.
cracked  shakejunt  $1$HXq9Oa/u$JaTXzxdbNdf4tDBthaFq0.
*** failed to crack  $1$NRNGv1om$u6FDzufh/sBkUGAkbFpAc1
cracked  moses123  $gy$j5T$zlarYh4zPvGj9MB4D0eERFuf97eaNMWE6B.BkjdBYHIwyYZsW1NvbOTwPCu3HoU0$Fr6Nl10aH.32uuEP2is5IC.JYSlvPmuVNVfg8eiWPx.
cracked  yankeescrsbu22  $1$Mt3EWitG$KO4/nbhBXak1qa3PeW0Dq0
cracked  881407  $y$j7T$w5R99ZIKmHDCppZkdLzJAeeMfxmnVKvdkMTwnB0Q4C.YDW6EEGqt1kmE318NyOBM$EZqN3L8gNTRM2IpUWW7hZGg9z3hfD5ZhaLRnHZMWyr/
cracked  21044784  $2b$06$8ydaRnVXcmPnu2tlr3/Jz.hAbjvbUojV.pwPVs2CrkTlxvGLGLbjm
cracked  5iX0UEED2uQV4IKR  $1$fGddCVxR$zmUF.Uu4x5QqRILu17cNY0
cracked  par1s3  x1ThywAAmjIdM
*** failed to crack  $5$rounds=1290$j/oZ7OPH6nU6qga8$Zb7WVdn5EsijL7hCy8YHLxJz1BfmgDnku9bBMXMmqR7
cracked  rauwish6161  $5$rounds=1468$onwFUd/rTblLxF4l$iGYsVA.RbgxwCjWN47ekjVb1/0DOOctrEnevxndeM15
*** failed to crack  $y$j8T$qRcxdjUd9y3uLlSfaOqht.IsgyF/nWixgIJQHMcGd8fqOLFtmxBxhTDZ7GP.W5JE$TypdeKGeR7XT/Si0H0cRr6/WiNoZGRYEoAGGmUbSDB1
cracked  2631mee  .4iYQ1L2RdQTA
cracked  Buste  $5$rounds=1327$tMLmgKgOwCWzUpER$aMAiJ9OME0TaRYmR1zLlNkhdJYzmjq7QhjOOb7P3XD4
cracked  66423725  $2b$07$cudnel/GwS/QWCxeJaUl.OlUJp6R9dVHUe6c2prS1QsK9cuTseetq
cracked  euko  $y$j8T$LRTqN06bhT2Qml90oszHHyyUonB7g5VQudDjv1bVPaBONaNrtaUcq7zUuNklEYQY$fLRVV9qwGmAHYnGLBIgfentlI7mSX6SmW793L9TjbaC
*** failed to crack  $3$$8eaf0720b81f89dec6162baaced598de
cracked  83EPMpJ2kNVl6  $gy$j8T$K9ACkgmwJGIeSQlQjQJclEE1WuMjQ5dAFY/kYTg2g1pU.j9KfQeGr3m3L5xaA.Jd$etglDDNSagRjRtJmH.BD0eDRW7yiiSMr.Y2ujswsWhC
*** failed to crack  $3$$c932a7e702824b9ebfe84163c6507457
*** failed to crack  $3$$86790223bfaf141e2dad4b0cdd41d675
cracked  grachr  $1$zmZG0fRG$1ZGLUeoiZz7h1M1eZMyYq.
cracked  johnjudy1  $y$j5T$.yX62q2s8HqfCPovo3m9OniwwH44jNyHXpfxRpln5H/g0ln8dHq/kkKEIe8hlNZU$AtyM9hlwMrGD2GxDJXxovADviPAMb/6egb.vi5gSvy7
cracked  netherland  $6$rounds=1418$zWfOw4igDPBV/xNS$UmxqDFe3l0SgDvrftpP6G/4I38it4NjzZcQEcQWXxrn4b53th2rE7oPepFwIeF2SMdTqTeI8apImALiPOQNLA1
cracked  1xqp  $1$W9R7Istc$HmsFiYRf2FbxlMG5cLX/j/
cracked  tcmayc  $3$$76012b08923c86ba953cbc632c4ef795
cracked  thaismenezes  $6$rounds=1113$i2qPRymqGdWanMnq$QyDVH6LeZvsNbmgyA24CzPfNPXTv/OcpqEG9qZRwf1Nugc4bwbVfNAdgMTH58hwghv/F0tLDV9e0lZQG5l8s10
cracked  craigm  $1$TpUpK13O$A/H.KsP7.CxJjJqAdEoHm/
cracked  miovirus  $y$j5T$yLVmTyfEAfGo./h7fpI29GRhSyLWEgo0aauwUjkGn1yQAm1w9WuDM.Fmu2Nl2AyJ$mL8hTu8bpgTZl22S49zR/Eh28/Oc5hhgJZgqWzBllf6
cracked  o49dhxhv  $1$4sTY8KlO$1Ugf/vwPM54jJQf4NZIrk/
cracked  w6kwauda  $gy$j8T$1lnOIaBsb4rz63UXT70v2jj6TgAiVfcgEKUyPw9Rl.QRubP5PAtFmRbaBx6qzqni$mmbABo7nKwHHEoeQTXJDCA1Zz41Yoy0azByPNbUMIR4
cracked  nbvjxrf199  $3$$798ce94df06fdb17e10cd9c8b115a4a3
cracked  ilikesex1  $y$j7T$seQbUP6MaVNarpBIFV3YwEUpcKr1a7PH4Bi1n4CApmjO1u0gmAFsV45a1xYcS6qR$5jdxuM2NZ48zeWAB4QmzPVACyXEY5AwVzv/TXeTC4YA
cracked  0348679360  $6$rounds=1151$wC0SmcYUWRDiUrCo$H379uvCOsp4eizj8/uGolN13wkIwvKL/vTUTONAaQFLmuT4PEiY.INTj60Jo7z5Q3wxIwrVvGbUeOAJ.thk5k.
*** failed to crack  $6$rounds=1381$aLmSNfBofbq5Q5wL$.doJjRxlFEF4n/AL5PAlxdCUUNljwxfbhRHUBazQT2rphB7rkllfhlV0Vy2n5brAjBXNW1fKd6387Hsz7/v64/
cracked  nimayasmine  $6$rounds=1265$ZP5Ki8x/ZeIcsVT9$7mPlzkAGgIUxCttFEV7HykH6qvaV0Vn.Rp35VEUwJ9M6kHEvdL0u1IniIcELdeid4DRaedryjW4phcTfbqHTW0
cracked  niggle14  $2b$06$hZ3zuSNmeCm6ClG3Ox0HmeFSlmm43o7GIYnV3b1Y58sBPcaQ9DpDq
cracked  mijunkim  $6$rounds=1196$9nzwDKIoGpSel52G$AG.i88qP8wVuUsKz4dRoOiGZvivVXR7DEp/j0EAiA4ni7pncA14xM91v8h4nuwyMM1MYxGcnNfK8YqqmgQnyO/
cracked  jad6411  $5$rounds=1145$jju57b1pmpO9/F6T$UKN7OiWr0SY6ftmRsz81vHLi6oCg4hLnVFJ3PFH6o//
cracked  w470rll  $6$rounds=1044$OO0v48VaXt.Qhap5$iVaQQzcSMk7ABrmWj33jTFjFZxuXY95RtWGTAE.G4QjLgn1V.Sql9DzdkVCgip9M.FP4QLOAY.l4UaC9f9BY21
cracked  3437368  $y$j6T$K6UqU3UTU.I3HX7xkgcegKncGmYPK94L1vraF4jIQY8tZCjg7ajw99.mbPmNY5QB$liACxSPHDUi55/7QaG/gqZEpGT9tgR7g/wCt/dZFjOD
cracked  dusifois  $y$j6T$ngqXzXKna1ux1owwnOhTTN2ceQ9D8pusW0JGDcCvAQg2gTxIeCkXOJRFVgZRXPx.$mZF6lhi3NNEn/fZ7TwiLleZGBsWGsKCBZDbhXD3/oY0
*** failed to crack  wWC7zdTJIyRZs
cracked  OPHEUS  $6$rounds=1437$E4EKHzO952oHJN7i$UKFHpdc0A1/o8IEPc0kmyq/ywipAC/nDg0IbfWQOtQUHmo4JQYYT7lvtHZC9OHaxbvHzWo/eP2JyjKyVuFZto0
cracked  3hr2I  $3$$e4b2dd2ad9e61e2a8e87f832cf9450b5
cracked  spd2011  $y$j7T$ozkqrq2jp1jQ2xEOASeU9IDtl2fpMhZSMPG9E6QrF13K9jAAuN3RhEMDnNy2Sa8T$aQ8NIyZE0MNaGvrfcu9O0o..IunbJsMWCCHLiOiVp48
*** failed to crack  $2b$06$q0FEYEFqXWxoFkJLpLRvtOZ5jsJCuw4Lmw9bm2szdE9cZe2z.djCe
*** failed to crack  $3$$01a00f25b706b997c9a51b4a4ecb3899
cracked  5jwlrkbv  $6$rounds=1355$plIv/lGJR.wYu4wo$3sWNbPFp7icf5oxYW9G6mLFXkgOVdBy6EgthiYZk4hHuwetfIfA5cvFS6Hb/79qKakv5AKSC.ofh94C7J/d230
*** failed to crack  $6$rounds=1240$YTI2SdQsFQuwhaBl$NvrnlnskZ9TXyy91Y3Pu3HMjwmFuQMAACjFgXL46xHT2r/SteDWN8aS3Przt1Eo4twXpLQx90esMOGPjF.ZPn0
*** failed to crack  $y$j8T$MezIBi5jQPoCHYvDS8/rOjBc3TufyWF/1ZXN6vZmPu2vV0Ll1I9x3v.jv4GFSkfc$Ql4dIGn2Td.bwmR7Fr1FjVv2M4CEvz54hzW9l5hcdV8
cracked  123456789_1  $y$j6T$Q.vMhnK7WzWC14QtAlsv.07C5hq2gavBM5TaazFTkmxpO1TnwKOBijarmLL60ddT$Hz.lBdOfXfhdWUlpH86cQyxtCqX5mh0Vg.oUKbMFwu1
cracked  23770  $y$j7T$rYQ8fMQ9brkMT7DuDWOsme39kvUL3nHZUUKmamG5NyRe2IvHrCdtGE8jeTflg7Uz$4gsPdtnE/umk02r82Z6t2WuUH5/cjlFv9Q2obGdOKuB
cracked  306432  $2b$08$D3hnTGey/ck9Afo60w05NO0x6AhSIh4M9V7VQdP92wqkeygLqLxo6
cracked  17091991d  $3$$869cea840b6dbdf410de78015c2e9a02
cracked  29199906  6XotgJXG6PuwU
cracked  s3ph1r0th071391  $3$$13d44b66316eb2488f1050348ad7e5b2
cracked  nblkcjs  VIvgzj/B53fjI
cracked  048338048338  $3$$d54aad520b5f55f6ad4a95b19408597f
cracked  pintkiwi  $1$cPYhXvmd$gPS9NkHcIWXMWZI8Q77WT1
*** failed to crack  $y$j8T$r/w7qHVAyPf3x00B4GZyuoRTPKlQnuDuIExiiwXFuL6vdqQPT63d6QNzwnOqL5HI$oFZf03bohXDRcNAdEbLvL037c4QwOTY1Ceq7aHIx9C3
cracked  eqiLAfUKEXa  $1$375ylD/j$.aHfLUzN8I51EfEqck.Dj0
cracked  s13243421  $1$mjkg6NPX$QICm00kcc1P7OZ.TTNm3E0
cracked  fg9cwtc209078  $6$rounds=1226$x8h39slrcO3uL40l$pTBmVp33Jz/ctscSqtFrbt601GAl0NIpA2b/jLaHwVY9ty/f5Trn7fydMTFcSfps8Ho/qWNa4MQJTx.KcIIDc.
cracked  spleanor  $gy$j5T$bQ4l0PIbzPBGWS/6pwu73n5WKIFfNY5q0l0r7oM24ygGjHGMeGfDf1fujeDH9IVD$evJkBLecP2xSlBXLuyWVbdrYn6B3ASup1xD/jYNP0i5
cracked  41014798  $1$/dRlQA64$T4J4TY4alnr/xbGSk9VIT0
cracked  haus12  $gy$j8T$YpH/EXbb38h2yHxwNVjOyFoVYVvMtWSR0FO9S1dN19h4XQV5QLhCBNz1YmhRsI2S$o2cwXKpffNUCrcJMG.6FaUbPfiCpzr5iAqDXJT81Yx7
cracked  jismail  $5$rounds=1318$0EUQKhwMaGClldgg$5K1nL9OmEmU9iDEV8Xl/LZDQXVrZ9BHbhVemIVpXAG2
cracked  akkbar  $y$j5T$BsgErJMrRt3Eb3StB71vak3EoV/bp51ZhGrjnPpbGlJb2pRIt6OQFQRC1bqW7eTH$gp.azaUdHDpIJySH1C.PLa1gayue4yMMTcT.56GsL11
cracked  NyPIDd  DqRezN9Xz1/JI
*** failed to crack  $gy$j5T$pi9P43czuF4WIH7UXHr396QQzZK1qZpLl21/Y.xrti4hefA9iekyZWCum.1B3JnB$2b.C/kIYd04ke2tX1.p3UdzNPYo5etdbeRuTvujcpd5
cracked  garygr  $gy$j5T$vyletHHxeJrDKYjPxP9FvU4xK13ckf1p.8enItHoYHfp5G7AjY1NNHEgjOV9a1cX$tWSMybW7qS.e1bTaA.J8P0ko5gPOelVLZMcPcV7AbL9
cracked  tr125ta  $1$2wSzyTrN$Xtup75GKY8/PswxgAHbSG0
cracked  6062052qaz  $6$rounds=1236$9IDbs8OckWDgA3sL$zhLa4goxAtxg31ySSVIYpgWUTo2LlhEPs3rrWahBc6ortX2vd9KGFd7M6dER3P8gmHc4aSXYTGEVEhEy.M7bY1
cracked  lykos812  $3$$ef6163b010c55168d28f089c29b26478
cracked  Bdthcrfz33  $gy$j8T$VSc8E0IrOrxqATIPyHXy8JL8//vOygw7Ni3Xqco3Ow0ar.rzK/x9tEpOmuvTDbKh$TpFtgwKOKaz0a6q9veng4bWXrppqzBekvH59i6E0Xm/
cracked  0003331ss1  $2b$07$9OvKPNm8LQERHTfDrnkYOulNHvtpjvbakYBk8F4IyPV0WYcyN/9Xe
cracked  1712461  $5$rounds=1189$dABYb3uxUOJspx7F$5kjEdBL7BeGA8W3HyRFuk9qLhge8Jy0l9b7zMsoms7C
cracked  hjvfhjvfhjvfhjvf  $5$rounds=1170$l1a.k5H8s7c3eZz.$1KAsy1CFOEnEoZhvoVxk/KqiI9g7eZNBwENptZxPjy2
cracked  Iowa6814  $y$j7T$RE0jC/mB6OpPflKZjutP1j2YS1WZEfGlvVsFpw6BpTGZYEBSdP.Donu12Om7gEYx$GPy.72ojoCFSTOeBtj0UIIFeYLR4vq7ePKcbkk6YE72
cracked  iyaoyas691  $6$rounds=1371$maQJ0uQ0VEkqJAG/$VdsgZcHi2WOwP1qLtdTmO5r1n6wTlzEjPGMVC/38..0jzuoB4/.WfUqGz9FOAANTm5qI4gFQkknGrKnOvX5bc.
cracked  Nika200785  $5$rounds=1128$ROcWCWtYQyMlMrQi$4fXQMPdvGamovupXr3.fTzpYEp7NHp1G5jLhCzVIjQ3
cracked  ammey2  $6$rounds=1347$7LvBRd0IRewsdOKl$MjXWWLlv/9wDWHAg2pMPQa10K.eJ8RXytPeCGMIQdyepsl2i/3i/s6hMf1ZEzY8l6YaaVaajlEmNooIkhU5sf1
*** failed to crack  $1$Q3kKYmLF$q6043usTZAYmU7rOX.U6f.
cracked  k2qvmv4d  $2b$07$TIF4VFlC2kwkL0639igo3ORlRP2rDAcklGykvqbLQ4Te/4RZNDEDC
cracked  oxkaktak  $6$rounds=1430$GJzwSQmiUuGnD3dX$FtB/7uJXvn7oc4MTEAGUiB98eBwd3cvt6jE2rR3DtQh3BJhj7W2TX5ttoCUuhRSf4t.L97EBaMtEmhzxJkFEj0
cracked  dianadiana05038181  $gy$j5T$J9ZeyAOrNX0UiOC02dVNS4NYUcqwj1RHAurFqLysWa3HBQQsrLu50eMSmbd9nnHL$LwL42701JzTaIqIZL9zDeI8Ev8gwX4xUZzoKX98isLC
*** failed to crack  $6$rounds=1346$tVfzEBcfbGBnCLzl$lF9uP16moxdbPf6nSQD6wktk3Ncgm3Ljk8j9LJUs33gqP47h95fqypEepeLjl9eZST65jdZy6Qa553cj9NBSd1
cracked  BIORAD  $1$UCS73yKS$fF0S3CFoJ2KUevxxtaLTS1
cracked  modern-74  $y$j8T$bHnsD2OXdrCOqcj3aNBH6fXIlC9I05RNLicngWl16E0.HDZ3HRRrJmqwFBkAxKA0$cAqRPTgDCWVAE4iIC.keXnMNc6Mp7rg2AUut4dKnlcA
*** failed to crack  $5$rounds=1446$HjGfE5eWW3v62wk7$S4903btpkG/SeTkE/5Y/w8wR157dK7zImRa0b3R0rfB
cracked  mutchpee  $y$j8T$GzzPsQmyRNk0kbsfiuGROP89marUSkaZg4XNv1UQcZUnBPYWhxsL1pwByZf9v99t$0cWhTFUthC3hHoy1jc8797C8O1BuJMehdQHruD2i4v.
cracked  824822202  $5$rounds=1350$fE3wEsheoRrJVxUE$FJcO8NeN/Zuc3Uscs1vS6.wnOYkwTQgYmT4oGeNE7C6
cracked  peppe14031972  $5$rounds=1141$Kl6sEt08By5aHBcc$UUwUt2NViqmajJMGTolfvEOly.BLjVtMWTugZ1.3h.2
cracked  4fByggWP  $6$rounds=1066$E/a6g1cL8cvnEOe8$571YLidTzZJEcl9OnvkwMaExEhjg6nH4Bdk7FQeqNu0tKxlsUDPSjEtKik22uHPSN52NOZn9vOdmRp4831Ex11
cracked  LOKA916  gLJBnQ34.dq4A
cracked  Dfctymrf  $2b$07$i3rxC7QmcwwTz.vPlmGTG.HFo1Kq6KvUkXFP5A/G0AkwDLEYj6V8W
cracked  pmn6zujf5mp  $gy$j7T$4qgBK2rv.1e.I8gPJzVnXXqx9TY8CZGpSBMy5DwGElpnSc8XmHDHK2hh78S2CgAc$kyWaQ1JatH.304jLr8NOwYdVrebobhMwJfScKeNudw2
cracked  spin911  $y$j8T$z75WKSGZktJ1UQNeN2IzO9zXF2SFActFTFLPuxCly7z00tOq0rdxHjyKFHjhsi3B$pIHpef.NrdmNWDd7BwwhTEEWZq/3jASNROI2y2cwym7
*** failed to crack  $3$$5245a66eeeeb878bfa826cb27562f783
cracked  12102007x  $1$Y9ll9dmn$vnDYZFNfKNAqWRecp1Q5T0
cracked  2czoy3hk  $5$rounds=1338$J5KCmiBT0oXEjhkO$Fl.3VcmkjEPEVSL7zHY9oypOkGeitVXOGYXyrUqrxh0
cracked  sps37059sps  $6$rounds=1213$thDAj0l1b1sTNqEj$at.aSACsifwf4Bh1tJrR1mFTjY.6QgnrXlRJNZBwvXxV4J/oQfr8./2N.OecSR0.Dgshn9vv9fqnfBd6xnOs..
cracked  10878  l.wqFljkeGRRc
cracked  Sn5oPYYJeD  $gy$j6T$Y5m0nHZL2xtuzUCG/RIfjjTaCapZBe2hypgujEKc87sSja/jkwBkmaSddBIjaHSF$F3l16B0N37YT7U.sbtq/5jdUzH6Q0UzcxngptIJsN18
*** failed to crack  $3$$7ae8982ae40a348faf1d467f04ec7fd3
*** failed to crack  $2b$06$psU3cxg/jSM3CgVu5smVB.5MaG.94nCcgdVP8MlAn8uSF91Iup/oa
cracked  1202thais  $3$$e60b2081cba617fc2a54d64fcdf51201
cracked  2204alexnt  $y$j5T$ZGczyYncmVMBlXEOdbg0F3ufigeqRteW7knw1Vs/L2APStSf9qVRRHppL3F18wbL$XyC6WnWD86.JExPir7yVArmYEEnShdMjrgSCvRc6oQD
cracked  renee01  $1$lI55xRM8$FNvG1B.1awKnyCGaZCuP3.
cracked  KEROLOSROMANY  $1$2YOSYYCp$a8dhoa431csAn8xJJBqGY/
cracked  21LFPMUg2QCck  $3$$f38812cea8d54c85afd786b3dc8d05ea
*** failed to crack  $3$$adb9a538aa001d7df99d24bb304d6839
*** failed to crack  $3$$48ed38b634d3a7134250862d393974f3
cracked  sshhttoorrmm  $6$rounds=1437$GlrV1icvReleF06V$/7TFdXwctFj237F6dpZREPx2XarAWDwy4bry1sJmyZmipTns7xCFuIvVDhWfVe6BzXT7rbt9sQCRoN4pF6/3v1
*** failed to crack  rijWxNyjN/iVI
*** failed to crack  $2b$08$K39b4X2q/2O7ikf0bPNmUOdpK.uYKfPHlc0YtvWZiuv/xnZe.8h3a
cracked  emfe97ea  $5$rounds=1249$mgNXGXpg/rNS5ZFE$N6tQJRS.2L5yoytSt5AFDNbzIf0xScLVFR3aBUHdhXA
cracked  scherrer  $5$rounds=1463$591x0IAg2SpjfOAD$oYSaHmc24/9Ivhvl4HkA0rVdupV.6zi.hlyaPATfTB4
cracked  666aitok  $y$j7T$KU3RYMoPZkYjcliGY2QKYVOb1HlUoXE.E2S2TQjIzEtMYV1wG7UgltvF5UB31InE$zO9pla3Ilds9Zk7HDq86jYSxaB694vykvVtcpXvfkxA
cracked  yCp4ERZL2Srdc  $gy$j6T$iXd1.pBzObc0oJAPULx5SuBUjDd2vm/pJyIM/F./GWTuElW.JQ5vJ/hwk71j3rrF$WkXCUrX1ABRonidqs414wsJksNMKunYlh0B4Bu./ip0
cracked  saloburger  $gy$j8T$ZKzC3vfQRZG.koMn7JMcgLoKg7c8ChV3NRIn1lyG5tuJ83Zas8a3r5hhdDRoxV4W$nLE4oAdwc6jnFtR4DXcjSCLj9wtnwjIgvLDPG/VHKuC
cracked  moralepa1  $2b$07$9RUL0ArqVwbaS968N21xb.bq9.c6ypehQKew2nru8YfJsKpRjtCCe
cracked  MMOEPG1  $3$$8f18ed8d4c8168dd2ddffc229408e51d
cracked  altamoda  $3$$576c1fb35ea2b0c48885ce0c26c290c9
cracked  cevhfr8097  $6$rounds=1500$n.0WFeRzZE3dhYa6$rZw4p/g6Cu7Fp.Ec5iIPAynJ9RBLXZYuf8N5VCVwOyiYBGGAc9cXo6uUShAy7pPSE9EPXhbqqbYoU1poMrXx.0
cracked  mowamowa  $2b$09$MVgarmCUU6xq6yKPCSG2IukGe1uXm7W6MJh7tMRC0qUqldNxHDRTu
cracked  e75d15w7  $3$$946fdb29a06fdb2af8d87c971ef0f422
cracked  bama0943  $1$haVTlcob$HLlF14fyCUtcYzYsxYHZi0
cracked  gedeon  $3$$3a51c319869bbcfaa748c2b761cd1b78
cracked  133349  xBgeMBHYFbK2U
cracked  fingsten  $gy$j8T$Y/OO96m7/MhzUC7VY6/ztGUcZ.8kapnSMJeDhGC0Qg6m21.PCUCDwBUQspfLTneF$wv3gVgOHDKJi8vosf/5XR.DhLGhkdQUcrTVN/Tc8Gk2
*** failed to crack  $3$$cb3f3ab6154c1b1f292a39de7c67c9b8
cracked  pulidita  $5$rounds=1459$mauQu.NIu/dcvAed$hbCWY/Qx2MerE3rjygljCcylyZ2DHva8c3sEUrh/ph6
cracked  151822c  $6$rounds=1249$MTAXj7dOT7bnj394$ANtNMOc8MF78B8A/G/Po9ch0UDFtxesnYhSjCjMUPXfMAbxSW8kcMgGEBWkcwOnJrAlODOmr4Ap5BA9Mw6ok10
cracked  cergeeva3113698  $gy$j7T$xgDAlMt2wyahFgQuBA/jW5wpzY1Aj0w/qcOm.NxwkNlsX7XJF873pANrYucKrNRM$kvq8Zb6AIhSdQ166FlX2P9WPQAJ7sCsKnuP5W7FYog3
cracked  bis4296  eEg.ttlGF5.Lk
cracked  blumenau  $6$rounds=1328$3QgMZnmkm.n08Jn5$LmlahFp55E3PdxqMjn2q8k0FC20Z6UpMnF.pcsyGm/Ai8BI.KrO.0zsMUbQU16xlqnXMG0p0.znECOky0mDrI/
cracked  buonquaemoi  $gy$j7T$U/tV1sR/klxKS21I1G098lzo2FgBGG5KDJv9F/IGhdv/mSqADuNwhRNjvLxv6377$fPdPd97tgTGKeDssXTXi.d0BRP8HcHUkoN2PI79jtr9
cracked  boatro  $5$rounds=1436$Fd3JuPoeL8HIZwz4$QbHRA0v/HOELZjmXtx/r47PX60ITDdkHIZ02bP7y4xC
cracked  milland  $3$$9c9fdaca6256c9c2911ed7212a0109a0
cracked  burlie1  $3$$d8de0ca736a3347886df759215ff4772
cracked  123+atina  $6$rounds=1481$kirx6Y8LzES2k7iM$DL4NFi2FdawHXCu6h8W.DRchPPmc7btb7Zu8EPS4Im8NOtMR9bI1a95UpQUacDdQkIkjNfvlamFlgKgMDZmPW1
cracked  samsung07  $6$rounds=1327$7Muaj6VAF/Ae0YP6$vQ3DBSy1hR7v/k5z6HCXBV.f.FrXY6QFtzacJJXumHXYfGMGCna/HyQRJUJV.AnPFWIKzvRxIWhq5cTWYBkEI1
cracked  prangel  VJ2fjZxxpWwMg
cracked  zydot01  $5$rounds=1229$nKBiI2dYlWIezauK$3S24ZujMjWfOJa2Oukepd.sq4FKd3UmpSY39WMsxKD1
cracked  ljd028  $1$Kl3ZVqRs$U5sXyvSeI6z6dmQzrzdp31
cracked  ipsaoaji  $3$$48fcd04f21b1971d30de3167f6df0186
*** failed to crack  $y$j6T$h2T/.eQsElpOCjtRCQqokP3qQ3f8WE4YpIaNtR2TUKpYtIojgf8RUGx7Wzlm8pJJ$fiYlSfMsiJabLMr2Hb3MbkVSkkLJIDtNXkB/QeFRCV/
cracked  otgonchimeg1  $6$rounds=1012$mSEZFocuotWZWqYN$vSFw4vexzBQxv8RzlOn2VyQSJxE/qb7jdMh5yQ0Vji4hskXC/wfxUndOntlrECrfQxdpAdrnOHOx/T2Cwqt36.
cracked  15041951  $3$$b7f282f487ae0b66788f80553f19ec87
cracked  104CO8eW76qbg  $gy$j7T$p0tDGJiwKDajJ2zoQZFClGTiLIuSJl9OeWokG7onLaieLqXuqqjJ/idt37LTQ6UE$ECGar8Jlvy5H8HHxRi73s4p/miepwJOvx3Uz9wYU3PD
cracked  Aa35533512  $5$rounds=1049$qPbAKYDc/sX80pH4$uGMcQN79Wf2dR183zhAOgp0tR2jYSVx7jiczdIWfiQC
cracked  princeeugene  $6$rounds=1042$/QDXa5F081B3Bvpw$dGdnflHjl76O7Vz6TmbRa61CDvhGtZkzOM2hVQKeR5z1RKIC8ishgk4JT1w0EUnifltgDPqveJnTK9SQ8qGhf0
cracked  stephnai  $2b$07$OmHxb4zcXCJh.CV7b32pgu8/N6uSASY6qj1YcZkrqPJ3QGde26RTa
cracked  1110959  $1$OmAsBeWD$XcpM3sw6V7mAOqm6mX0GL.
*** failed to crack  $gy$j8T$mCVdEtPLaxv4F7AA5sGBLiS0tVl6sAWqwSDE2Vde3KPnkEpKvopjZDib986pf7VL$01c6X.Rm1PwpF8GygUOW8LBISlWCt0jGHduQx9UuqXB
cracked  1b12c66  $gy$j5T$C4xJwsyn5J3zaE/rZGx.TkGCGsDryzwDb77pPPi7f3SU01QEf/7I6u6MjN9BM4dX$roGDi6p1C.CpT8JIiqZV1Ur1lFWejcqY8JIH2O7b8yC
cracked  fris9901  $1$Z1KoyDgl$TJap79wTWzKFTUmXHgagG1
cracked  darqlotus  $gy$j6T$y.l.NVmsX2tAIknTGTlDraPSCuSaY/Swl034WqWV7083GwB2QwvRftCN/7S.nJY7$qXti4myc0ncGTpSOZEpoeuXG64dvOG6Ha5Njw.SNed3
cracked  donotquit  $y$j8T$17GZMzxQQzpDDrIvHB81KT.PJPIFT0C3Nie7sj2noy1JDQs1OxqXbYfZTCb2FyUk$cBVVVE2v5xu/gJ8DUYN.MAtyie1WBz6w27owLdYJYEA
cracked  badeboy92  $3$$c1320d0f8e309bcbef827dfe8f0a0497
cracked  Tonsoffun66  $6$rounds=1211$DRzLtSB2NKfjg75B$/wTY/SM/6aSEF6lYI2wbllQQKzPBa6J2yo9Jmo2g4DDlWkLd2WqQce0PzlM0xIwPJhbpA31PT1ClI2ssZ4Y/J0
cracked  479027  $5$rounds=1477$wfXBpnAIMuR2tW7C$X5PILISgmG2bewqPGhjZs6zaRwtAyCKGamaEU2TQtZ7
cracked  splenden  $gy$j7T$CnwWdSStAv7/C6h9fjlPOqN.aIwri9LEkPKf3GAs8W7/qHz5owDKg2ZGshhiQFY.$C5ZXnzARBTjPEru11SG1V8djkpgoHeL66t4Vw3fL8a/
*** failed to crack  $gy$j6T$hnkvQWATvQ2nBo1o..NT1724Q9rffhiNQ52HcJHx8DIisyf8lYV.dndjTDdcte2Q$E0BJEbBD.0qF.ZpWC0iXiTnCSSy88KeHyvmNMuEusI7
*** failed to crack  $2b$06$PwyaIomboRKY3wSfyiUoF.J9qFXX2E5zRi6HoKZHV8isaT0Y4HLlC
cracked  botnya  $5$rounds=1057$CcxaQF8fdNre8TTz$L4fVKb.o.MBEuIq5ISEfeKrPirD6DP4J/PVLCfp.xu/
cracked  sktrn  $3$$041d47658efb8e4bd5210ae91ea6edd0
*** failed to crack  $6$rounds=1497$hNnfzRrSnD.UWLCx$A5J7muYt7JUeUlhaV83eIDpCXDlJpwojeOSEsKcxtEQlnR9YCDOU9krD5zve7EsawVAVbgYjqrG5pK.U0hALj/
cracked  jermo  $gy$j5T$farRNIEP2bfBAcwNccRwwG87Y7Ytu69WrpLuj7HFGqQQO4nVF4dUD0cqlXqjtDC/$VSpFYXEynvD6INP1yKlMkYgYCDDA4xjvgzywji02bi2
cracked  opendd  $gy$j5T$14g0/hM.1xKKF24Ey/ZxmAuwIcAD5jDntBCpsevZMYyvc6zesChJUfGmmyb33RaD$hMwcmV.5SiPjRk8j4R/jt2dg3MvRtVGY2fzgwRhqQg4
*** failed to crack  $5$rounds=1065$YQ/YlhT1djtVVP.Z$ufckS8CgyvvpnPvwonS7uPHFSv69mvWmciIXl.bZTGB
*** failed to crack  $1$V0krUDGL$3QdxKFSIZecrmaGHnpXdN.
cracked  77wB5HbE8a7fo  $6$rounds=1474$l1FD.o01dG64gHx7$iQsYY6lHeCNQ/WgUobqJjo2q3gK1izCg1QOHy64255AmLZzRegM/P1TAQZCxyvbM2MR9vDkORiswSNJHbGN320
cracked  jawa199  $5$rounds=1397$Z85lU6yS0aKyIOW8$2ykKmXjdei6hGs6TUY8RIRcSU4cDzuicIdiDNpcH0N1
cracked  KAYOKEN  EMWEWqCKNgZ.M
cracked  06011979m  $gy$j7T$i7F5cIqjr9n4I56Qn.uTz.mY/t06UgBrrV38rbhYBH1nI7..JtrdQD4yxn6VGT8F$u9dU/5uAPeIplqc8QAvLXC/7kKTIYyhP8g1O98a/j.7
cracked  13130743  $1$/GdY7R5k$TDGOThC2GTWxPx3JCvLxe/
*** failed to crack  $6$rounds=1326$03hn9WyESYNwI2Ni$kEm3Gpm1GlzxoLCB/u/vnG33VQR8GC1aoy1c5Zv.iZKZZ9bbQ8bTwmAt6awziWXmzATy2430cH23S7W9bfieT.
cracked  shovan88  $2b$08$04d2u3AtjU6ZtdlK84ObBuaR1V0wbZrQjrx6uthcW0UCNjbdQWXem
*** failed to crack  $5$rounds=1181$jzQtMIosZrh0aPoi$qwONUUKgYro2J2AO/s4kapHMp2BhtHgwNfE8IHH92tA
cracked  230698  jGF5t91OJjIHk
cracked  dbrnjhbz206  $6$rounds=1196$bLr8vNqMwJSFAdYJ$D9jtiFwXMeFXqCqbUz/Jwds.mCwYUOX4B7wIHUwbBpUSBphiLFHBNnwWhBcNz/g3GCCAbHcUuMl3x7zE1VoWs0
*** failed to crack  Q738YkP91FQwY
cracked  virginca  $6$rounds=1410$TCdYhmv5rLmFdtop$LzcAdxko5F2No8VG2t70CBMC3MsT9NqpaCOlpEluoK9rwDmH7iCdcGU6l9aHLOMdF4l0gfOuCnOJ1HRDuJEfP.
cracked  harleyjohn1685  $3$$f08cb67269fc8aa9b6bda12abdcf283b
*** failed to crack  $y$j6T$J6R7/IiL9OBnwZ1ZTO8dv3rgsYVDIIuT5yFzpf8ZAjcXAnzHzqDBUcc5gs9iHjE8$YdSPmuEEZisZBxEa2ILpRnj/rx/OCjci1woan4xTcpB
*** failed to crack  $6$rounds=1453$fmfjr15t7ET7TgVS$ruhUsiWTc49I3OmdP3UmDOAp4yDzm4wk1qze3lBna3Dh/lQ1TyD0AK59P2jbuWjj2Dc6sVsCFDUF9Z4v9QIKH.
cracked  nGPJa  $1$BMaEfumx$F/K7stlsEfKpwwQPDlfE60
cracked  fe5ipo9oxy  $6$rounds=1134$XJxpslzW0dD3bRyC$5ngtVvanBNkoR6RfkHr7xZ4BW0fvZ6xnqZny9smZTSNQqoQaJgZgyX6KAwxpsQ0yLNJKAVS5tR4IDdgKiocR5/
cracked  jijraecc  Ase8xCG0YOCUE
cracked  vitoria1998  $2b$07$xyQNgrMBJkTjTuPEOAIdau0xuBy1p1dxP1b22sgr04S0ldP1wiLTe
cracked  bY4qpB  $y$j6T$c3S3cog7dggsnIp7yacjB6YMKkEyTXCbPwwNIU24eFIl1KNMSW1d9tps2E/8TfmS$tPqGp9z5Wy6QH/EqVp/tmg7h8jauGOXBTsojfYG7kH.
cracked  fqface  $gy$j5T$MQ/H/wmTcOwXXOUJOeUsJSuFaEUTea6zEWkOUBPedqaLNt2qBYBbHyeO9KZw73.1$wjQEYzuqmdDf8GSmGAaHyTxEFWHz9H1/xZJFMJoWV87
cracked  glorf1  pHWOdGBJVUQCc
cracked  ltymub80  $gy$j6T$mYsw4Ni5r/o03VH2vr.TXimhfHC.r.rrTYDrGSYIYt09d1V3zFnd7lf4/.ttKSR6$w7atJjqPcHlYfeZaZFO6IR6L1lcDZuIgP3sf7musRE4
cracked  jonativa  $2b$08$cwcWaHNXZ9l/uWrmt/4rtuvg1paR9yNBYZ1e4IvX0B2v.pE8ZvqwS
cracked  baysal1  $2b$06$pdcXb0jjmuNbMQ3j3klWyO9WiyARIA16ELfg3gsvxi0oOjUB/BZTe
cracked  Allcor1  $1$QbSKBLFt$nEUdZzanwBAXPUuMYsU1A/
cracked  sakir811  $3$$8df1643b072675739c930b1cb33edce9
cracked  formions  $1$uUaRPGb7$hxraLl/6XOX/jBNmFiTyY/
*** failed to crack  $gy$j5T$/veF7k4wWqNRckWg54fiqAIlox9OvC788fNQE9IFVLAxt17ITLNM5lMJzcC4Wo.P$eLFbDkXbmQqByVYgCIxSDI929MySPoNemzxUql4sMM.
cracked  dasy2388  $3$$85b2b8c89da124b419d546ff0855f08a
cracked  xxx12345xxx  $5$rounds=1334$uTRBoNmbfuemo5Ve$S2BQxWgwtb8K.JTHsWN5nkmVMNUGu9zu3MTbeWiEdH5
cracked  290984m  $6$rounds=1126$MFD3A9zotsIqrxnE$B9pncshzjhNWSJX82xHDgOBx1GZ5eK53Bw4ommXusipewkdaXM2bywKJmb7.48.h0RkYOK2Ye5KlH.Y6tA8Xa/
cracked  hsmode1  $5$rounds=1076$kNn7H16fqS2RdmWr$c/GhPyEc2NPUnNabuaK/TXC5mlwsvvnfqRZ7qRgdVlB
cracked  Vannesa777  $3$$3ffa9b1b2d9b20a02d65de2bcd1bf4a2
cracked  sZWb2CBi  $6$rounds=1440$kEr7SinYrTmjJu/W$dymyhnNdbmboLiuOi1ERLKZMpX8qTLnGzueNnu7J7/GOtbTL2jSZUu9JcaAZXhoVDXA1Sce/dDfyUACPOUWkp/
cracked  Mugik1983  $5$rounds=1388$iDx2/2DhuDYscfoy$lqXOyzUZ3DxnPti5Tui/bxEdx1pCgKgVndWPX3tyI35
cracked  73SsL9  $3$$d0314672f1691d1a7193ddc7c12d897a
*** failed to crack  ecMPxOHZm/rAU
cracked  3fw1ymt2k  $6$rounds=1447$dJRQJ6G.uO7wkrLs$Lh.HXXGqWqiPKWCyT/OrFwqjZx.594pD5gYK5S/o9fJ7LaBm3cJtZOlIa7RqPmcKqgCgtFQ.i6/pVPUH7JsxK.
cracked  55sn2  $3$$29cc1075e38a965e85b38ef316a13616
cracked  rogueone  fyOrB/Rvw4cWs
cracked  JELONEK41  $1$EIudeijI$77boeCIrubR3F8A64MOeh0
cracked  5700140  $y$j8T$0W6pI3dNr/NfzCE7nSgx9Qfx/eTETTKKTYaVYp0ef.UCdt8yLkYZbBm6tuu.8Kce$qBCOoiM0kqMe5kPhTlUX6AGqkd/3OKZafQ6uEkV5nF0
cracked  banditweedsmoka_420_24_7  $3$$c11af1ef9a9afafee6beace256d278c1
*** failed to crack  $6$rounds=1267$Wjf9hQ6FRl4iTZQQ$mB/27wnLf/G4wFPWAF/EXAc/gHRlrXhpk7rfPb8jDS8LzjbcvrHwneuoyTIOzdXLXZpDLO603K0uQ2H7m3oSG0
*** failed to crack  $3$$fe15cc05d57d831332ce0d9bd4a22cc5
cracked  1016245a  $3$$47e7a07e910055689a6fc28df4908d81
cracked  550379inferno  $y$j7T$B8R.VIF0uYYNNJ.0upVel3wXZh.QGz.ve7t3NWSvx3dxFnWW4Y8aaU32Urj2c9j/$FFiL5Vqc.D9aZhgJQV0sLXyXib0RFBzjXCJsUlaOUA9
cracked  487254  vn0KMj/iXBSnw
cracked  rock377  $6$rounds=1294$5Sd/SuqvK624C66o$tkZZZULTkZDO4wSiW6NK09S7TsxM/Xl3zH.Uu/rBx58NXTkIEmdREjgMfRakb.cuqpphiioe656XlrDy55V2c0
*** failed to crack  $6$rounds=1466$kBZeCpL1ILJyYSOz$op7hoDfZvAXnN3WR95KyIrWv9OBfChv/GGVUUBgpSAGKHoNs9HL3GhyYKrAmYJqBLgD/L.OFdfSdVjxI8xb.i.
cracked  458533145  $gy$j8T$9jrAqHqlIpc90ggSga3D/0VZnhjgkfPUIn8J2o/g/1a8ZIM.PEXY8nb4XKyfyAEW$xCmwPW0cK2LZzSTq4.pJ5MsgfNP0cDTBFL6SQzWgdb2
cracked  albi1717  $y$j5T$FY.tj.UoWWm7yWtAeDvbv5/W1MBMYuyWQ3mfQ51uwZbziBtZ49c1GRG/CYakus0g$5m/a7rglcf/i6awhlKmE/.X.3U.6hdyg3GvLR6o.lf0
cracked  pasternak  $3$$0033eaa9fe4f140a0761a6e1bcbf899e
*** failed to crack  $2b$09$gr9e4EZukOVXnaD7OzsVPOcbrEjZezLEu6mjvov5OrgYtu6I4wHGq
cracked  scuSi32  $2b$07$OYplf.C9VBDaNkI7Aoy2Xei9GgDcO0KNFg4LO4P0r.0SXGaJkOwKG
cracked  170246  $gy$j8T$NP60kBlJW2hFvuUkJF3O4H1pNA.F.ukXm3DqGCLPsJJccejSIMN50XfTsLp0YO0y$QyhEZtSm8WqyGj5Z6gOr2HRyT0c8NasUtTErbKKV9T/
cracked  20071986  $y$j6T$2QLUT.TAVOewy4.eUCDlrED8WUp0aFNbRYvfkvwBuPg8th8GA/vL3LmWOmpwppr6$MiZ8BjUGVgTbJQ7cnGE91Yhx/ZZwmVNVWgelslULXm6
cracked  enring67  $1$Sre9b4wg$LwBkzrGZa989WBF3Azqf40
*** failed to crack  $2b$09$a72ru8cgzKhPq3MYShri6.GnI4vVvDCCqiHrhMWWi4IlVHwkCEkgC
cracked  Kjk44444  $1$t2OufRxQ$2xfZHNYF5avw.ER0Ah5uo/
*** failed to crack  $gy$j8T$.C2bWmiQlInBac96EeF7Ez2L.W9wpxshoJ0p0oUOmIp0jAG9uct.MK8LBIcvbHtT$a.dnI/9vxnLh/fzG.PWcmrc70ZI5C02hMNcqwhDJKL8
*** failed to crack  kR.1XoHw6.l92
cracked  aleksa1111  $3$$6d9365ebb6387b387c3f5fa32604af6c
cracked  liesle19  $y$j5T$HgY/dCy5AiaWgsJoA7K08SwvlX9cdQxeH8yShk4RENTI.h33p4GSSv/Wm1aZGLM7$CKZQrNaTPv0DJSZXhslx5Z7L0kQ.Rs2g07fh503zs3A
*** failed to crack  $5$rounds=1281$w2/bLF9k/5zjEmpM$iuWJwb4.nr2bT0WpEcz8XamLvmm15y9zIY0uVHRvYAA
*** failed to crack  $y$j6T$.5kouesTLniQUkGSMf5jsdslyI.Yuex4TU0wLVAiZc0tsXecx.vZdd3vDuPT9QuD$LDcF2rUJuSrCeD7MWRbA87upA1CJ1KiLQqx7yj2Jrv7
*** failed to crack  $2b$08$ebYNhEwoJ/MppsWpc3CitucSpitzNRwZbp5KZgbETNVB6iryKAMry
cracked  18elijah97  $2b$07$pZbErAu0V.1sJERUUqy/3.fP35eISNJcYrnyagmJuQuStd.t/AYam
*** failed to crack  $y$j8T$dN85n6hdDg.EgXaJkJFAplYBtIQYEXLe6teZK6.daZX6pO9jGOqSiOatriB.1w.Q$mybkensKJKa3r/fMk0xVZLR7AZlv.8G/jsxTpWnimo7
cracked  5mhPvd  $gy$j5T$cyWY4zT6oqwwS1TLDBk6HylJdLkVPesUTLq2VglONDs2934JxDbh27AzablRCfS0$yaCjd0C8UdUtbZ7NxEL431a67yCGeOC.fmsmWSO4RgD
cracked  yfl.irf  $y$j8T$n0j8C4ghvDlFOjGto1H8wn4dawoKmt/VqLrrm1Jw/tMT2CnPOEfle6JbgnHRnphJ$d/kMtTdPCrvVkrQ/XhW6UIjbFKXfC8gakAIFJazzhC2
*** failed to crack  $gy$j7T$XvujWPinxyVPvMxAM9kFHqd3p8FP/ZuiAyKY4PpDWGkqXxXXtU.eRU4VHRR9cRBO$nmZLf.bSxZ2EyiM2g.oqsP1CGCBxydJsgiKlNP8.Zh2
cracked  8841537  $2b$09$he8INTUHWJmQ55cKTSw5fuuQt0.shMBKQJ/r2IkBP4XboEB5suPdu
cracked  150502LI  $y$j8T$qSLQYE6Cq0a4MbbxdHJlgd49lKwtKALvjx6mpQMUyeo8o/6NqEU2Pu5OegpzGpyM$7m8ojVvY0mc/mKAErwhOJFdDo8wXMuB4PMmQ5/9krQ5
cracked  27v20i53t  $2b$08$mCH/Nx/EbRCMfNJqGI8DJO/WCJdnr8YHVea9yNHrAi8d6w6yiimeG
cracked  211078n  $2b$08$FYwblyd9/s4zVhKDXEGH4ewbeiVv7P1leK32O.03iB3eGQEhtEhCW
cracked  jonasamov6  $2b$09$GNE52XKgeMWxNQwK7pa95ebAl0kSFq574d0rE9MCjAREi6DBbJsnC
*** failed to crack  $2b$09$dcn.OqIAsB9H2bvTXSfRQedzQcsWkrlfl6tTfu7eQZtaAWB0AaJQW
cracked  doodys  $2b$09$VMkDarO8jiKlrRKt1ziqLeCh0HOr0eWIV9NVdEWdmbSthsTQrsNjq
