cracked  ch197183  $1$QYvSd0wc$Xb3rtgw92PayY/sI9grN2/
*** failed to crack  $1$1BCbBAow$LeKE9Fn5mJJZ1MwHko0Wz1
cracked  0402100237  $y$j7T$nb6sCfuoxCpI5z2QuBS3enhYMVzcmxnSU138HyPNh0gUkFxcjGFQpNWLhz7pWuOf$PRWdDADaWcpPOLB5TpZXX8BcHRcr1Vzd9jlmF/q0Xv3
cracked  cY2piZ45  $5$rounds=1265$Qrys1ObnW6DN3H7n$0bIiopUFtOvn0jCLsMpradlaHjiLJyfrvujn9GtuP.5
*** failed to crack  $3$$0738a04037dcd671b395ec795037338d
cracked  blue77x  $2b$06$9GUW8naMyUPIYlOpPuo7RefDdpVf7nk9zfcyENX2KtG0j46XNVz9u
cracked  s9kp52WvqX  $gy$j5T$NOPKvAmElLGZ9Ticx6e93huG3BFHZysLfvj3rTV4duKwAUJ.JEHpfG1uaw5WZJ0y$eRcwDPwGyQI2leOU2j5EHnPHmwPuu0pVWVTpBOzyw99
*** failed to crack  $gy$j7T$vYCXQYGr0lYOv2fj9BNeWHIFhhGf30s/tppLsp8tqrVDwStcyelHcHxSY.3FcIsW$58AMT5HSuoSJumpuXCoc6RK5zOpnLhWnaJMgmUPdiaA
cracked  lagger  $gy$j5T$nmnq9iMST/hzyAJn07WhVlhc2rkN5iifVUHbBDQmmAqxLW8hH76PtdzMWpr0o2Oq$MBLFvEkC1k/9yz3UCO7HMofjTzetVB5FoBB8XmUqZBB
cracked  bkmvbhf1982  $5$rounds=1023$seGuHLoQLhBsgVa8$yFAqieU3I.5/UX56JUlE1DnC/6IWQOBLyuHk5IvJEjA
cracked  c36dh6iz  $gy$j6T$czizHR3OFigZRZr9v29AjPgs6UxhE.DwFMy.mp3er/HsSItJBiUFxTmgc7xpGqzn$7fXm/uFUIVK9k2uVYbKKxHAzDvX57rTddUuJR6NDifB
*** failed to crack  $gy$j8T$1CPEn.8n83atvXlVIGbkd7AswQIiB9dzvIeUWtqcLq23Et0OA8Y.prpcsNE23DUI$5iQfAgbFGRcTPUWE85v9MB8h02QYTq9THfjIP.Sh42C
cracked  carasue  $2b$06$hvKT.fY0NeZgVQoIOjNQS.3zorymLEDASMBrqGBj7m.OHu1uXXHuG
cracked  QhPaKoW  $gy$j8T$vkeWqAOpQQ8zUKncvcICoEHp8hTj/zp0YlBR3gpR058lBUKQSBNR74DIXvcmtNvb$wkvKjk3FX5.1qom8Ia2PU8L0nx3Y3OgCeBS8KktjUr3
cracked  37884321  $3$$f752b63cb43a59dd98aa350f187779f7
cracked  pmustangs  $3$$93de67c66b2f98e395ba9acb2a3e95eb
*** failed to crack  $3$$022b2dca7b3d718ba520177f13178835
cracked  skwss  $y$j7T$JyQiE7Nt0MS5rGWOi0jYRxBhCjnaM9.Il57FC7UBmHwZch5.XVBqOISdPye07ypn$tT.pEVoh8f/957f6l70xyeS/G0mBLFD8YAckF4LLXa8
*** failed to crack  $1$DPLlDbGp$mjswAr7lh9Att5tKd.jIO/
cracked  096m9772939  $1$TfZBtxaE$mdwpyWyr66bbQZq3EpsNh.
cracked  0502835084esenia  $2b$07$K/ogMOrGq/VADhO0YuEca.0xy.u2LSE03g1LwsOIRoCWmCzpclaFG
cracked  aA3434  $gy$j7T$nKEWjfgiyEavWXOGMwsQoRn.IlMcK/Ure27jb0VKpm6h8oGCs/6H7m9.N.8yVRUM$q52pVXfQhOaKy7Ign5SJjqB32ZMPHww6YarniqUbma6
cracked  tirf05086  $6$rounds=1453$wT1oGVWtYbtk8oGL$xv/fRD3m3SRDCMvJUstJcfdlU10q9fa5bu9UE7KMMHk3CpMwgoHu8V1jQEkpN/hTfeK/oA/.oAcEw/ijRy5AD0
cracked  neisa454007  $1$rqzMy2Iy$0.iFsSv.nW3qqHbZyvtrw.
cracked  GATTACA  O6TgIeDbdwURA
cracked  tk101056  $5$rounds=1431$ViWFs/MjsKjHjCu2$W1zDx/C20.0dhIbeXFd9zLt0Z6kpKea3URguUW7EIW2
cracked  jmcjlc59  $1$5o3/V6ar$qglbwraczBa8qs6PzRw9G/
*** failed to crack  $y$j7T$MLI9tuQtvHgfNs8w5PBfgsUpK.V1Dm69bSh54cwjznOG9fZjrgsOVV.bQia4SNID$Naf7lzQZeWfSf2OzMbaigEQqqC4/jvFEt3LtTnzs0mC
cracked  213021  $6$rounds=1269$qLXG/QH8NG4kPJ2z$9pu1IO0V5g67eshoj7XZK1G09TIX6ttn3NhC/B0Z/0YjMg0RxI2POfq1ZZvgmrLiCkLO2MOgBG2IBhkztucL40
cracked  1939iwan  A4WmQ.znIK0Kk
cracked  cvtout  f2Eqpuup0PLJY
*** failed to crack  $y$j6T$.Unavef8Hf241K5/kaCctsBLsis9NUUwTrO2eIWISCPKxMzj83ESS9G1L7kFO127$0.ZhCwrLg0JY4Q//G/HRSz7Zk71fGZ9vzb/MeJfQwlD
*** failed to crack  $y$j8T$jp0YDuLutSdkGi.Ph6Arq7au7TtAZLfbdMNfkTbIVXM8uMg7lfb3kn/xEhb4Hm2q$MUXLQwodos9R1InL3YqAgOy0QkEA6ax979MKsz5zve2
cracked  berenice1  $3$$515a543d7b43d11f2f64fb323ef75583
cracked  98489521  $3$$47d0d8507b96ef1f1fc2b03554cf65e8
cracked  aaKknalyYWnKE  $5$rounds=1443$pITqZJSfg1dQ6gLu$Z4PasWzMH.L7FWBi1ksaJwJ8Yxm4tc8mC8uirIocPQA
cracked  nutzzz  $y$j7T$c1Xq4es47FOLcxo31QbwfQxZ7BXomzX6Z/RI8iBkFZBvtOskFCSvW2moTVc8l7.x$/ssOSe2RBWGO2v0SkoCvvaM.L.W99oQpp4lK7frDhF5
cracked  shady176  RkbHiJmI.cZQk
cracked  jg5245  $y$j6T$T9YW5Ct2f0kI8OeP/K.VhvgykDdDFe1KHV8nvrAnmI37grNSC7UaCB/6Y.grl8Rh$8BRicbUzRh9SWEWFJ0RnvxMQB75qknd2z2LzEwjHPv1
cracked  19821306at  $1$VktDNXLw$ekHUTjW1wUASELDKRwxze.
cracked  morsak  $3$$caf4bcd49fec2fb982ccd893cf38d081
cracked  1936111p  $2b$07$GMIGV.N.xh2cO2bJDTjqrO9nMiV1u/CiHRDBK/deRF.9WD9rgTCum
*** failed to crack  $gy$j8T$c41HJq1Atr9lYAtcUGjOTKavSOQGKGr3XOA0Y6jRWCdd.CvlK84j8Trsz85BQnbs$UhCBBJglu3L6dAJJFTNpw32p/4DBswh9JqnLDyXe57B
cracked  chicopv  $2b$08$RbvkTahwnu4fYx6mh77EHeWpRl5pXvNlbdFADswR4H/ak8ecV1hTS
cracked  251174  $y$j7T$6SbVf8fnxzWtYHGzr6E4SM10/CI4owWfMRHPKBmW2SiCK5mumetEVqcoUWk6uDm0$89VgQDUVEfi3XKXmAnwJ/0uxIpoxyZwfHy2rkfPhb77
cracked  tofiq3  $1$LyhfewiL$LhO/5RISQ.cmsyohh3a1r1
cracked  cornutiduevolte  $3$$e7f0fc1c6f96fe96e21de4a3ecab513e
cracked  cyb7lhj3  $5$rounds=1187$m3A4/a.l.FbHc54t$3IfPrJg9QF4EMGHCEdITxah.fcAUP7h5EumIO8HY9f0
cracked  12181983  $2b$09$cmQLR6UkBxe3bksbdmLVwemjZefB/6JIz.5olM7mIV2Q.KNeaCvO6
cracked  erty356734  $2b$09$O1Zi7RTGTE1pmH/8kynmceajyYBq2zee7Ufsz0F4SzX8vNSSOPT1W
