thread:  8   193.22 sec              DES:     3               NT:    14              MD5:     5           SHA256:     8           SHA512:    19         YESCRYPT:     6    GOST_YESCRYPT:     5           BCRYPT:     6  total:       66  failed:        8
thread: 13   193.43 sec              DES:     6               NT:     7              MD5:     4           SHA256:     8           SHA512:     6         YESCRYPT:     5    GOST_YESCRYPT:     9           BCRYPT:     5  total:       50  failed:        3
thread: 18   194.25 sec              DES:     2               NT:     7              MD5:     8           SHA256:     5           SHA512:    10         YESCRYPT:     7    GOST_YESCRYPT:     6           BCRYPT:     5  total:       50  failed:       11
thread: 11   195.01 sec              DES:     2               NT:     5              MD5:     3           SHA256:     3           SHA512:     6         YESCRYPT:     5    GOST_YESCRYPT:     4           BCRYPT:     4  total:       32  failed:        7
thread:  0   195.10 sec              DES:     2               NT:    14              MD5:     6           SHA256:     6           SHA512:     8         YESCRYPT:     6    GOST_YESCRYPT:     7           BCRYPT:     6  total:       55  failed:       14
thread:  5   198.14 sec              DES:     4               NT:     2              MD5:     4           SHA256:     1           SHA512:     4         YESCRYPT:     6    GOST_YESCRYPT:     9           BCRYPT:     5  total:       35  failed:        6
thread: 12   200.20 sec              DES:     2               NT:     7              MD5:     3           SHA256:     5           SHA512:    16         YESCRYPT:     5    GOST_YESCRYPT:     4           BCRYPT:     4  total:       46  failed:       10
thread:  4   200.50 sec              DES:     4               NT:     6              MD5:     7           SHA256:     2           SHA512:     7         YESCRYPT:     5    GOST_YESCRYPT:     8           BCRYPT:     6  total:       45  failed:       15
thread:  9   200.56 sec              DES:     6               NT:     8              MD5:     7           SHA256:     8           SHA512:     5         YESCRYPT:     8    GOST_YESCRYPT:     8           BCRYPT:     4  total:       54  failed:       11
thread:  2   200.78 sec              DES:     3               NT:    10              MD5:     9           SHA256:     6           SHA512:     8         YESCRYPT:    11    GOST_YESCRYPT:     6           BCRYPT:     5  total:       58  failed:        8
thread:  3   201.01 sec              DES:     2               NT:    11              MD5:    12           SHA256:    13           SHA512:    10         YESCRYPT:    14    GOST_YESCRYPT:    11           BCRYPT:     4  total:       77  failed:       15
thread: 15   201.34 sec              DES:     6               NT:    10              MD5:    12           SHA256:     7           SHA512:     7         YESCRYPT:    11    GOST_YESCRYPT:     6           BCRYPT:     4  total:       63  failed:       15
thread: 16   202.44 sec              DES:     5               NT:     6              MD5:     5           SHA256:     4           SHA512:     8         YESCRYPT:     7    GOST_YESCRYPT:     3           BCRYPT:     9  total:       47  failed:        6
thread: 10   203.09 sec              DES:     6               NT:     5              MD5:     5           SHA256:     4           SHA512:     9         YESCRYPT:    11    GOST_YESCRYPT:     7           BCRYPT:     5  total:       52  failed:       13
thread:  1   203.48 sec              DES:     5               NT:     4              MD5:     3           SHA256:     3           SHA512:     5         YESCRYPT:     4    GOST_YESCRYPT:     5           BCRYPT:     8  total:       37  failed:        9
thread:  7   203.77 sec              DES:     6               NT:     7              MD5:     5           SHA256:     5           SHA512:     6         YESCRYPT:     5    GOST_YESCRYPT:     6           BCRYPT:     4  total:       44  failed:        3
thread: 14   204.98 sec              DES:     6               NT:     3              MD5:     6           SHA256:     3           SHA512:     9         YESCRYPT:     9    GOST_YESCRYPT:     3           BCRYPT:     7  total:       46  failed:        5
thread: 19   207.61 sec              DES:     8               NT:    12              MD5:     5           SHA256:     8           SHA512:     8         YESCRYPT:     4    GOST_YESCRYPT:     9           BCRYPT:     8  total:       62  failed:        7
thread: 17   229.15 sec              DES:     1               NT:     0              MD5:     1           SHA256:     2           SHA512:     1         YESCRYPT:     4    GOST_YESCRYPT:     3           BCRYPT:     5  total:       17  failed:        4
thread:  6   232.11 sec              DES:     8               NT:     6              MD5:     7           SHA256:    14           SHA512:    14         YESCRYPT:     6    GOST_YESCRYPT:     5           BCRYPT:     4  total:       64  failed:       10
total:  20   232.11 sec              DES:    87               NT:   144              MD5:   117           SHA256:   115           SHA512:   166         YESCRYPT:   139    GOST_YESCRYPT:   124           BCRYPT:   108  total:     1000  failed:      180
